<?xml version="1.0" encoding="UTF-8"?>
<robot generator="Robot 7.0.1 (Python 3.12.1 on win32)" generated="2025-09-22T08:10:57.532328" rpa="false" schemaversion="5">
<suite id="s1" name="Fakerdata" source="C:\Users\sharmash\automation-framwork\tests\api\fakerdata.robot">
<test id="s1-t1" name="Creating Fake Data" line="10">
<kw name="First Name" owner="FakerLibrary">
<msg time="2025-09-22T08:10:58.476700" level="INFO">${first_name} = Abigail</msg>
<var>${first_name}</var>
<status status="PASS" start="2025-09-22T08:10:58.476700" elapsed="0.000999"/>
</kw>
<kw name="Last Name" owner="FakerLibrary">
<msg time="2025-09-22T08:10:58.480701" level="INFO">${last_name} = Keller</msg>
<var>${last_name}</var>
<status status="PASS" start="2025-09-22T08:10:58.480701" elapsed="0.000000"/>
</kw>
<kw name="Email" owner="FakerLibrary">
<msg time="2025-09-22T08:10:58.485701" level="INFO">${email} = fhayes@example.com</msg>
<var>${email}</var>
<status status="PASS" start="2025-09-22T08:10:58.485701" elapsed="0.001001"/>
</kw>
<kw name="Phone Number" owner="FakerLibrary">
<msg time="2025-09-22T08:10:58.489703" level="INFO">${phonenumb} = (245)759-2606</msg>
<var>${phonenumb}</var>
<status status="PASS" start="2025-09-22T08:10:58.488702" elapsed="0.001001"/>
</kw>
<kw name="Address" owner="FakerLibrary">
<msg time="2025-09-22T08:10:58.493704" level="INFO">${address} = 7256 Jones Groves Apt. 897
Brendamouth, VA 56832</msg>
<var>${address}</var>
<doc>:example: '791 Crist Parks, Sashabury, IL 86039-9874'</doc>
<status status="PASS" start="2025-09-22T08:10:58.492704" elapsed="0.001000"/>
</kw>
<kw name="Log To Console" owner="BuiltIn">
<arg>Name: ${first_name}</arg>
<doc>Logs the given message to the console.</doc>
<status status="PASS" start="2025-09-22T08:10:58.497704" elapsed="0.000000"/>
</kw>
<kw name="Log To Console" owner="BuiltIn">
<arg>Last name: ${last_name}</arg>
<doc>Logs the given message to the console.</doc>
<status status="PASS" start="2025-09-22T08:10:58.497704" elapsed="0.000000"/>
</kw>
<kw name="Log To Console" owner="BuiltIn">
<arg>email id : ${email}</arg>
<doc>Logs the given message to the console.</doc>
<status status="PASS" start="2025-09-22T08:10:58.498705" elapsed="0.000000"/>
</kw>
<kw name="Log To Console" owner="BuiltIn">
<arg>phone number: ${phonenumb}</arg>
<doc>Logs the given message to the console.</doc>
<status status="PASS" start="2025-09-22T08:10:58.498705" elapsed="0.000000"/>
</kw>
<kw name="Log To Console" owner="BuiltIn">
<arg>address: ${address}</arg>
<doc>Logs the given message to the console.</doc>
<status status="PASS" start="2025-09-22T08:10:58.498705" elapsed="0.000000"/>
</kw>
<tag>Test Type: Smoke</tag>
<status status="PASS" start="2025-09-22T08:10:58.475699" elapsed="0.023006"/>
</test>
<meta name="Environment">dev</meta>
<meta name="Test_Suite">fakerdata.robot</meta>
<meta name="Test_Type">smoke</meta>
<status status="PASS" start="2025-09-22T08:10:57.658308" elapsed="0.842397"/>
</suite>
<statistics>
<total>
<stat pass="1" fail="0" skip="0">All Tests</stat>
</total>
<tag>
<stat pass="1" fail="0" skip="0">Test Type: Smoke</stat>
</tag>
<suite>
<stat pass="1" fail="0" skip="0" id="s1" name="Fakerdata">Fakerdata</stat>
</suite>
</statistics>
<errors>
<msg time="2025-09-22T08:10:57.650306" level="ERROR">Taking listener 'allure_console_listener.AllureConsoleListener:results/run_20250922_081057\allure-results' into use failed: Importing listener 'allure_console_listener.AllureConsoleListener' failed: ModuleNotFoundError: No module named 'allure_console_listener'
Traceback (most recent call last):
  None
PYTHONPATH:
  C:\Program Files\Python312\Scripts\robot.exe
  c:\Users\sharmash\Downloads\QAS-ZinniaLive-AutomationTesting (1)\QAS-ZinniaLive-AutomationTesting
  C:\Users\sharmash\automation-framwork\%PYTHONPATH%
  C:\Program Files\Python312\python312.zip
  C:\Program Files\Python312\DLLs
  C:\Program Files\Python312\Lib
  C:\Program Files\Python312
  C:\Users\sharmash\AppData\Roaming\Python\Python312\site-packages
  C:\Users\sharmash\AppData\Roaming\Python\Python312\site-packages\win32
  C:\Users\sharmash\AppData\Roaming\Python\Python312\site-packages\win32\lib
  C:\Users\sharmash\AppData\Roaming\Python\Python312\site-packages\Pythonwin
  C:\Program Files\Python312\Lib\site-packages</msg>
<msg time="2025-09-22T08:10:57.654307" level="ERROR">Taking listener 'DebugLibrary' into use failed: Importing listener 'DebugLibrary' failed: ModuleNotFoundError: No module named 'DebugLibrary'
Traceback (most recent call last):
  None
PYTHONPATH:
  C:\Program Files\Python312\Scripts\robot.exe
  c:\Users\sharmash\Downloads\QAS-ZinniaLive-AutomationTesting (1)\QAS-ZinniaLive-AutomationTesting
  C:\Users\sharmash\automation-framwork\%PYTHONPATH%
  C:\Program Files\Python312\python312.zip
  C:\Program Files\Python312\DLLs
  C:\Program Files\Python312\Lib
  C:\Program Files\Python312
  C:\Users\sharmash\AppData\Roaming\Python\Python312\site-packages
  C:\Users\sharmash\AppData\Roaming\Python\Python312\site-packages\win32
  C:\Users\sharmash\AppData\Roaming\Python\Python312\site-packages\win32\lib
  C:\Users\sharmash\AppData\Roaming\Python\Python312\site-packages\Pythonwin
  C:\Program Files\Python312\Lib\site-packages</msg>
</errors>
</robot>
