<?xml version="1.0" encoding="UTF-8"?>
<robot generator="Robot 7.0.1 (Python 3.12.1 on win32)" generated="2025-09-23T12:11:37.564528" rpa="false" schemaversion="5">
<suite id="s1" name="Dynamic Api Tests" source="C:\Users\sharmash\automation-framwork\tests\api\dynamic_api_tests.robot">
<kw name="Background OAuth Authentication" type="SETUP">
<kw name="Setup Session">
<kw name="Create Session" owner="RequestsLibrary">
<msg time="2025-09-23T12:11:38.022527" level="INFO">Creating Session using : alias=api_session, url=https://login.qa.zinnia.com, headers={},                     cookies={}, auth=None, timeout=None, proxies=None, verify=False,                     debug=0 </msg>
<arg>api_session</arg>
<arg>https://login.qa.zinnia.com</arg>
<arg>verify=False</arg>
<doc>Create Session: create a HTTP session to a server</doc>
<status status="PASS" start="2025-09-23T12:11:38.022527" elapsed="0.000000"/>
</kw>
<kw name="Create Session" owner="RequestsLibrary">
<msg time="2025-09-23T12:11:38.025527" level="INFO">Creating Session using : alias=api_session_case, url=https://qa.api.zinnia.io, headers={},                     cookies={}, auth=None, timeout=None, proxies=None, verify=False,                     debug=0 </msg>
<arg>api_session_case</arg>
<arg>https://qa.api.zinnia.io</arg>
<arg>verify=False</arg>
<doc>Create Session: create a HTTP session to a server</doc>
<status status="PASS" start="2025-09-23T12:11:38.025527" elapsed="0.001084"/>
</kw>
<kw name="Create Session" owner="RequestsLibrary">
<msg time="2025-09-23T12:11:38.030178" level="INFO">Creating Session using : alias=api_session_bpm, url=https://qa-bpm.se2.com, headers={},                     cookies={}, auth=None, timeout=None, proxies=None, verify=False,                     debug=0 </msg>
<arg>api_session_bpm</arg>
<arg>https://qa-bpm.se2.com</arg>
<arg>verify=False</arg>
<doc>Create Session: create a HTTP session to a server</doc>
<status status="PASS" start="2025-09-23T12:11:38.030178" elapsed="0.000965"/>
</kw>
<status status="PASS" start="2025-09-23T12:11:38.021527" elapsed="0.010616"/>
</kw>
<kw name="Set Variable" owner="BuiltIn">
<msg time="2025-09-23T12:11:38.033143" level="INFO">${endpoint} = /oauth/token</msg>
<var>${endpoint}</var>
<arg>/oauth/token</arg>
<doc>Returns the given values which can then be assigned to a variables.</doc>
<status status="PASS" start="2025-09-23T12:11:38.032143" elapsed="0.001000"/>
</kw>
<kw name="Set Variable" owner="BuiltIn">
<msg time="2025-09-23T12:11:38.034143" level="INFO">${method} = POST</msg>
<var>${method}</var>
<arg>POST</arg>
<doc>Returns the given values which can then be assigned to a variables.</doc>
<status status="PASS" start="2025-09-23T12:11:38.034143" elapsed="0.000000"/>
</kw>
<kw name="Create Dictionary" owner="BuiltIn">
<msg time="2025-09-23T12:11:38.036172" level="INFO">${headers} = {'Content-Type': 'application/x-www-form-urlencoded'}</msg>
<var>${headers}</var>
<arg>Content-Type=application/x-www-form-urlencoded</arg>
<doc>Creates and returns a dictionary based on the given ``items``.</doc>
<status status="PASS" start="2025-09-23T12:11:38.036172" elapsed="0.000000"/>
</kw>
<kw name="Create Dictionary" owner="BuiltIn">
<msg time="2025-09-23T12:11:38.038143" level="INFO">${payload} = {'audience': 'https://qa.api.zinnia.io', 'grant_type': 'client_credentials', 'client_id': 'UuMribrP3e8zVhfHy6wPJ25lVYh1CWN3', 'client_secret': 'WQ4ZBFI0RaYnhlhrZBdw4ltrMk8IKT9bDm1DX_U28doSk4F4Au5KiAso...</msg>
<var>${payload}</var>
<arg>audience=https://qa.api.zinnia.io</arg>
<arg>grant_type=client_credentials</arg>
<arg>client_id=UuMribrP3e8zVhfHy6wPJ25lVYh1CWN3</arg>
<arg>client_secret=WQ4ZBFI0RaYnhlhrZBdw4ltrMk8IKT9bDm1DX_U28doSk4F4Au5KiAsoBCSNYWix</arg>
<doc>Creates and returns a dictionary based on the given ``items``.</doc>
<status status="PASS" start="2025-09-23T12:11:38.038143" elapsed="0.000000"/>
</kw>
<kw name="Execute Token API">
<kw name="Create Dictionary" owner="BuiltIn">
<msg time="2025-09-23T12:11:38.042144" level="INFO">${form_data} = {}</msg>
<var>${form_data}</var>
<doc>Creates and returns a dictionary based on the given ``items``.</doc>
<status status="PASS" start="2025-09-23T12:11:38.042144" elapsed="0.000000"/>
</kw>
<for flavor="IN">
<iter>
<kw name="Set To Dictionary" owner="Collections">
<arg>${form_data}</arg>
<arg>${key}=${value}</arg>
<doc>Adds the given ``key_value_pairs`` and/or ``items`` to the ``dictionary``.</doc>
<status status="PASS" start="2025-09-23T12:11:38.045144" elapsed="0.000000"/>
</kw>
<var name="${key}">audience</var>
<var name="${value}">https://qa.api.zinnia.io</var>
<status status="PASS" start="2025-09-23T12:11:38.045144" elapsed="0.000000"/>
</iter>
<iter>
<kw name="Set To Dictionary" owner="Collections">
<arg>${form_data}</arg>
<arg>${key}=${value}</arg>
<doc>Adds the given ``key_value_pairs`` and/or ``items`` to the ``dictionary``.</doc>
<status status="PASS" start="2025-09-23T12:11:38.046224" elapsed="0.000000"/>
</kw>
<var name="${key}">grant_type</var>
<var name="${value}">client_credentials</var>
<status status="PASS" start="2025-09-23T12:11:38.046224" elapsed="0.000000"/>
</iter>
<iter>
<kw name="Set To Dictionary" owner="Collections">
<arg>${form_data}</arg>
<arg>${key}=${value}</arg>
<doc>Adds the given ``key_value_pairs`` and/or ``items`` to the ``dictionary``.</doc>
<status status="PASS" start="2025-09-23T12:11:38.046224" elapsed="0.000000"/>
</kw>
<var name="${key}">client_id</var>
<var name="${value}">UuMribrP3e8zVhfHy6wPJ25lVYh1CWN3</var>
<status status="PASS" start="2025-09-23T12:11:38.046224" elapsed="0.001006"/>
</iter>
<iter>
<kw name="Set To Dictionary" owner="Collections">
<arg>${form_data}</arg>
<arg>${key}=${value}</arg>
<doc>Adds the given ``key_value_pairs`` and/or ``items`` to the ``dictionary``.</doc>
<status status="PASS" start="2025-09-23T12:11:38.047230" elapsed="0.000000"/>
</kw>
<var name="${key}">client_secret</var>
<var name="${value}">WQ4ZBFI0RaYnhlhrZBdw4ltrMk8IKT9bDm1DX_U28doSk4F4Au5KiAsoBCSNYWix</var>
<status status="PASS" start="2025-09-23T12:11:38.047230" elapsed="0.000000"/>
</iter>
<var>${key}</var>
<var>${value}</var>
<value>&amp;{payload}</value>
<status status="PASS" start="2025-09-23T12:11:38.045144" elapsed="0.002086"/>
</for>
<kw name="POST On Session" owner="RequestsLibrary">
<msg time="2025-09-23T12:11:39.119583" level="INFO">POST Request : url=https://login.qa.zinnia.com/oauth/token 
 path_url=/oauth/token 
 headers={'User-Agent': 'python-requests/2.32.3', 'Accept-Encoding': 'gzip, deflate, br', 'Accept': '*/*', 'Connection': 'keep-alive', 'Content-Type': 'application/x-www-form-urlencoded', 'Content-Length': '191'} 
 body=audience=https%3A%2F%2Fqa.api.zinnia.io&amp;grant_type=client_credentials&amp;client_id=UuMribrP3e8zVhfHy6wPJ25lVYh1CWN3&amp;client_secret=WQ4ZBFI0RaYnhlhrZBdw4ltrMk8IKT9bDm1DX_U28doSk4F4Au5KiAsoBCSNYWix 
 </msg>
<msg time="2025-09-23T12:11:39.120593" level="INFO">POST Response : url=https://login.qa.zinnia.com/oauth/token 
 status=200, reason=OK 
 headers={'Date': 'Tue, 23 Sep 2025 06:41:39 GMT', 'Content-Type': 'application/json', 'Transfer-Encoding': 'chunked', 'Connection': 'keep-alive', 'Content-Encoding': 'br', 'CF-Ray': '98380eb94a6df043-DEL', 'CF-Cache-Status': 'DYNAMIC', 'Cache-Control': 'no-store', 'Set-Cookie': 'did=s%3Av0%3A2bb4bbd9-19e9-491e-9e44-45f881188a92.XGBHdmnOYZ2ksxTR%2FC6K6kW4Wah7AuI%2BYzxq8dp62Dk; Path=/; Expires=Wed, 23 Sep 2026 12:41:39 GMT; HttpOnly; Secure; SameSite=None, did_compat=s%3Av0%3A2bb4bbd9-19e9-491e-9e44-45f881188a92.XGBHdmnOYZ2ksxTR%2FC6K6kW4Wah7AuI%2BYzxq8dp62Dk; Path=/; Expires=Wed, 23 Sep 2026 12:41:39 GMT; HttpOnly; Secure', 'Strict-Transport-Security': 'max-age=31536000; includeSubDomains', 'Vary': 'Accept-Encoding, Origin', 'Pragma': 'no-cache', 'X-Auth0-L': '0.595', 'X-Auth0-RequestId': 'f12c8598a5517d0a3af4', 'X-Content-Type-Options': 'nosniff', 'X-RateLimit-Limit': '300', 'X-RateLimit-Remaining': '299', 'X-RateLimit-Reset': '1758609701', 'Server': 'cloudflare', 'alt-svc': 'h3=":443"; ma=86400'} 
 body={"access_token":"eyJhbGciOiJSUzI1NiIsInR5cCI6IkpXVCIsImtpZCI6IlU1SWNUOEQ4LTNWdl80NDFIdnlzbyJ9.eyJodHRwczovL3FhLmFwaS56aW5uaWEuaW8vY2xpZW50SWRzIjpbImV2ZXJseSIsImVsaWMiLCJzYnVsIl0sImh0dHBzOi8vcWEuYXBpLnppbm5pYS5pby9wZXJtaXNzaW9ucyI6WyJyZWFkOnBvbGljeSIsIndyaXRlOnBvbGljeSIsIndyaXRlOmNhc2UiLCJyZWFkOmNhc2UiLCJyZWFkOmRvY3VtZW50Iiwid3JpdGU6ZG9jdW1lbnQiLCJ3cml0ZTp0YXNrIiwicmVhZDp0YXNrIl0sInBhcnR5SWQiOiJjNmE3YWI5ZjdkZDg0MDE1YTY1NTJiZmM1YjM2NmI3NyIsInNvdXJjZSI6IkJ1c2luZXNzIFByb2Nlc3MgTWFuYWdlbWVudCIsImlzcyI6Imh0dHBzOi8vbG9naW4ucWEuemlubmlhLmNvbS8iLCJzdWIiOiJVdU1yaWJyUDNlOHpWaGZIeTZ3UEoyNWxWWWgxQ1dOM0BjbGllbnRzIiwiYXVkIjoiaHR0cHM6Ly9xYS5hcGkuemlubmlhLmlvIiwiaWF0IjoxNzU4NjA5Njk5LCJleHAiOjE3NTg2OTYwOTksInNjb3BlIjoib3BlbmlkIiwiZ3R5IjoiY2xpZW50LWNyZWRlbnRpYWxzIiwiYXpwIjoiVXVNcmliclAzZTh6VmhmSHk2d1BKMjVsVlloMUNXTjMifQ.fCxOUYXoC-qethy3dBmmNpw179wGmFD8iJmGCOMDXzTD1UhpOPQ_hnNWZavY8V9Zpf7Rlrdm1WU1VaygbPmccQaRXFvikxZpy4rWJmdlfcLPZ-h_dgG7v6x8ZeuTZthJ6mFvN3epRySHXuUNnOhpMMseaOLxcR6P8mVo1gk20_ZJs88qMtPeiXt_I3b4GbDikqfBFomomsiiDDKUzDj7DSrzN2ivFPsk88GYfnZKFJI8Lcy_yuiXE8kq9fLGF2qZdvoRuA-m2narZAp9KcAfHav_729wRQg0hpcs7Dmeh8ZoOMV86lXJ_0ipgJ6CNm7aIcxJKtIvonpu-pEFeIPnqQ","scope":"openid","expires_in":86400,"token_type":"Bearer"} 
 </msg>
<msg time="2025-09-23T12:11:39.120593" level="INFO">C:\Users\sharmash\AppData\Roaming\Python\Python312\site-packages\urllib3\connectionpool.py:1103: InsecureRequestWarning: Unverified HTTPS request is being made to host 'login.qa.zinnia.com'. Adding certificate verification is strongly advised. See: https://urllib3.readthedocs.io/en/latest/advanced-usage.html#tls-warnings
  warnings.warn(</msg>
<msg time="2025-09-23T12:11:39.120593" level="INFO">${response} = &lt;Response [200]&gt;</msg>
<var>${response}</var>
<arg>api_session</arg>
<arg>${endpoint}</arg>
<arg>data=${form_data}</arg>
<arg>headers=${headers}</arg>
<doc>Sends a POST request on a previously created HTTP Session.</doc>
<status status="PASS" start="2025-09-23T12:11:38.047230" elapsed="1.073363"/>
</kw>
<kw name="Get From Dictionary" owner="Collections">
<msg time="2025-09-23T12:11:39.129652" level="INFO">${token} = eyJhbGciOiJSUzI1NiIsInR5cCI6IkpXVCIsImtpZCI6IlU1SWNUOEQ4LTNWdl80NDFIdnlzbyJ9.eyJodHRwczovL3FhLmFwaS56aW5uaWEuaW8vY2xpZW50SWRzIjpbImV2ZXJseSIsImVsaWMiLCJzYnVsIl0sImh0dHBzOi8vcWEuYXBpLnppbm5pYS5pby9wZXJ...</msg>
<var>${token}</var>
<arg>${response.json()}</arg>
<arg>access_token</arg>
<doc>Returns a value from the given ``dictionary`` based on the given ``key``.</doc>
<status status="PASS" start="2025-09-23T12:11:39.127598" elapsed="0.002054"/>
</kw>
<kw name="Set Global Variable" owner="BuiltIn">
<msg time="2025-09-23T12:11:39.135545" level="INFO">${TOKEN} = eyJhbGciOiJSUzI1NiIsInR5cCI6IkpXVCIsImtpZCI6IlU1SWNUOEQ4LTNWdl80NDFIdnlzbyJ9.eyJodHRwczovL3FhLmFwaS56aW5uaWEuaW8vY2xpZW50SWRzIjpbImV2ZXJseSIsImVsaWMiLCJzYnVsIl0sImh0dHBzOi8vcWEuYXBpLnppbm5pYS5pby9wZXJ...</msg>
<arg>${TOKEN}</arg>
<arg>${token}</arg>
<doc>Makes a variable available globally in all tests and suites.</doc>
<status status="PASS" start="2025-09-23T12:11:39.134544" elapsed="0.001001"/>
</kw>
<kw name="Set Suite Variable" owner="BuiltIn">
<msg time="2025-09-23T12:11:39.144581" level="INFO">${OAUTH_TOKEN_DISPLAY} = eyJhbGciOiJSUzI1NiIsInR5cCI6IkpXVCIsImtpZCI6IlU1SWNUOEQ4LTNWdl80NDFIdnlzbyJ9.eyJodHRwczovL3FhLmFwaS56aW5uaWEuaW8vY2xpZW50SWRzIjpbImV2ZXJseSIsImVsaWMiLCJzYnVsIl0sImh0dHBzOi8vcWEuYXBpLnppbm5pYS5pby9wZXJ...</msg>
<arg>${OAUTH_TOKEN_DISPLAY}</arg>
<arg>${token}</arg>
<doc>Makes a variable available everywhere within the scope of the current suite.</doc>
<status status="PASS" start="2025-09-23T12:11:39.142590" elapsed="0.001991"/>
</kw>
<kw name="Log" owner="BuiltIn">
<msg time="2025-09-23T12:11:39.150545" level="INFO">Token received: eyJhbGciOiJSUzI1NiIsInR5cCI6IkpXVCIsImtpZCI6IlU1SWNUOEQ4LTNWdl80NDFIdnlzbyJ9.eyJodHRwczovL3FhLmFwaS56aW5uaWEuaW8vY2xpZW50SWRzIjpbImV2ZXJseSIsImVsaWMiLCJzYnVsIl0sImh0dHBzOi8vcWEuYXBpLnppbm5pYS5pby9wZXJtaXNzaW9ucyI6WyJyZWFkOnBvbGljeSIsIndyaXRlOnBvbGljeSIsIndyaXRlOmNhc2UiLCJyZWFkOmNhc2UiLCJyZWFkOmRvY3VtZW50Iiwid3JpdGU6ZG9jdW1lbnQiLCJ3cml0ZTp0YXNrIiwicmVhZDp0YXNrIl0sInBhcnR5SWQiOiJjNmE3YWI5ZjdkZDg0MDE1YTY1NTJiZmM1YjM2NmI3NyIsInNvdXJjZSI6IkJ1c2luZXNzIFByb2Nlc3MgTWFuYWdlbWVudCIsImlzcyI6Imh0dHBzOi8vbG9naW4ucWEuemlubmlhLmNvbS8iLCJzdWIiOiJVdU1yaWJyUDNlOHpWaGZIeTZ3UEoyNWxWWWgxQ1dOM0BjbGllbnRzIiwiYXVkIjoiaHR0cHM6Ly9xYS5hcGkuemlubmlhLmlvIiwiaWF0IjoxNzU4NjA5Njk5LCJleHAiOjE3NTg2OTYwOTksInNjb3BlIjoib3BlbmlkIiwiZ3R5IjoiY2xpZW50LWNyZWRlbnRpYWxzIiwiYXpwIjoiVXVNcmliclAzZTh6VmhmSHk2d1BKMjVsVlloMUNXTjMifQ.fCxOUYXoC-qethy3dBmmNpw179wGmFD8iJmGCOMDXzTD1UhpOPQ_hnNWZavY8V9Zpf7Rlrdm1WU1VaygbPmccQaRXFvikxZpy4rWJmdlfcLPZ-h_dgG7v6x8ZeuTZthJ6mFvN3epRySHXuUNnOhpMMseaOLxcR6P8mVo1gk20_ZJs88qMtPeiXt_I3b4GbDikqfBFomomsiiDDKUzDj7DSrzN2ivFPsk88GYfnZKFJI8Lcy_yuiXE8kq9fLGF2qZdvoRuA-m2narZAp9KcAfHav_729wRQg0hpcs7Dmeh8ZoOMV86lXJ_0ipgJ6CNm7aIcxJKtIvonpu-pEFeIPnqQ</msg>
<arg>Token received: ${token}</arg>
<arg>INFO</arg>
<doc>Logs the given message with the given level.</doc>
<status status="PASS" start="2025-09-23T12:11:39.149544" elapsed="0.001001"/>
</kw>
<arg>${endpoint}</arg>
<arg>${method}</arg>
<arg>${headers}</arg>
<arg>${payload}</arg>
<status status="PASS" start="2025-09-23T12:11:38.042144" elapsed="1.114401"/>
</kw>
<kw name="Log" owner="BuiltIn">
<msg time="2025-09-23T12:11:39.158649" level="INFO">Background OAuth authentication completed</msg>
<arg>Background OAuth authentication completed</arg>
<arg>INFO</arg>
<doc>Logs the given message with the given level.</doc>
<status status="PASS" start="2025-09-23T12:11:39.157597" elapsed="0.001052"/>
</kw>
<doc>Silently authenticate with OAuth for API access</doc>
<status status="PASS" start="2025-09-23T12:11:38.021527" elapsed="1.142137"/>
</kw>
<test id="s1-t1" name="Test_01_Search_Cases_by_Policy_Number" line="142">
<kw name="Setup Session" type="SETUP">
<kw name="Create Session" owner="RequestsLibrary">
<msg time="2025-09-23T12:11:39.165679" level="INFO">Creating Session using : alias=api_session, url=https://login.qa.zinnia.com, headers={},                     cookies={}, auth=None, timeout=None, proxies=None, verify=False,                     debug=0 </msg>
<arg>api_session</arg>
<arg>https://login.qa.zinnia.com</arg>
<arg>verify=False</arg>
<doc>Create Session: create a HTTP session to a server</doc>
<status status="PASS" start="2025-09-23T12:11:39.165679" elapsed="0.000000"/>
</kw>
<kw name="Create Session" owner="RequestsLibrary">
<msg time="2025-09-23T12:11:39.170719" level="INFO">Creating Session using : alias=api_session_case, url=https://qa.api.zinnia.io, headers={},                     cookies={}, auth=None, timeout=None, proxies=None, verify=False,                     debug=0 </msg>
<arg>api_session_case</arg>
<arg>https://qa.api.zinnia.io</arg>
<arg>verify=False</arg>
<doc>Create Session: create a HTTP session to a server</doc>
<status status="PASS" start="2025-09-23T12:11:39.169719" elapsed="0.001000"/>
</kw>
<kw name="Create Session" owner="RequestsLibrary">
<msg time="2025-09-23T12:11:39.174719" level="INFO">Creating Session using : alias=api_session_bpm, url=https://qa-bpm.se2.com, headers={},                     cookies={}, auth=None, timeout=None, proxies=None, verify=False,                     debug=0 </msg>
<arg>api_session_bpm</arg>
<arg>https://qa-bpm.se2.com</arg>
<arg>verify=False</arg>
<doc>Create Session: create a HTTP session to a server</doc>
<status status="PASS" start="2025-09-23T12:11:39.173719" elapsed="0.001999"/>
</kw>
<status status="PASS" start="2025-09-23T12:11:39.164639" elapsed="0.014230"/>
</kw>
<kw name="Set Variable" owner="BuiltIn">
<msg time="2025-09-23T12:11:39.179876" level="INFO">${endpoint} = /case/v1/cases/search</msg>
<var>${endpoint}</var>
<arg>/case/v1/cases/search</arg>
<doc>Returns the given values which can then be assigned to a variables.</doc>
<status status="PASS" start="2025-09-23T12:11:39.179876" elapsed="0.000000"/>
</kw>
<kw name="Set Variable" owner="BuiltIn">
<msg time="2025-09-23T12:11:39.183623" level="INFO">${method} = POST</msg>
<var>${method}</var>
<arg>POST</arg>
<doc>Returns the given values which can then be assigned to a variables.</doc>
<status status="PASS" start="2025-09-23T12:11:39.182617" elapsed="0.001006"/>
</kw>
<kw name="Create Dictionary" owner="BuiltIn">
<msg time="2025-09-23T12:11:39.186622" level="INFO">${headers} = {'Content-Type': 'application/json'}</msg>
<var>${headers}</var>
<arg>Content-Type=application/json</arg>
<doc>Creates and returns a dictionary based on the given ``items``.</doc>
<status status="PASS" start="2025-09-23T12:11:39.186622" elapsed="0.000000"/>
</kw>
<kw name="Set Variable" owner="BuiltIn">
<msg time="2025-09-23T12:11:39.190623" level="INFO">${base_url} = https://qa-bpm.se2.com</msg>
<var>${base_url}</var>
<arg>https://qa-bpm.se2.com</arg>
<doc>Returns the given values which can then be assigned to a variables.</doc>
<status status="PASS" start="2025-09-23T12:11:39.189621" elapsed="0.001002"/>
</kw>
<kw name="Create Dictionary" owner="BuiltIn">
<msg time="2025-09-23T12:11:39.193621" level="INFO">${payload} = {'policyNumber': '571025434'}</msg>
<var>${payload}</var>
<arg>policyNumber=571025434</arg>
<doc>Creates and returns a dictionary based on the given ``items``.</doc>
<status status="PASS" start="2025-09-23T12:11:39.193621" elapsed="0.000000"/>
</kw>
<kw name="Create Dictionary" owner="BuiltIn">
<msg time="2025-09-23T12:11:39.196621" level="INFO">${api_dict} = {'name': 'Search Cases by Policy Number', 'endpoint': '/case/v1/cases/search', 'method': 'POST', 'headers': {'Content-Type': 'application/json'}}</msg>
<var>${api_dict}</var>
<arg>name=Search Cases by Policy Number</arg>
<arg>endpoint=${endpoint}</arg>
<arg>method=${method}</arg>
<arg>headers=${headers}</arg>
<doc>Creates and returns a dictionary based on the given ``items``.</doc>
<status status="PASS" start="2025-09-23T12:11:39.196621" elapsed="0.000000"/>
</kw>
<kw name="Step: Executing API">
<kw name="Log To Console" owner="BuiltIn">
<arg>\n=== Executing: ${api_name} ===</arg>
<doc>Logs the given message to the console.</doc>
<status status="PASS" start="2025-09-23T12:11:39.200621" elapsed="0.000000"/>
</kw>
<kw name="Log" owner="BuiltIn">
<msg time="2025-09-23T12:11:39.200621" level="INFO">=== Executing: Search Cases by Policy Number ===</msg>
<arg>=== Executing: ${api_name} ===</arg>
<arg>INFO</arg>
<doc>Logs the given message with the given level.</doc>
<status status="PASS" start="2025-09-23T12:11:39.200621" elapsed="0.000000"/>
</kw>
<arg>Search Cases by Policy Number</arg>
<doc>=== Executing: ${api_name} ===</doc>
<status status="PASS" start="2025-09-23T12:11:39.199621" elapsed="0.003052"/>
</kw>
<kw name="Step: Using Session">
<kw name="Log To Console" owner="BuiltIn">
<arg>Using session: api_session_bpm for base URL: ${base_url}</arg>
<doc>Logs the given message to the console.</doc>
<status status="PASS" start="2025-09-23T12:11:39.203621" elapsed="0.000000"/>
</kw>
<kw name="Log" owner="BuiltIn">
<msg time="2025-09-23T12:11:39.203621" level="INFO">Using session: api_session_bpm for base URL: https://qa-bpm.se2.com</msg>
<arg>Using session: api_session_bpm for base URL: ${base_url}</arg>
<arg>INFO</arg>
<doc>Logs the given message with the given level.</doc>
<status status="PASS" start="2025-09-23T12:11:39.203621" elapsed="0.000000"/>
</kw>
<arg>${base_url}</arg>
<doc>Using session: api_session_bpm for base URL: https://qa-bpm.se2.com</doc>
<status status="PASS" start="2025-09-23T12:11:39.203621" elapsed="0.004001"/>
</kw>
<kw name="Execute Normal API">
<kw name="Run Keyword If" owner="BuiltIn">
<kw name="Set To Dictionary" owner="Collections">
<arg>${headers}</arg>
<arg>Authorization=Bearer ${TOKEN}</arg>
<doc>Adds the given ``key_value_pairs`` and/or ``items`` to the ``dictionary``.</doc>
<status status="PASS" start="2025-09-23T12:11:39.209620" elapsed="0.000000"/>
</kw>
<arg>'${TOKEN}' != 'None'</arg>
<arg>Set To Dictionary</arg>
<arg>${headers}</arg>
<arg>Authorization=Bearer ${TOKEN}</arg>
<doc>Runs the given keyword with the given arguments, if ``condition`` is true.</doc>
<status status="PASS" start="2025-09-23T12:11:39.209620" elapsed="0.000000"/>
</kw>
<kw name="Get From Dictionary" owner="Collections">
<msg time="2025-09-23T12:11:39.210621" level="INFO">${default_case_id} = CA0000370039</msg>
<var>${default_case_id}</var>
<arg>${api}</arg>
<arg>default_case_id</arg>
<arg>default=CA0000370039</arg>
<doc>Returns a value from the given ``dictionary`` based on the given ``key``.</doc>
<status status="PASS" start="2025-09-23T12:11:39.209620" elapsed="0.001001"/>
</kw>
<kw name="Get Environment Variable" owner="OperatingSystem">
<msg time="2025-09-23T12:11:39.213056" level="INFO">${caseID} = CA0000370039</msg>
<var>${caseID}</var>
<arg>CASE_ID</arg>
<arg>default=${default_case_id}</arg>
<doc>Returns the value of an environment variable with the given name.</doc>
<status status="PASS" start="2025-09-23T12:11:39.213056" elapsed="0.000000"/>
</kw>
<kw name="Replace String" owner="String">
<msg time="2025-09-23T12:11:39.215088" level="INFO">${endpoint} = /case/v1/cases/search</msg>
<var>${endpoint}</var>
<arg>${endpoint}</arg>
<arg>{caseID}</arg>
<arg>${caseID}</arg>
<doc>Replaces ``search_for`` in the given ``string`` with ``replace_with``.</doc>
<status status="PASS" start="2025-09-23T12:11:39.215088" elapsed="0.000000"/>
</kw>
<kw name="Set Variable If" owner="BuiltIn">
<msg time="2025-09-23T12:11:39.217031" level="INFO">${session_name} = api_session_bpm</msg>
<var>${session_name}</var>
<arg>'${base_url}' == 'https://qa-bpm.se2.com'</arg>
<arg>api_session_bpm</arg>
<arg>'${base_url}' == 'https://qa.api.zinnia.io'</arg>
<arg>api_session_case</arg>
<arg>api_session_case</arg>
<doc>Sets variable based on the given condition.</doc>
<status status="PASS" start="2025-09-23T12:11:39.217031" elapsed="0.000000"/>
</kw>
<kw name="Create Dictionary" owner="BuiltIn">
<msg time="2025-09-23T12:11:39.220053" level="INFO">${kwargs} = {'headers': {'Content-Type': 'application/json', 'Authorization': 'Bearer eyJhbGciOiJSUzI1NiIsInR5cCI6IkpXVCIsImtpZCI6IlU1SWNUOEQ4LTNWdl80NDFIdnlzbyJ9.eyJodHRwczovL3FhLmFwaS56aW5uaWEuaW8vY2xpZW50SWRzI...</msg>
<var>${kwargs}</var>
<arg>headers=${headers}</arg>
<doc>Creates and returns a dictionary based on the given ``items``.</doc>
<status status="PASS" start="2025-09-23T12:11:39.219059" elapsed="0.000994"/>
</kw>
<kw name="Evaluate" owner="BuiltIn">
<msg time="2025-09-23T12:11:39.222053" level="INFO">${payload_exists} = True</msg>
<var>${payload_exists}</var>
<arg>$payload is not None</arg>
<doc>Evaluates the given expression in Python and returns the result.</doc>
<status status="PASS" start="2025-09-23T12:11:39.221055" elapsed="0.000998"/>
</kw>
<kw name="Run Keyword If" owner="BuiltIn">
<kw name="Set To Dictionary" owner="Collections">
<arg>${kwargs}</arg>
<arg>json=${payload}</arg>
<doc>Adds the given ``key_value_pairs`` and/or ``items`` to the ``dictionary``.</doc>
<status status="PASS" start="2025-09-23T12:11:39.225015" elapsed="0.000000"/>
</kw>
<arg>${payload_exists}</arg>
<arg>Set To Dictionary</arg>
<arg>${kwargs}</arg>
<arg>json=${payload}</arg>
<doc>Runs the given keyword with the given arguments, if ``condition`` is true.</doc>
<status status="PASS" start="2025-09-23T12:11:39.224068" elapsed="0.001949"/>
</kw>
<kw name="Run Keyword If" owner="BuiltIn">
<kw name="POST On Session" owner="RequestsLibrary">
<msg time="2025-09-23T12:11:40.452641" level="INFO">POST Request : url=https://qa-bpm.se2.com/case/v1/cases/search 
 path_url=/case/v1/cases/search 
 headers={'User-Agent': 'python-requests/2.32.3', 'Accept-Encoding': 'gzip, deflate, br', 'Accept': '*/*', 'Connection': 'keep-alive', 'Content-Type': 'application/json', 'Authorization': 'Bearer eyJhbGciOiJSUzI1NiIsInR5cCI6IkpXVCIsImtpZCI6IlU1SWNUOEQ4LTNWdl80NDFIdnlzbyJ9.eyJodHRwczovL3FhLmFwaS56aW5uaWEuaW8vY2xpZW50SWRzIjpbImV2ZXJseSIsImVsaWMiLCJzYnVsIl0sImh0dHBzOi8vcWEuYXBpLnppbm5pYS5pby9wZXJtaXNzaW9ucyI6WyJyZWFkOnBvbGljeSIsIndyaXRlOnBvbGljeSIsIndyaXRlOmNhc2UiLCJyZWFkOmNhc2UiLCJyZWFkOmRvY3VtZW50Iiwid3JpdGU6ZG9jdW1lbnQiLCJ3cml0ZTp0YXNrIiwicmVhZDp0YXNrIl0sInBhcnR5SWQiOiJjNmE3YWI5ZjdkZDg0MDE1YTY1NTJiZmM1YjM2NmI3NyIsInNvdXJjZSI6IkJ1c2luZXNzIFByb2Nlc3MgTWFuYWdlbWVudCIsImlzcyI6Imh0dHBzOi8vbG9naW4ucWEuemlubmlhLmNvbS8iLCJzdWIiOiJVdU1yaWJyUDNlOHpWaGZIeTZ3UEoyNWxWWWgxQ1dOM0BjbGllbnRzIiwiYXVkIjoiaHR0cHM6Ly9xYS5hcGkuemlubmlhLmlvIiwiaWF0IjoxNzU4NjA5Njk5LCJleHAiOjE3NTg2OTYwOTksInNjb3BlIjoib3BlbmlkIiwiZ3R5IjoiY2xpZW50LWNyZWRlbnRpYWxzIiwiYXpwIjoiVXVNcmliclAzZTh6VmhmSHk2d1BKMjVsVlloMUNXTjMifQ.fCxOUYXoC-qethy3dBmmNpw179wGmFD8iJmGCOMDXzTD1UhpOPQ_hnNWZavY8V9Zpf7Rlrdm1WU1VaygbPmccQaRXFvikxZpy4rWJmdlfcLPZ-h_dgG7v6x8ZeuTZthJ6mFvN3epRySHXuUNnOhpMMseaOLxcR6P8mVo1gk20_ZJs88qMtPeiXt_I3b4GbDikqfBFomomsiiDDKUzDj7DSrzN2ivFPsk88GYfnZKFJI8Lcy_yuiXE8kq9fLGF2qZdvoRuA-m2narZAp9KcAfHav_729wRQg0hpcs7Dmeh8ZoOMV86lXJ_0ipgJ6CNm7aIcxJKtIvonpu-pEFeIPnqQ', 'Content-Length': '29'} 
 body=b'{"policyNumber": "571025434"}' 
 </msg>
<msg time="2025-09-23T12:11:40.452641" level="INFO">POST Response : url=https://qa-bpm.se2.com/case/v1/cases/search 
 status=200, reason= 
 headers={'Date': 'Tue, 23 Sep 2025 06:41:40 GMT', 'Content-Type': 'application/json', 'Content-Length': '1645', 'Connection': 'keep-alive', 'Set-Cookie': 'AWSALBTG=vRGwQJt14hAcWJa1Fg96/hmSCSZbq2onFiB1Vxv+u1agnD6beYQKc9tI9xyeb1Dp4yLELyufao7tWqCf+1o2PCbTeKXcMRPPvDKG5Kmd8i+41IlC7X2EqqkiwCIe8KFLAzA6OP/9ZJvB/RNSTbWjqyOOqpWnmpm9X4sovwgJR5Ia; Expires=Tue, 30 Sep 2025 06:41:40 GMT; Path=/, AWSALBTGCORS=vRGwQJt14hAcWJa1Fg96/hmSCSZbq2onFiB1Vxv+u1agnD6beYQKc9tI9xyeb1Dp4yLELyufao7tWqCf+1o2PCbTeKXcMRPPvDKG5Kmd8i+41IlC7X2EqqkiwCIe8KFLAzA6OP/9ZJvB/RNSTbWjqyOOqpWnmpm9X4sovwgJR5Ia; Expires=Tue, 30 Sep 2025 06:41:40 GMT; Path=/; SameSite=None; Secure, AWSALB=CliAbPZD7QAz4qn/UXd3wGbohba1e8X69qn4IAsVcasmwDost6mCluMtYOp0IeXl/JYWZ5GI4VjKRLkIIhV9/lMEqH9wzgC2Wmerc0NMBuy3LVQX3YdHlV0BUNCz; Expires=Tue, 30 Sep 2025 06:41:40 GMT; Path=/, AWSALBCORS=CliAbPZD7QAz4qn/UXd3wGbohba1e8X69qn4IAsVcasmwDost6mCluMtYOp0IeXl/JYWZ5GI4VjKRLkIIhV9/lMEqH9wzgC2Wmerc0NMBuy3LVQX3YdHlV0BUNCz; Expires=Tue, 30 Sep 2025 06:41:40 GMT; Path=/; SameSite=None; Secure', 'Vary': 'Origin, Access-Control-Request-Method, Access-Control-Request-Headers', 'x-correlation-id': 'bef74808-c9d6-403c-a7ab-820d008aa4ff', 'X-Content-Type-Options': 'nosniff', 'X-XSS-Protection': '1; mode=block', 'Cache-Control': 'no-cache, no-store, max-age=0, must-revalidate', 'Pragma': 'no-cache', 'Expires': '0', 'X-Frame-Options': 'DENY'} 
 body={"message":"Successfully retrieved data!","data":[{"id":"CA0000358626","templateId":"6203bb7a-0517-4394-88fb-404dffc7d296","carrier":"MASS","process":"New Business","parentInstanceId":null,"correlationId":"7815fb00-fea3-41b7-a346-ea98546de115","caseStatus":"EXCEPTION","processSubType":"Nb Purchase W App","caseGroup":null,"policyNumber":"571025434","productName":null,"primary":true,"deleted":false,"stages":[{"id":"requestAck","label":"Request Acknowledgement","stageStatus":"COMPLETED"},{"id":"agentValidation","label":"Agent Validation","stageStatus":"IN_PROGRESS"},{"id":"policyValidation","label":"Policy Validation","stageStatus":"EXCEPTION"},{"id":"suitabilityReview","label":"Suitability Review","stageStatus":"COMPLETED"},{"id":"premiumProcessing","label":"Premium Processing","stageStatus":"IN_PROGRESS"},{"id":"requestCompletion","label":"Request Completion","stageStatus":"IN_PROGRESS"}],"additionalData":{"policyNumber":"571025434","businessKey":"20240701-M-164533","requestSubType":"NB PURCHASE W APP"},"identifiers":[{"identifier":"txliferequestid","value":"385839"},{"identifier":"transrefguid","value":"0450S660314000450S66"},{"identifier":"documentNumber","value":"20240701-M-164533"},{"identifier":"contractnumber","value":"571025434"},{"identifier":"caseID","value":"9922745"},{"identifier":"businessKey","value":"20240701-M-164533"},{"identifier":"contractNumber","value":"571025434"}],"createdAt":"2024-07-01T10:36:39.000Z","updatedAt":"2024-08-31T05:02:36.000Z","parties":[],"exceptions":[],"applicationType":"Electronic","caseResult":null,"caseResultDetail":null}],"count":1,"offset":0,"limit":10,"total":1,"status":200} 
 </msg>
<msg time="2025-09-23T12:11:40.452641" level="INFO">C:\Users\sharmash\AppData\Roaming\Python\Python312\site-packages\urllib3\connectionpool.py:1103: InsecureRequestWarning: Unverified HTTPS request is being made to host 'qa-bpm.se2.com'. Adding certificate verification is strongly advised. See: https://urllib3.readthedocs.io/en/latest/advanced-usage.html#tls-warnings
  warnings.warn(</msg>
<arg>${session_name}</arg>
<arg>${endpoint}</arg>
<arg>&amp;{kwargs}</arg>
<doc>Sends a POST request on a previously created HTTP Session.</doc>
<status status="PASS" start="2025-09-23T12:11:39.227017" elapsed="1.226624"/>
</kw>
<msg time="2025-09-23T12:11:40.459537" level="INFO">${response} = &lt;Response [200]&gt;</msg>
<var>${response}</var>
<arg>'${method}' == 'GET'</arg>
<arg>GET On Session</arg>
<arg>${session_name}</arg>
<arg>${endpoint}</arg>
<arg>&amp;{kwargs}</arg>
<arg>ELSE IF</arg>
<arg>'${method}' == 'POST'</arg>
<arg>POST On Session</arg>
<arg>${session_name}</arg>
<arg>${endpoint}</arg>
<arg>&amp;{kwargs}</arg>
<arg>ELSE IF</arg>
<arg>'${method}' == 'PUT'</arg>
<arg>PUT On Session</arg>
<arg>${session_name}</arg>
<arg>${endpoint}</arg>
<arg>&amp;{kwargs}</arg>
<arg>ELSE IF</arg>
<arg>'${method}' == 'DELETE'</arg>
<arg>DELETE On Session</arg>
<arg>${session_name}</arg>
<arg>${endpoint}</arg>
<arg>&amp;{kwargs}</arg>
<doc>Runs the given keyword with the given arguments, if ``condition`` is true.</doc>
<status status="PASS" start="2025-09-23T12:11:39.226017" elapsed="1.233520"/>
</kw>
<kw name="Set Suite Variable" owner="BuiltIn">
<msg time="2025-09-23T12:11:40.468582" level="INFO">${API_ENDPOINT_DISPLAY} = /case/v1/cases/search</msg>
<arg>${API_ENDPOINT_DISPLAY}</arg>
<arg>${endpoint}</arg>
<doc>Makes a variable available everywhere within the scope of the current suite.</doc>
<status status="PASS" start="2025-09-23T12:11:40.465536" elapsed="0.003046"/>
</kw>
<kw name="Set Suite Variable" owner="BuiltIn">
<msg time="2025-09-23T12:11:40.478534" level="INFO">${API_SESSION_DISPLAY} = api_session_bpm</msg>
<arg>${API_SESSION_DISPLAY}</arg>
<arg>${session_name}</arg>
<doc>Makes a variable available everywhere within the scope of the current suite.</doc>
<status status="PASS" start="2025-09-23T12:11:40.476538" elapsed="0.001996"/>
</kw>
<kw name="Set Suite Variable" owner="BuiltIn">
<msg time="2025-09-23T12:11:40.482590" level="INFO">${API_STATUS_DISPLAY} = 200</msg>
<arg>${API_STATUS_DISPLAY}</arg>
<arg>${response.status_code}</arg>
<doc>Makes a variable available everywhere within the scope of the current suite.</doc>
<status status="PASS" start="2025-09-23T12:11:40.481548" elapsed="0.001042"/>
</kw>
<kw name="Set Suite Variable" owner="BuiltIn">
<msg time="2025-09-23T12:11:40.486651" level="INFO">${API_RESPONSE_DISPLAY} = {"message":"Successfully retrieved data!","data":[{"id":"CA0000358626","templateId":"6203bb7a-0517-4394-88fb-404dffc7d296","carrier":"MASS","process":"New Business","parentInstanceId":null,"correlatio...</msg>
<arg>${API_RESPONSE_DISPLAY}</arg>
<arg>${response.text}</arg>
<doc>Makes a variable available everywhere within the scope of the current suite.</doc>
<status status="PASS" start="2025-09-23T12:11:40.484600" elapsed="0.002051"/>
</kw>
<kw name="Set Suite Variable" owner="BuiltIn">
<msg time="2025-09-23T12:11:40.493634" level="INFO">${BASE_URL_DISPLAY} = https://qa-bpm.se2.com</msg>
<arg>${BASE_URL_DISPLAY}</arg>
<arg>${base_url}</arg>
<doc>Makes a variable available everywhere within the scope of the current suite.</doc>
<status status="PASS" start="2025-09-23T12:11:40.491636" elapsed="0.001998"/>
</kw>
<arg>${api_dict}</arg>
<arg>${endpoint}</arg>
<arg>${method}</arg>
<arg>${headers}</arg>
<arg>${payload}</arg>
<arg>${base_url}</arg>
<status status="PASS" start="2025-09-23T12:11:39.208623" elapsed="1.290131"/>
</kw>
<kw name="Step: API Endpoint">
<kw name="Log To Console" owner="BuiltIn">
<arg>API: ${API_ENDPOINT_DISPLAY}</arg>
<doc>Logs the given message to the console.</doc>
<status status="PASS" start="2025-09-23T12:11:40.499740" elapsed="0.001004"/>
</kw>
<kw name="Log" owner="BuiltIn">
<msg time="2025-09-23T12:11:40.501679" level="INFO">API: /case/v1/cases/search</msg>
<arg>API: ${API_ENDPOINT_DISPLAY}</arg>
<arg>INFO</arg>
<doc>Logs the given message with the given level.</doc>
<status status="PASS" start="2025-09-23T12:11:40.500744" elapsed="0.000935"/>
</kw>
<doc>API: /case/v1/cases/search</doc>
<status status="PASS" start="2025-09-23T12:11:40.499740" elapsed="0.005895"/>
</kw>
<kw name="Step: Session Used">
<kw name="Log To Console" owner="BuiltIn">
<arg>Session: ${API_SESSION_DISPLAY}</arg>
<doc>Logs the given message to the console.</doc>
<status status="PASS" start="2025-09-23T12:11:40.506635" elapsed="0.001045"/>
</kw>
<kw name="Log" owner="BuiltIn">
<msg time="2025-09-23T12:11:40.508679" level="INFO">Session: api_session_bpm</msg>
<arg>Session: ${API_SESSION_DISPLAY}</arg>
<arg>INFO</arg>
<doc>Logs the given message with the given level.</doc>
<status status="PASS" start="2025-09-23T12:11:40.507680" elapsed="0.000999"/>
</kw>
<doc>Session: api_session_bpm</doc>
<status status="PASS" start="2025-09-23T12:11:40.506635" elapsed="0.005085"/>
</kw>
<kw name="Step: Status Code">
<kw name="Log To Console" owner="BuiltIn">
<arg>Status: ${API_STATUS_DISPLAY}</arg>
<doc>Logs the given message to the console.</doc>
<status status="PASS" start="2025-09-23T12:11:40.512676" elapsed="0.000000"/>
</kw>
<kw name="Log" owner="BuiltIn">
<msg time="2025-09-23T12:11:40.513743" level="INFO">Status: 200</msg>
<arg>Status: ${API_STATUS_DISPLAY}</arg>
<arg>INFO</arg>
<doc>Logs the given message with the given level.</doc>
<status status="PASS" start="2025-09-23T12:11:40.512676" elapsed="0.001067"/>
</kw>
<doc>Status: 200</doc>
<status status="PASS" start="2025-09-23T12:11:40.511720" elapsed="0.004984"/>
</kw>
<kw name="Step: Response Data">
<kw name="Log To Console" owner="BuiltIn">
<arg>Response: ${API_RESPONSE_DISPLAY}</arg>
<doc>Logs the given message to the console.</doc>
<status status="PASS" start="2025-09-23T12:11:40.517761" elapsed="0.000874"/>
</kw>
<kw name="Log" owner="BuiltIn">
<msg time="2025-09-23T12:11:40.518635" level="INFO">Response: {"message":"Successfully retrieved data!","data":[{"id":"CA0000358626","templateId":"6203bb7a-0517-4394-88fb-404dffc7d296","carrier":"MASS","process":"New Business","parentInstanceId":null,"correlationId":"7815fb00-fea3-41b7-a346-ea98546de115","caseStatus":"EXCEPTION","processSubType":"Nb Purchase W App","caseGroup":null,"policyNumber":"571025434","productName":null,"primary":true,"deleted":false,"stages":[{"id":"requestAck","label":"Request Acknowledgement","stageStatus":"COMPLETED"},{"id":"agentValidation","label":"Agent Validation","stageStatus":"IN_PROGRESS"},{"id":"policyValidation","label":"Policy Validation","stageStatus":"EXCEPTION"},{"id":"suitabilityReview","label":"Suitability Review","stageStatus":"COMPLETED"},{"id":"premiumProcessing","label":"Premium Processing","stageStatus":"IN_PROGRESS"},{"id":"requestCompletion","label":"Request Completion","stageStatus":"IN_PROGRESS"}],"additionalData":{"policyNumber":"571025434","businessKey":"20240701-M-164533","requestSubType":"NB PURCHASE W APP"},"identifiers":[{"identifier":"txliferequestid","value":"385839"},{"identifier":"transrefguid","value":"0450S660314000450S66"},{"identifier":"documentNumber","value":"20240701-M-164533"},{"identifier":"contractnumber","value":"571025434"},{"identifier":"caseID","value":"9922745"},{"identifier":"businessKey","value":"20240701-M-164533"},{"identifier":"contractNumber","value":"571025434"}],"createdAt":"2024-07-01T10:36:39.000Z","updatedAt":"2024-08-31T05:02:36.000Z","parties":[],"exceptions":[],"applicationType":"Electronic","caseResult":null,"caseResultDetail":null}],"count":1,"offset":0,"limit":10,"total":1,"status":200}</msg>
<arg>Response: ${API_RESPONSE_DISPLAY}</arg>
<arg>INFO</arg>
<doc>Logs the given message with the given level.</doc>
<status status="PASS" start="2025-09-23T12:11:40.518635" elapsed="0.000000"/>
</kw>
<doc>Response: {"message":"Successfully retrieved data!","data":[{"id":"CA0000358626","templateId":"6203bb7a-0517-4394-88fb-404dffc7d296","carrier":"MASS","process":"New Business","parentInstanceId":null,"correlationId":"7815fb00-fea3-41b7-a346-ea98546de115","caseStatus":"EXCEPTION","processSubType":"Nb Purchase W App","caseGroup":null,"policyNumber":"571025434","productName":null,"primary":true,"deleted":false,"stages":[{"id":"requestAck","label":"Request Acknowledgement","stageStatus":"COMPLETED"},{"id":"agentValidation","label":"Agent Validation","stageStatus":"IN_PROGRESS"},{"id":"policyValidation","label":"Policy Validation","stageStatus":"EXCEPTION"},{"id":"suitabilityReview","label":"Suitability Review","stageStatus":"COMPLETED"},{"id":"premiumProcessing","label":"Premium Processing","stageStatus":"IN_PROGRESS"},{"id":"requestCompletion","label":"Request Completion","stageStatus":"IN_PROGRESS"}],"additionalData":{"policyNumber":"571025434","businessKey":"20240701-M-164533","requestSubType":"NB PURCHASE W APP"},"identifiers":[{"identifier":"txliferequestid","value":"385839"},{"identifier":"transrefguid","value":"0450S660314000450S66"},{"identifier":"documentNumber","value":"20240701-M-164533"},{"identifier":"contractnumber","value":"571025434"},{"identifier":"caseID","value":"9922745"},{"identifier":"businessKey","value":"20240701-M-164533"},{"identifier":"contractNumber","value":"571025434"}],"createdAt":"2024-07-01T10:36:39.000Z","updatedAt":"2024-08-31T05:02:36.000Z","parties":[],"exceptions":[],"applicationType":"Electronic","caseResult":null,"caseResultDetail":null}],"count":1,"offset":0,"limit":10,"total":1,"status":200}</doc>
<status status="PASS" start="2025-09-23T12:11:40.517761" elapsed="0.004874"/>
</kw>
<kw name="Step: Completed API">
<kw name="Log To Console" owner="BuiltIn">
<arg>=== Completed: ${api_name} ===</arg>
<doc>Logs the given message to the console.</doc>
<status status="PASS" start="2025-09-23T12:11:40.524689" elapsed="0.000000"/>
</kw>
<kw name="Log" owner="BuiltIn">
<msg time="2025-09-23T12:11:40.525718" level="INFO">=== Completed: Search Cases by Policy Number ===</msg>
<arg>=== Completed: ${api_name} ===</arg>
<arg>INFO</arg>
<doc>Logs the given message with the given level.</doc>
<status status="PASS" start="2025-09-23T12:11:40.525718" elapsed="0.000000"/>
</kw>
<arg>Search Cases by Policy Number</arg>
<doc>=== Completed: ${api_name} ===</doc>
<status status="PASS" start="2025-09-23T12:11:40.523685" elapsed="0.006990"/>
</kw>
<doc>Execute Search Cases by Policy Number</doc>
<status status="PASS" start="2025-09-23T12:11:39.163664" elapsed="1.367011"/>
</test>
<doc>Dynamic API Tests - Auto-generated for selected APIs</doc>
<status status="PASS" start="2025-09-23T12:11:37.630527" elapsed="2.908108"/>
</suite>
<statistics>
<total>
<stat pass="1" fail="0" skip="0">All Tests</stat>
</total>
<tag>
</tag>
<suite>
<stat pass="1" fail="0" skip="0" id="s1" name="Dynamic Api Tests">Dynamic Api Tests</stat>
</suite>
</statistics>
<errors>
</errors>
</robot>
