<?xml version="1.0" encoding="UTF-8"?>
<robot generator="Robot 7.0 (Python 3.12.1 on win32)" generated="2025-09-12T16:49:55.848103" rpa="false" schemaversion="5">
<suite id="s1" name="Api Config Executor" source="C:\Users\sharmash\automation-framwork\tests\api\api_config_executor.robot">
<kw name="Setup Session" type="SETUP">
<kw name="Create Session" owner="RequestsLibrary">
<msg time="2025-09-12T16:49:55.969103" level="INFO">Creating Session using : alias=api_session, url=https://login.qa.zinnia.com, headers={},                     cookies={}, auth=None, timeout=None, proxies=None, verify=False,                     debug=0 </msg>
<arg>api_session</arg>
<arg>https://login.qa.zinnia.com</arg>
<arg>verify=False</arg>
<doc>Create Session: create a HTTP session to a server</doc>
<status status="PASS" start="2025-09-12T16:49:55.969103" elapsed="0.000000"/>
</kw>
<kw name="Create Session" owner="RequestsLibrary">
<msg time="2025-09-12T16:49:55.970102" level="INFO">Creating Session using : alias=api_session_case, url=https://qa.api.zinnia.io, headers={},                     cookies={}, auth=None, timeout=None, proxies=None, verify=False,                     debug=0 </msg>
<arg>api_session_case</arg>
<arg>https://qa.api.zinnia.io</arg>
<arg>verify=False</arg>
<doc>Create Session: create a HTTP session to a server</doc>
<status status="PASS" start="2025-09-12T16:49:55.970102" elapsed="0.000000"/>
</kw>
<status status="PASS" start="2025-09-12T16:49:55.968102" elapsed="0.005901"/>
</kw>
<test id="s1-t1" name="Run Token And Case API" line="98">
<kw name="Set Variable" owner="BuiltIn">
<msg time="2025-09-12T16:49:55.974003" level="INFO">${config_file} = C:\Users\sharmash\automation-framwork\tests\api\..\api_config.json</msg>
<var>${config_file}</var>
<arg>C:\\Users\\sharmash\\automation-framwork\\tests\\api${/}..${/}api_config.json</arg>
<doc>Returns the given values which can then be assigned to a variables.</doc>
<status status="PASS" start="2025-09-12T16:49:55.974003" elapsed="0.000000"/>
</kw>
<kw name="File Should Exist" owner="OperatingSystem">
<msg time="2025-09-12T16:49:55.975078" level="INFO" html="true">File '&lt;a href="file://C:\Users\sharmash\automation-framwork\tests\api_config.json"&gt;C:\Users\sharmash\automation-framwork\tests\api_config.json&lt;/a&gt;' exists.</msg>
<arg>${config_file}</arg>
<arg>msg=API config file not found: ${config_file}</arg>
<doc>Fails unless the given ``path`` points to an existing file.</doc>
<status status="PASS" start="2025-09-12T16:49:55.975078" elapsed="0.000000"/>
</kw>
<kw name="Get File" owner="OperatingSystem">
<msg time="2025-09-12T16:49:55.977009" level="INFO" html="true">Getting file '&lt;a href="file://C:\Users\sharmash\automation-framwork\tests\api_config.json"&gt;C:\Users\sharmash\automation-framwork\tests\api_config.json&lt;/a&gt;'.</msg>
<msg time="2025-09-12T16:49:55.977009" level="INFO">${file_content} = {
    "regions": {
      "dev": "https://login.qa.zinnia.com/",
      "QA": "https://login.qa.zinnia.com/",
      "prod": "https://login.qa.zinnia.com/"
    },
    "apis": [
      {
        "name": "G...</msg>
<var>${file_content}</var>
<arg>${config_file}</arg>
<doc>Returns the contents of a specified file.</doc>
<status status="PASS" start="2025-09-12T16:49:55.977009" elapsed="0.000000"/>
</kw>
<kw name="Evaluate" owner="BuiltIn">
<msg time="2025-09-12T16:49:55.978759" level="INFO">${config} = {'regions': {'dev': 'https://login.qa.zinnia.com/', 'QA': 'https://login.qa.zinnia.com/', 'prod': 'https://login.qa.zinnia.com/'}, 'apis': [{'name': 'Get OAuth Token', 'endpoint': '/oauth/token', 'met...</msg>
<var>${config}</var>
<arg>json.loads('''${file_content}''')</arg>
<arg>json</arg>
<doc>Evaluates the given expression in Python and returns the result.</doc>
<status status="PASS" start="2025-09-12T16:49:55.978759" elapsed="0.000000"/>
</kw>
<kw name="Dictionary Should Contain Key" owner="Collections">
<msg time="2025-09-12T16:49:55.979761" level="INFO">False</msg>
<arg>${config}</arg>
<arg>apis</arg>
<arg>msg=Config file must contain 'apis' key</arg>
<doc>Fails if ``key`` is not found from ``dictionary``.</doc>
<status status="PASS" start="2025-09-12T16:49:55.979761" elapsed="0.000000"/>
</kw>
<kw name="Run All Configured APIs">
<for flavor="IN">
<iter>
<kw name="Execute API">
<kw name="Get From Dictionary" owner="Collections">
<msg time="2025-09-12T16:49:55.982761" level="INFO">${name} = Get OAuth Token</msg>
<var>${name}</var>
<arg>${api}</arg>
<arg>name</arg>
<doc>Returns a value from the given ``dictionary`` based on the given ``key``.</doc>
<status status="PASS" start="2025-09-12T16:49:55.981761" elapsed="0.001000"/>
</kw>
<kw name="Get From Dictionary" owner="Collections">
<msg time="2025-09-12T16:49:55.983761" level="INFO">${endpoint} = /oauth/token</msg>
<var>${endpoint}</var>
<arg>${api}</arg>
<arg>endpoint</arg>
<doc>Returns a value from the given ``dictionary`` based on the given ``key``.</doc>
<status status="PASS" start="2025-09-12T16:49:55.983761" elapsed="0.000000"/>
</kw>
<kw name="Get From Dictionary" owner="Collections">
<msg time="2025-09-12T16:49:55.984796" level="INFO">${method} = POST</msg>
<var>${method}</var>
<arg>${api}</arg>
<arg>method</arg>
<doc>Returns a value from the given ``dictionary`` based on the given ``key``.</doc>
<status status="PASS" start="2025-09-12T16:49:55.984796" elapsed="0.000000"/>
</kw>
<kw name="Get From Dictionary" owner="Collections">
<msg time="2025-09-12T16:49:55.986761" level="INFO">${headers} = {'Content-Type': 'application/x-www-form-urlencoded'}</msg>
<var>${headers}</var>
<arg>${api}</arg>
<arg>headers</arg>
<arg>default={}</arg>
<doc>Returns a value from the given ``dictionary`` based on the given ``key``.</doc>
<status status="PASS" start="2025-09-12T16:49:55.986761" elapsed="0.000000"/>
</kw>
<kw name="Get From Dictionary" owner="Collections">
<msg time="2025-09-12T16:49:55.987760" level="INFO">${payload} = {'audience': 'https://qa.api.zinnia.io', 'grant_type': 'client_credentials', 'client_id': 'UuMribrP3e8zVhfHy6wPJ25lVYh1CWN3', 'client_secret': 'WQ4ZBFI0RaYnhlhrZBdw4ltrMk8IKT9bDm1DX_U28doSk4F4Au5KiAso...</msg>
<var>${payload}</var>
<arg>${api}</arg>
<arg>payload</arg>
<arg>default=None</arg>
<doc>Returns a value from the given ``dictionary`` based on the given ``key``.</doc>
<status status="PASS" start="2025-09-12T16:49:55.987760" elapsed="0.000000"/>
</kw>
<kw name="Log To Console" owner="BuiltIn">
<arg>Executing API: ${name}</arg>
<doc>Logs the given message to the console.</doc>
<status status="PASS" start="2025-09-12T16:49:55.988760" elapsed="0.001001"/>
</kw>
<kw name="Run Keyword If" owner="BuiltIn">
<kw name="Execute Token API">
<kw name="Convert Dict To Form Data">
<kw name="Create List" owner="BuiltIn">
<msg time="2025-09-12T16:49:55.990766" level="INFO">${list} = []</msg>
<var>${list}</var>
<doc>Returns a list containing given items.</doc>
<status status="PASS" start="2025-09-12T16:49:55.990766" elapsed="0.000000"/>
</kw>
<for flavor="IN">
<iter>
<kw name="Catenate" owner="BuiltIn">
<msg time="2025-09-12T16:49:55.992760" level="INFO">${item} = audience=https://qa.api.zinnia.io</msg>
<var>${item}</var>
<arg>SEPARATOR==</arg>
<arg>${key}</arg>
<arg>${value}</arg>
<doc>Catenates the given items together and returns the resulted string.</doc>
<status status="PASS" start="2025-09-12T16:49:55.992760" elapsed="0.000000"/>
</kw>
<kw name="Append To List" owner="Collections">
<arg>${list}</arg>
<arg>${item}</arg>
<doc>Adds ``values`` to the end of ``list``.</doc>
<status status="PASS" start="2025-09-12T16:49:55.995735" elapsed="0.000000"/>
</kw>
<var name="${key}">audience</var>
<var name="${value}">https://qa.api.zinnia.io</var>
<status status="PASS" start="2025-09-12T16:49:55.992760" elapsed="0.002975"/>
</iter>
<iter>
<kw name="Catenate" owner="BuiltIn">
<msg time="2025-09-12T16:49:55.995735" level="INFO">${item} = grant_type=client_credentials</msg>
<var>${item}</var>
<arg>SEPARATOR==</arg>
<arg>${key}</arg>
<arg>${value}</arg>
<doc>Catenates the given items together and returns the resulted string.</doc>
<status status="PASS" start="2025-09-12T16:49:55.995735" elapsed="0.000000"/>
</kw>
<kw name="Append To List" owner="Collections">
<arg>${list}</arg>
<arg>${item}</arg>
<doc>Adds ``values`` to the end of ``list``.</doc>
<status status="PASS" start="2025-09-12T16:49:55.996734" elapsed="0.001001"/>
</kw>
<var name="${key}">grant_type</var>
<var name="${value}">client_credentials</var>
<status status="PASS" start="2025-09-12T16:49:55.995735" elapsed="0.002000"/>
</iter>
<iter>
<kw name="Catenate" owner="BuiltIn">
<msg time="2025-09-12T16:49:55.997735" level="INFO">${item} = client_id=UuMribrP3e8zVhfHy6wPJ25lVYh1CWN3</msg>
<var>${item}</var>
<arg>SEPARATOR==</arg>
<arg>${key}</arg>
<arg>${value}</arg>
<doc>Catenates the given items together and returns the resulted string.</doc>
<status status="PASS" start="2025-09-12T16:49:55.997735" elapsed="0.000000"/>
</kw>
<kw name="Append To List" owner="Collections">
<arg>${list}</arg>
<arg>${item}</arg>
<doc>Adds ``values`` to the end of ``list``.</doc>
<status status="PASS" start="2025-09-12T16:49:55.998734" elapsed="0.000000"/>
</kw>
<var name="${key}">client_id</var>
<var name="${value}">UuMribrP3e8zVhfHy6wPJ25lVYh1CWN3</var>
<status status="PASS" start="2025-09-12T16:49:55.997735" elapsed="0.000999"/>
</iter>
<iter>
<kw name="Catenate" owner="BuiltIn">
<msg time="2025-09-12T16:49:55.999843" level="INFO">${item} = client_secret=WQ4ZBFI0RaYnhlhrZBdw4ltrMk8IKT9bDm1DX_U28doSk4F4Au5KiAsoBCSNYWix</msg>
<var>${item}</var>
<arg>SEPARATOR==</arg>
<arg>${key}</arg>
<arg>${value}</arg>
<doc>Catenates the given items together and returns the resulted string.</doc>
<status status="PASS" start="2025-09-12T16:49:55.998734" elapsed="0.001109"/>
</kw>
<kw name="Append To List" owner="Collections">
<arg>${list}</arg>
<arg>${item}</arg>
<doc>Adds ``values`` to the end of ``list``.</doc>
<status status="PASS" start="2025-09-12T16:49:56.000550" elapsed="0.000000"/>
</kw>
<var name="${key}">client_secret</var>
<var name="${value}">WQ4ZBFI0RaYnhlhrZBdw4ltrMk8IKT9bDm1DX_U28doSk4F4Au5KiAsoBCSNYWix</var>
<status status="PASS" start="2025-09-12T16:49:55.998734" elapsed="0.001816"/>
</iter>
<var>${key}</var>
<var>${value}</var>
<value>&amp;{dict_payload}</value>
<status status="PASS" start="2025-09-12T16:49:55.992760" elapsed="0.007790"/>
</for>
<kw name="Catenate" owner="BuiltIn">
<msg time="2025-09-12T16:49:56.000550" level="INFO">${form_data} = audience=https://qa.api.zinnia.io&amp;grant_type=client_credentials&amp;client_id=UuMribrP3e8zVhfHy6wPJ25lVYh1CWN3&amp;client_secret=WQ4ZBFI0RaYnhlhrZBdw4ltrMk8IKT9bDm1DX_U28doSk4F4Au5KiAsoBCSNYWix</msg>
<var>${form_data}</var>
<arg>SEPARATOR=&amp;</arg>
<arg>@{list}</arg>
<doc>Catenates the given items together and returns the resulted string.</doc>
<status status="PASS" start="2025-09-12T16:49:56.000550" elapsed="0.000000"/>
</kw>
<return>
<value>${form_data}</value>
<status status="PASS" start="2025-09-12T16:49:56.001669" elapsed="0.000000"/>
</return>
<msg time="2025-09-12T16:49:56.002554" level="INFO">${form_data} = audience=https://qa.api.zinnia.io&amp;grant_type=client_credentials&amp;client_id=UuMribrP3e8zVhfHy6wPJ25lVYh1CWN3&amp;client_secret=WQ4ZBFI0RaYnhlhrZBdw4ltrMk8IKT9bDm1DX_U28doSk4F4Au5KiAsoBCSNYWix</msg>
<var>${form_data}</var>
<arg>${payload}</arg>
<status status="PASS" start="2025-09-12T16:49:55.990766" elapsed="0.011788"/>
</kw>
<kw name="POST On Session" owner="RequestsLibrary">
<msg time="2025-09-12T16:49:56.870014" level="INFO">POST Request : url=https://login.qa.zinnia.com/oauth/token 
 path_url=/oauth/token 
 headers={'User-Agent': 'python-requests/2.31.0', 'Accept-Encoding': 'gzip, deflate, br', 'Accept': '*/*', 'Connection': 'keep-alive', 'Content-Type': 'application/x-www-form-urlencoded', 'Content-Length': '185'} 
 body=audience=https://qa.api.zinnia.io&amp;grant_type=client_credentials&amp;client_id=UuMribrP3e8zVhfHy6wPJ25lVYh1CWN3&amp;client_secret=WQ4ZBFI0RaYnhlhrZBdw4ltrMk8IKT9bDm1DX_U28doSk4F4Au5KiAsoBCSNYWix 
 </msg>
<msg time="2025-09-12T16:49:56.870014" level="INFO">POST Response : url=https://login.qa.zinnia.com/oauth/token 
 status=200, reason=OK 
 headers={'Date': 'Fri, 12 Sep 2025 11:19:56 GMT', 'Content-Type': 'application/json', 'Transfer-Encoding': 'chunked', 'Connection': 'keep-alive', 'Content-Encoding': 'br', 'CF-Ray': '97df033fe94c0c2e-DEL', 'CF-Cache-Status': 'DYNAMIC', 'Cache-Control': 'no-store', 'Set-Cookie': 'did=s%3Av0%3A5a35ac0d-f056-4e13-9243-58300e6570eb.EDOLVNevfAlGhsPDXI%2BcTmalKFCVjZbk8uGPCaBlz00; Path=/; Expires=Sat, 12 Sep 2026 17:19:56 GMT; HttpOnly; Secure; SameSite=None, did_compat=s%3Av0%3A5a35ac0d-f056-4e13-9243-58300e6570eb.EDOLVNevfAlGhsPDXI%2BcTmalKFCVjZbk8uGPCaBlz00; Path=/; Expires=Sat, 12 Sep 2026 17:19:56 GMT; HttpOnly; Secure', 'Strict-Transport-Security': 'max-age=31536000; includeSubDomains', 'Vary': 'Accept-Encoding, Origin', 'Pragma': 'no-cache', 'X-Auth0-L': '0.508', 'X-Auth0-RequestId': 'b520fb83c4895ba0956e', 'X-Content-Type-Options': 'nosniff', 'X-RateLimit-Limit': '300', 'X-RateLimit-Remaining': '299', 'X-RateLimit-Reset': '1757675998', 'Server': 'cloudflare', 'alt-svc': 'h3=":443"; ma=86400'} 
 body={"access_token":"eyJhbGciOiJSUzI1NiIsInR5cCI6IkpXVCIsImtpZCI6IlU1SWNUOEQ4LTNWdl80NDFIdnlzbyJ9.eyJodHRwczovL3FhLmFwaS56aW5uaWEuaW8vY2xpZW50SWRzIjpbImV2ZXJseSIsImVsaWMiLCJzYnVsIl0sImh0dHBzOi8vcWEuYXBpLnppbm5pYS5pby9wZXJtaXNzaW9ucyI6WyJyZWFkOnBvbGljeSIsIndyaXRlOnBvbGljeSIsIndyaXRlOmNhc2UiLCJyZWFkOmNhc2UiLCJyZWFkOmRvY3VtZW50Iiwid3JpdGU6ZG9jdW1lbnQiLCJ3cml0ZTp0YXNrIiwicmVhZDp0YXNrIl0sInBhcnR5SWQiOiJjNmE3YWI5ZjdkZDg0MDE1YTY1NTJiZmM1YjM2NmI3NyIsInNvdXJjZSI6IkJ1c2luZXNzIFByb2Nlc3MgTWFuYWdlbWVudCIsImlzcyI6Imh0dHBzOi8vbG9naW4ucWEuemlubmlhLmNvbS8iLCJzdWIiOiJVdU1yaWJyUDNlOHpWaGZIeTZ3UEoyNWxWWWgxQ1dOM0BjbGllbnRzIiwiYXVkIjoiaHR0cHM6Ly9xYS5hcGkuemlubmlhLmlvIiwiaWF0IjoxNzU3Njc1OTk2LCJleHAiOjE3NTc3NjIzOTYsInNjb3BlIjoib3BlbmlkIiwiZ3R5IjoiY2xpZW50LWNyZWRlbnRpYWxzIiwiYXpwIjoiVXVNcmliclAzZTh6VmhmSHk2d1BKMjVsVlloMUNXTjMifQ.js4hJaZvDAE9V6ybuLbhJVmHOyILnMW_cAXHsc6yrWeyU8k6waW0fCL9eJ9Ew32h5tXSx0aVcKNrgYPM1Q4UmKEJfUke-FDUz6-Os1wgDnvCBYxDVKiEomFlfdb01ZVLuxNLwQEeCad0HhteGvvX5MzYrmqVpj7Ab1L1HH3ZMqZvo4f5gpyVrcdu2GiRwIGfthQ2aM2gX6abMA4hCtzF9LNhYHfDzTk0PMhgAY3UxXnQqJXxfcX0J-fUcjCSe-yhDDZ01uslCoww1Cj2BHFUNU-cLAoQZy1gr4DDfd3AZNk78SFlKfr8iUNIwg3gMQGTQ0uQdm0gjD40sNmxXbwAAg","scope":"openid","expires_in":86400,"token_type":"Bearer"} 
 </msg>
<msg time="2025-09-12T16:49:56.870014" level="INFO">C:\Users\sharmash\AppData\Roaming\Python\Python312\site-packages\urllib3\connectionpool.py:1097: InsecureRequestWarning: Unverified HTTPS request is being made to host 'login.qa.zinnia.com'. Adding certificate verification is strongly advised. See: https://urllib3.readthedocs.io/en/latest/advanced-usage.html#tls-warnings
  warnings.warn(</msg>
<msg time="2025-09-12T16:49:56.870014" level="INFO">${response} = &lt;Response [200]&gt;</msg>
<var>${response}</var>
<arg>api_session</arg>
<arg>${endpoint}</arg>
<arg>data=${form_data}</arg>
<arg>headers=${headers}</arg>
<doc>Sends a POST request on a previously created HTTP Session.</doc>
<status status="PASS" start="2025-09-12T16:49:56.003552" elapsed="0.866462"/>
</kw>
<kw name="Should Be Equal As Integers" owner="BuiltIn">
<msg time="2025-09-12T16:49:56.872014" level="INFO">Argument types are:
&lt;class 'int'&gt;
&lt;class 'str'&gt;</msg>
<arg>${response.status_code}</arg>
<arg>200</arg>
<arg>msg=Failed to get token!</arg>
<doc>Fails if objects are unequal after converting them to integers.</doc>
<status status="PASS" start="2025-09-12T16:49:56.871014" elapsed="0.001000"/>
</kw>
<kw name="Set Variable" owner="BuiltIn">
<msg time="2025-09-12T16:49:56.873014" level="INFO">${json} = {'access_token': 'eyJhbGciOiJSUzI1NiIsInR5cCI6IkpXVCIsImtpZCI6IlU1SWNUOEQ4LTNWdl80NDFIdnlzbyJ9.eyJodHRwczovL3FhLmFwaS56aW5uaWEuaW8vY2xpZW50SWRzIjpbImV2ZXJseSIsImVsaWMiLCJzYnVsIl0sImh0dHBzOi8vcWEuYXBpL...</msg>
<var>${json}</var>
<arg>${response.json()}</arg>
<doc>Returns the given values which can then be assigned to a variables.</doc>
<status status="PASS" start="2025-09-12T16:49:56.873014" elapsed="0.000000"/>
</kw>
<kw name="Get From Dictionary" owner="Collections">
<msg time="2025-09-12T16:49:56.874852" level="INFO">${token} = eyJhbGciOiJSUzI1NiIsInR5cCI6IkpXVCIsImtpZCI6IlU1SWNUOEQ4LTNWdl80NDFIdnlzbyJ9.eyJodHRwczovL3FhLmFwaS56aW5uaWEuaW8vY2xpZW50SWRzIjpbImV2ZXJseSIsImVsaWMiLCJzYnVsIl0sImh0dHBzOi8vcWEuYXBpLnppbm5pYS5pby9wZXJ...</msg>
<var>${token}</var>
<arg>${json}</arg>
<arg>access_token</arg>
<doc>Returns a value from the given ``dictionary`` based on the given ``key``.</doc>
<status status="PASS" start="2025-09-12T16:49:56.874852" elapsed="0.000000"/>
</kw>
<kw name="Set Suite Variable" owner="BuiltIn">
<msg time="2025-09-12T16:49:56.877855" level="INFO">${TOKEN} = eyJhbGciOiJSUzI1NiIsInR5cCI6IkpXVCIsImtpZCI6IlU1SWNUOEQ4LTNWdl80NDFIdnlzbyJ9.eyJodHRwczovL3FhLmFwaS56aW5uaWEuaW8vY2xpZW50SWRzIjpbImV2ZXJseSIsImVsaWMiLCJzYnVsIl0sImh0dHBzOi8vcWEuYXBpLnppbm5pYS5pby9wZXJ...</msg>
<arg>${TOKEN}</arg>
<arg>${token}</arg>
<doc>Makes a variable available everywhere within the scope of the current suite.</doc>
<status status="PASS" start="2025-09-12T16:49:56.877855" elapsed="0.000000"/>
</kw>
<kw name="Log To Console" owner="BuiltIn">
<arg>Token received: ${token}</arg>
<doc>Logs the given message to the console.</doc>
<status status="PASS" start="2025-09-12T16:49:56.879855" elapsed="0.000000"/>
</kw>
<arg>${endpoint}</arg>
<arg>${method}</arg>
<arg>${headers}</arg>
<arg>${payload}</arg>
<status status="PASS" start="2025-09-12T16:49:55.989761" elapsed="0.890094"/>
</kw>
<arg>'${name}' == 'Get OAuth Token'</arg>
<arg>Execute Token API</arg>
<arg>${endpoint}</arg>
<arg>${method}</arg>
<arg>${headers}</arg>
<arg>${payload}</arg>
<arg>ELSE</arg>
<arg>Execute Normal API</arg>
<arg>${endpoint}</arg>
<arg>${method}</arg>
<arg>${headers}</arg>
<arg>${payload}</arg>
<doc>Runs the given keyword with the given arguments, if ``condition`` is true.</doc>
<status status="PASS" start="2025-09-12T16:49:55.989761" elapsed="0.890094"/>
</kw>
<arg>${api}</arg>
<status status="PASS" start="2025-09-12T16:49:55.981761" elapsed="0.898094"/>
</kw>
<var name="${api}">{'name': 'Get OAuth Token', 'endpoint': '/oauth/token', 'method': 'POST', 'api_type': 'Authentication', 'payload': {'audience': 'https://qa.api.zinnia.io', 'grant_type': 'client_credentials', 'client_...</var>
<status status="PASS" start="2025-09-12T16:49:55.981761" elapsed="0.898094"/>
</iter>
<var>${api}</var>
<value>@{apis}</value>
<status status="PASS" start="2025-09-12T16:49:55.981761" elapsed="0.898094"/>
</for>
<arg>@{config}[apis]</arg>
<status status="PASS" start="2025-09-12T16:49:55.981761" elapsed="0.898094"/>
</kw>
<doc>Execute configured APIs from the config file</doc>
<status status="PASS" start="2025-09-12T16:49:55.974003" elapsed="0.905852"/>
</test>
<doc>API Configuration Executor for handling token and case APIs</doc>
<status status="PASS" start="2025-09-12T16:49:55.886102" elapsed="0.995788"/>
</suite>
<statistics>
<total>
<stat pass="1" fail="0" skip="0">All Tests</stat>
</total>
<tag>
</tag>
<suite>
<stat pass="1" fail="0" skip="0" id="s1" name="Api Config Executor">Api Config Executor</stat>
</suite>
</statistics>
<errors>
</errors>
</robot>
