<?xml version="1.0" encoding="UTF-8"?>
<robot generator="Robot 7.0.1 (Python 3.12.1 on win32)" generated="2025-09-22T16:38:35.866807" rpa="false" schemaversion="5">
<suite id="s1" name="Dynamic Api Tests" source="C:\Users\sharmash\automation-framwork\tests\api\dynamic_api_tests.robot">
<test id="s1-t1" name="Test_01_Get_OAuth_Token" line="79">
<kw name="Setup Session" type="SETUP">
<kw name="Create Session" owner="RequestsLibrary">
<msg time="2025-09-22T16:38:36.539685" level="INFO">Creating Session using : alias=api_session, url=https://login.qa.zinnia.com, headers={},                     cookies={}, auth=None, timeout=None, proxies=None, verify=False,                     debug=0 </msg>
<arg>api_session</arg>
<arg>https://login.qa.zinnia.com</arg>
<arg>verify=False</arg>
<doc>Create Session: create a HTTP session to a server</doc>
<status status="PASS" start="2025-09-22T16:38:36.539685" elapsed="0.000000"/>
</kw>
<kw name="Create Session" owner="RequestsLibrary">
<msg time="2025-09-22T16:38:36.542685" level="INFO">Creating Session using : alias=api_session_case, url=https://qa.api.zinnia.io, headers={},                     cookies={}, auth=None, timeout=None, proxies=None, verify=False,                     debug=0 </msg>
<arg>api_session_case</arg>
<arg>https://qa.api.zinnia.io</arg>
<arg>verify=False</arg>
<doc>Create Session: create a HTTP session to a server</doc>
<status status="PASS" start="2025-09-22T16:38:36.541685" elapsed="0.001000"/>
</kw>
<kw name="Create Session" owner="RequestsLibrary">
<msg time="2025-09-22T16:38:36.546685" level="INFO">Creating Session using : alias=api_session_bpm, url=https://qa-bpm.se2.com, headers={},                     cookies={}, auth=None, timeout=None, proxies=None, verify=False,                     debug=0 </msg>
<arg>api_session_bpm</arg>
<arg>https://qa-bpm.se2.com</arg>
<arg>verify=False</arg>
<doc>Create Session: create a HTTP session to a server</doc>
<status status="PASS" start="2025-09-22T16:38:36.546685" elapsed="0.001000"/>
</kw>
<status status="PASS" start="2025-09-22T16:38:36.538686" elapsed="0.011000"/>
</kw>
<kw name="Set Variable" owner="BuiltIn">
<msg time="2025-09-22T16:38:36.550685" level="INFO">${endpoint} = /oauth/token</msg>
<var>${endpoint}</var>
<arg>/oauth/token</arg>
<doc>Returns the given values which can then be assigned to a variables.</doc>
<status status="PASS" start="2025-09-22T16:38:36.550685" elapsed="0.000000"/>
</kw>
<kw name="Set Variable" owner="BuiltIn">
<msg time="2025-09-22T16:38:36.554686" level="INFO">${method} = POST</msg>
<var>${method}</var>
<arg>POST</arg>
<doc>Returns the given values which can then be assigned to a variables.</doc>
<status status="PASS" start="2025-09-22T16:38:36.554686" elapsed="0.000000"/>
</kw>
<kw name="Create Dictionary" owner="BuiltIn">
<msg time="2025-09-22T16:38:36.558685" level="INFO">${headers} = {'Content-Type': 'application/x-www-form-urlencoded'}</msg>
<var>${headers}</var>
<arg>Content-Type=application/x-www-form-urlencoded</arg>
<doc>Creates and returns a dictionary based on the given ``items``.</doc>
<status status="PASS" start="2025-09-22T16:38:36.557685" elapsed="0.001000"/>
</kw>
<kw name="Set Variable" owner="BuiltIn">
<msg time="2025-09-22T16:38:36.560685" level="INFO">${base_url} = None</msg>
<var>${base_url}</var>
<arg>None</arg>
<doc>Returns the given values which can then be assigned to a variables.</doc>
<status status="PASS" start="2025-09-22T16:38:36.560685" elapsed="0.000000"/>
</kw>
<kw name="Create Dictionary" owner="BuiltIn">
<msg time="2025-09-22T16:38:36.563685" level="INFO">${payload} = {'audience': 'https://qa.api.zinnia.io', 'grant_type': 'client_credentials', 'client_id': 'UuMribrP3e8zVhfHy6wPJ25lVYh1CWN3', 'client_secret': 'WQ4ZBFI0RaYnhlhrZBdw4ltrMk8IKT9bDm1DX_U28doSk4F4Au5KiAso...</msg>
<var>${payload}</var>
<arg>audience=https://qa.api.zinnia.io</arg>
<arg>grant_type=client_credentials</arg>
<arg>client_id=UuMribrP3e8zVhfHy6wPJ25lVYh1CWN3</arg>
<arg>client_secret=WQ4ZBFI0RaYnhlhrZBdw4ltrMk8IKT9bDm1DX_U28doSk4F4Au5KiAsoBCSNYWix</arg>
<doc>Creates and returns a dictionary based on the given ``items``.</doc>
<status status="PASS" start="2025-09-22T16:38:36.562685" elapsed="0.001000"/>
</kw>
<kw name="Log To Console" owner="BuiltIn">
<arg>\n=== Executing: Get OAuth Token ===</arg>
<doc>Logs the given message to the console.</doc>
<status status="PASS" start="2025-09-22T16:38:36.565686" elapsed="0.001000"/>
</kw>
<kw name="Execute Token API">
<kw name="Create Dictionary" owner="BuiltIn">
<msg time="2025-09-22T16:38:36.567686" level="INFO">${form_data} = {}</msg>
<var>${form_data}</var>
<doc>Creates and returns a dictionary based on the given ``items``.</doc>
<status status="PASS" start="2025-09-22T16:38:36.567686" elapsed="0.000000"/>
</kw>
<for flavor="IN">
<iter>
<kw name="Set To Dictionary" owner="Collections">
<arg>${form_data}</arg>
<arg>${key}=${value}</arg>
<doc>Adds the given ``key_value_pairs`` and/or ``items`` to the ``dictionary``.</doc>
<status status="PASS" start="2025-09-22T16:38:36.571686" elapsed="0.000999"/>
</kw>
<var name="${key}">audience</var>
<var name="${value}">https://qa.api.zinnia.io</var>
<status status="PASS" start="2025-09-22T16:38:36.571686" elapsed="0.000999"/>
</iter>
<iter>
<kw name="Set To Dictionary" owner="Collections">
<arg>${form_data}</arg>
<arg>${key}=${value}</arg>
<doc>Adds the given ``key_value_pairs`` and/or ``items`` to the ``dictionary``.</doc>
<status status="PASS" start="2025-09-22T16:38:36.572685" elapsed="0.001000"/>
</kw>
<var name="${key}">grant_type</var>
<var name="${value}">client_credentials</var>
<status status="PASS" start="2025-09-22T16:38:36.572685" elapsed="0.001000"/>
</iter>
<iter>
<kw name="Set To Dictionary" owner="Collections">
<arg>${form_data}</arg>
<arg>${key}=${value}</arg>
<doc>Adds the given ``key_value_pairs`` and/or ``items`` to the ``dictionary``.</doc>
<status status="PASS" start="2025-09-22T16:38:36.574685" elapsed="0.000000"/>
</kw>
<var name="${key}">client_id</var>
<var name="${value}">UuMribrP3e8zVhfHy6wPJ25lVYh1CWN3</var>
<status status="PASS" start="2025-09-22T16:38:36.573685" elapsed="0.001000"/>
</iter>
<iter>
<kw name="Set To Dictionary" owner="Collections">
<arg>${form_data}</arg>
<arg>${key}=${value}</arg>
<doc>Adds the given ``key_value_pairs`` and/or ``items`` to the ``dictionary``.</doc>
<status status="PASS" start="2025-09-22T16:38:36.575685" elapsed="0.000000"/>
</kw>
<var name="${key}">client_secret</var>
<var name="${value}">WQ4ZBFI0RaYnhlhrZBdw4ltrMk8IKT9bDm1DX_U28doSk4F4Au5KiAsoBCSNYWix</var>
<status status="PASS" start="2025-09-22T16:38:36.575685" elapsed="0.000000"/>
</iter>
<var>${key}</var>
<var>${value}</var>
<value>&amp;{payload}</value>
<status status="PASS" start="2025-09-22T16:38:36.570686" elapsed="0.005999"/>
</for>
<kw name="POST On Session" owner="RequestsLibrary">
<msg time="2025-09-22T16:38:37.686315" level="INFO">POST Request : url=https://login.qa.zinnia.com/oauth/token 
 path_url=/oauth/token 
 headers={'User-Agent': 'python-requests/2.32.3', 'Accept-Encoding': 'gzip, deflate, br', 'Accept': '*/*', 'Connection': 'keep-alive', 'Content-Type': 'application/x-www-form-urlencoded', 'Content-Length': '191'} 
 body=audience=https%3A%2F%2Fqa.api.zinnia.io&amp;grant_type=client_credentials&amp;client_id=UuMribrP3e8zVhfHy6wPJ25lVYh1CWN3&amp;client_secret=WQ4ZBFI0RaYnhlhrZBdw4ltrMk8IKT9bDm1DX_U28doSk4F4Au5KiAsoBCSNYWix 
 </msg>
<msg time="2025-09-22T16:38:37.686315" level="INFO">POST Response : url=https://login.qa.zinnia.com/oauth/token 
 status=200, reason=OK 
 headers={'Date': 'Mon, 22 Sep 2025 11:08:38 GMT', 'Content-Type': 'application/json', 'Transfer-Encoding': 'chunked', 'Connection': 'keep-alive', 'Content-Encoding': 'br', 'CF-Ray': '9831586dea7f5a18-DEL', 'CF-Cache-Status': 'DYNAMIC', 'Cache-Control': 'no-store', 'Set-Cookie': 'did=s%3Av0%3Ac7606743-26a5-4620-bca2-49444d76f26e.dpWcHdvIh0YsTxfv6lFcYGpzGJyDliRpj5XBMChBTOM; Path=/; Expires=Tue, 22 Sep 2026 17:08:38 GMT; HttpOnly; Secure; SameSite=None, did_compat=s%3Av0%3Ac7606743-26a5-4620-bca2-49444d76f26e.dpWcHdvIh0YsTxfv6lFcYGpzGJyDliRpj5XBMChBTOM; Path=/; Expires=Tue, 22 Sep 2026 17:08:38 GMT; HttpOnly; Secure', 'Strict-Transport-Security': 'max-age=31536000; includeSubDomains', 'Vary': 'Accept-Encoding, Origin', 'Pragma': 'no-cache', 'X-Auth0-L': '0.521', 'X-Auth0-RequestId': 'b8144e5b79136c440550', 'X-Content-Type-Options': 'nosniff', 'X-RateLimit-Limit': '300', 'X-RateLimit-Remaining': '299', 'X-RateLimit-Reset': '1758539319', 'Server': 'cloudflare', 'alt-svc': 'h3=":443"; ma=86400'} 
 body={"access_token":"eyJhbGciOiJSUzI1NiIsInR5cCI6IkpXVCIsImtpZCI6IlU1SWNUOEQ4LTNWdl80NDFIdnlzbyJ9.eyJodHRwczovL3FhLmFwaS56aW5uaWEuaW8vY2xpZW50SWRzIjpbImV2ZXJseSIsImVsaWMiLCJzYnVsIl0sImh0dHBzOi8vcWEuYXBpLnppbm5pYS5pby9wZXJtaXNzaW9ucyI6WyJyZWFkOnBvbGljeSIsIndyaXRlOnBvbGljeSIsIndyaXRlOmNhc2UiLCJyZWFkOmNhc2UiLCJyZWFkOmRvY3VtZW50Iiwid3JpdGU6ZG9jdW1lbnQiLCJ3cml0ZTp0YXNrIiwicmVhZDp0YXNrIl0sInBhcnR5SWQiOiJjNmE3YWI5ZjdkZDg0MDE1YTY1NTJiZmM1YjM2NmI3NyIsInNvdXJjZSI6IkJ1c2luZXNzIFByb2Nlc3MgTWFuYWdlbWVudCIsImlzcyI6Imh0dHBzOi8vbG9naW4ucWEuemlubmlhLmNvbS8iLCJzdWIiOiJVdU1yaWJyUDNlOHpWaGZIeTZ3UEoyNWxWWWgxQ1dOM0BjbGllbnRzIiwiYXVkIjoiaHR0cHM6Ly9xYS5hcGkuemlubmlhLmlvIiwiaWF0IjoxNzU4NTM5MzE4LCJleHAiOjE3NTg2MjU3MTgsInNjb3BlIjoib3BlbmlkIiwiZ3R5IjoiY2xpZW50LWNyZWRlbnRpYWxzIiwiYXpwIjoiVXVNcmliclAzZTh6VmhmSHk2d1BKMjVsVlloMUNXTjMifQ.TBJOZF5q7ha1ceYhzYn2SwIGA8CYxU6vXRZRdoKdZPFHJYAHwNGfp8bbv7uHuaA_wpW3Z7jxuqbGUABV0xP1OWFdUgAO98kbSSUiPcbO0FE29Z-RIzsRqPBN6ToEjs8U_ziwpqnsoMwbYKhKQd00OHr-XPHQOUC6k8GLrJ9GLrZXu8Aeq7Lil56p5wl_5nbVU1k7l2bLCPuZAxyEamSwGrQictgdjsaXKURZy8RC1Te6ggxDMfTEwpjRCeS1n7hPiJH0x_hfPhcOC2tqKCM69CzXwwUyd4W1_clxYWKchzEWGwAkbaSKgPDp4x0HU_hPKqE7hKSOD9cBHlHL7CVYoA","scope":"openid","expires_in":86400,"token_type":"Bearer"} 
 </msg>
<msg time="2025-09-22T16:38:37.686315" level="INFO">C:\Users\sharmash\AppData\Roaming\Python\Python312\site-packages\urllib3\connectionpool.py:1103: InsecureRequestWarning: Unverified HTTPS request is being made to host 'login.qa.zinnia.com'. Adding certificate verification is strongly advised. See: https://urllib3.readthedocs.io/en/latest/advanced-usage.html#tls-warnings
  warnings.warn(</msg>
<msg time="2025-09-22T16:38:37.686315" level="INFO">${response} = &lt;Response [200]&gt;</msg>
<var>${response}</var>
<arg>api_session</arg>
<arg>${endpoint}</arg>
<arg>data=${form_data}</arg>
<arg>headers=${headers}</arg>
<doc>Sends a POST request on a previously created HTTP Session.</doc>
<status status="PASS" start="2025-09-22T16:38:36.576685" elapsed="1.109630"/>
</kw>
<kw name="Get From Dictionary" owner="Collections">
<msg time="2025-09-22T16:38:37.688314" level="INFO">${token} = eyJhbGciOiJSUzI1NiIsInR5cCI6IkpXVCIsImtpZCI6IlU1SWNUOEQ4LTNWdl80NDFIdnlzbyJ9.eyJodHRwczovL3FhLmFwaS56aW5uaWEuaW8vY2xpZW50SWRzIjpbImV2ZXJseSIsImVsaWMiLCJzYnVsIl0sImh0dHBzOi8vcWEuYXBpLnppbm5pYS5pby9wZXJ...</msg>
<var>${token}</var>
<arg>${response.json()}</arg>
<arg>access_token</arg>
<doc>Returns a value from the given ``dictionary`` based on the given ``key``.</doc>
<status status="PASS" start="2025-09-22T16:38:37.688314" elapsed="0.000000"/>
</kw>
<kw name="Set Global Variable" owner="BuiltIn">
<msg time="2025-09-22T16:38:37.690315" level="INFO">${TOKEN} = eyJhbGciOiJSUzI1NiIsInR5cCI6IkpXVCIsImtpZCI6IlU1SWNUOEQ4LTNWdl80NDFIdnlzbyJ9.eyJodHRwczovL3FhLmFwaS56aW5uaWEuaW8vY2xpZW50SWRzIjpbImV2ZXJseSIsImVsaWMiLCJzYnVsIl0sImh0dHBzOi8vcWEuYXBpLnppbm5pYS5pby9wZXJ...</msg>
<arg>${TOKEN}</arg>
<arg>${token}</arg>
<doc>Makes a variable available globally in all tests and suites.</doc>
<status status="PASS" start="2025-09-22T16:38:37.690315" elapsed="0.000000"/>
</kw>
<kw name="Log To Console" owner="BuiltIn">
<arg>Token received: ${token}</arg>
<doc>Logs the given message to the console.</doc>
<status status="PASS" start="2025-09-22T16:38:37.691315" elapsed="0.001002"/>
</kw>
<arg>${endpoint}</arg>
<arg>${method}</arg>
<arg>${headers}</arg>
<arg>${payload}</arg>
<status status="PASS" start="2025-09-22T16:38:36.566686" elapsed="1.125631"/>
</kw>
<kw name="Log To Console" owner="BuiltIn">
<arg>=== Completed: Get OAuth Token ===</arg>
<doc>Logs the given message to the console.</doc>
<status status="PASS" start="2025-09-22T16:38:37.692317" elapsed="0.000000"/>
</kw>
<doc>Execute Get OAuth Token</doc>
<status status="PASS" start="2025-09-22T16:38:36.537687" elapsed="1.155630"/>
</test>
<test id="s1-t2" name="Test_02_Get_Case_Details" line="97">
<kw name="Setup Session" type="SETUP">
<kw name="Create Session" owner="RequestsLibrary">
<msg time="2025-09-22T16:38:37.698361" level="INFO">Creating Session using : alias=api_session, url=https://login.qa.zinnia.com, headers={},                     cookies={}, auth=None, timeout=None, proxies=None, verify=False,                     debug=0 </msg>
<arg>api_session</arg>
<arg>https://login.qa.zinnia.com</arg>
<arg>verify=False</arg>
<doc>Create Session: create a HTTP session to a server</doc>
<status status="PASS" start="2025-09-22T16:38:37.698361" elapsed="0.000000"/>
</kw>
<kw name="Create Session" owner="RequestsLibrary">
<msg time="2025-09-22T16:38:37.702365" level="INFO">Creating Session using : alias=api_session_case, url=https://qa.api.zinnia.io, headers={},                     cookies={}, auth=None, timeout=None, proxies=None, verify=False,                     debug=0 </msg>
<arg>api_session_case</arg>
<arg>https://qa.api.zinnia.io</arg>
<arg>verify=False</arg>
<doc>Create Session: create a HTTP session to a server</doc>
<status status="PASS" start="2025-09-22T16:38:37.701347" elapsed="0.001018"/>
</kw>
<kw name="Create Session" owner="RequestsLibrary">
<msg time="2025-09-22T16:38:37.703352" level="INFO">Creating Session using : alias=api_session_bpm, url=https://qa-bpm.se2.com, headers={},                     cookies={}, auth=None, timeout=None, proxies=None, verify=False,                     debug=0 </msg>
<arg>api_session_bpm</arg>
<arg>https://qa-bpm.se2.com</arg>
<arg>verify=False</arg>
<doc>Create Session: create a HTTP session to a server</doc>
<status status="PASS" start="2025-09-22T16:38:37.703352" elapsed="0.000000"/>
</kw>
<status status="PASS" start="2025-09-22T16:38:37.697359" elapsed="0.008004"/>
</kw>
<kw name="Set Variable" owner="BuiltIn">
<msg time="2025-09-22T16:38:37.705363" level="INFO">${endpoint} = /case/v1/cases/{caseID}</msg>
<var>${endpoint}</var>
<arg>/case/v1/cases/{caseID}</arg>
<doc>Returns the given values which can then be assigned to a variables.</doc>
<status status="PASS" start="2025-09-22T16:38:37.705363" elapsed="0.000000"/>
</kw>
<kw name="Set Variable" owner="BuiltIn">
<msg time="2025-09-22T16:38:37.707349" level="INFO">${method} = GET</msg>
<var>${method}</var>
<arg>GET</arg>
<doc>Returns the given values which can then be assigned to a variables.</doc>
<status status="PASS" start="2025-09-22T16:38:37.706315" elapsed="0.001034"/>
</kw>
<kw name="Create Dictionary" owner="BuiltIn">
<msg time="2025-09-22T16:38:37.708314" level="INFO">${headers} = {'Content-Type': 'application/json'}</msg>
<var>${headers}</var>
<arg>Content-Type=application/json</arg>
<doc>Creates and returns a dictionary based on the given ``items``.</doc>
<status status="PASS" start="2025-09-22T16:38:37.708314" elapsed="0.000000"/>
</kw>
<kw name="Set Variable" owner="BuiltIn">
<msg time="2025-09-22T16:38:37.709346" level="INFO">${base_url} = https://qa-bpm.se2.com</msg>
<var>${base_url}</var>
<arg>https://qa-bpm.se2.com</arg>
<doc>Returns the given values which can then be assigned to a variables.</doc>
<status status="PASS" start="2025-09-22T16:38:37.709346" elapsed="0.000000"/>
</kw>
<kw name="Set Variable" owner="BuiltIn">
<msg time="2025-09-22T16:38:37.710314" level="INFO">${payload} = None</msg>
<var>${payload}</var>
<arg>${None}</arg>
<doc>Returns the given values which can then be assigned to a variables.</doc>
<status status="PASS" start="2025-09-22T16:38:37.710314" elapsed="0.001027"/>
</kw>
<kw name="Create Dictionary" owner="BuiltIn">
<msg time="2025-09-22T16:38:37.712367" level="INFO">${api_dict} = {'name': 'Get Case Details', 'endpoint': '/case/v1/cases/{caseID}', 'method': 'GET', 'headers': {'Content-Type': 'application/json'}, 'default_case_id': 'CA0000370039'}</msg>
<var>${api_dict}</var>
<arg>name=Get Case Details</arg>
<arg>endpoint=${endpoint}</arg>
<arg>method=${method}</arg>
<arg>headers=${headers}</arg>
<arg>default_case_id=CA0000370039</arg>
<doc>Creates and returns a dictionary based on the given ``items``.</doc>
<status status="PASS" start="2025-09-22T16:38:37.712367" elapsed="0.000000"/>
</kw>
<kw name="Log To Console" owner="BuiltIn">
<arg>\n=== Executing: Get Case Details ===</arg>
<doc>Logs the given message to the console.</doc>
<status status="PASS" start="2025-09-22T16:38:37.713314" elapsed="0.000000"/>
</kw>
<kw name="Execute Normal API">
<kw name="Run Keyword If" owner="BuiltIn">
<kw name="Set To Dictionary" owner="Collections">
<arg>${headers}</arg>
<arg>Authorization=Bearer ${TOKEN}</arg>
<doc>Adds the given ``key_value_pairs`` and/or ``items`` to the ``dictionary``.</doc>
<status status="PASS" start="2025-09-22T16:38:37.714351" elapsed="0.000000"/>
</kw>
<arg>'${TOKEN}' != 'None'</arg>
<arg>Set To Dictionary</arg>
<arg>${headers}</arg>
<arg>Authorization=Bearer ${TOKEN}</arg>
<doc>Runs the given keyword with the given arguments, if ``condition`` is true.</doc>
<status status="PASS" start="2025-09-22T16:38:37.714351" elapsed="0.000000"/>
</kw>
<kw name="Get From Dictionary" owner="Collections">
<msg time="2025-09-22T16:38:37.715315" level="INFO">${default_case_id} = CA0000370039</msg>
<var>${default_case_id}</var>
<arg>${api}</arg>
<arg>default_case_id</arg>
<arg>default=CA0000370039</arg>
<doc>Returns a value from the given ``dictionary`` based on the given ``key``.</doc>
<status status="PASS" start="2025-09-22T16:38:37.714351" elapsed="0.000964"/>
</kw>
<kw name="Get Environment Variable" owner="OperatingSystem">
<msg time="2025-09-22T16:38:37.718315" level="INFO">${caseID} = CA0000370039</msg>
<var>${caseID}</var>
<arg>CASE_ID</arg>
<arg>default=${default_case_id}</arg>
<doc>Returns the value of an environment variable with the given name.</doc>
<status status="PASS" start="2025-09-22T16:38:37.718315" elapsed="0.000000"/>
</kw>
<kw name="Replace String" owner="String">
<msg time="2025-09-22T16:38:37.721317" level="INFO">${endpoint} = /case/v1/cases/CA0000370039</msg>
<var>${endpoint}</var>
<arg>${endpoint}</arg>
<arg>{caseID}</arg>
<arg>${caseID}</arg>
<doc>Replaces ``search_for`` in the given ``string`` with ``replace_with``.</doc>
<status status="PASS" start="2025-09-22T16:38:37.721317" elapsed="0.000000"/>
</kw>
<kw name="Set Variable If" owner="BuiltIn">
<msg time="2025-09-22T16:38:37.723316" level="INFO">${session_name} = api_session_bpm</msg>
<var>${session_name}</var>
<arg>'${base_url}' == 'https://qa-bpm.se2.com'</arg>
<arg>api_session_bpm</arg>
<arg>'${base_url}' == 'https://qa.api.zinnia.io'</arg>
<arg>api_session_case</arg>
<arg>api_session_case</arg>
<doc>Sets variable based on the given condition.</doc>
<status status="PASS" start="2025-09-22T16:38:37.723316" elapsed="0.000000"/>
</kw>
<kw name="Log To Console" owner="BuiltIn">
<arg>Using session: ${session_name} for base URL: ${base_url}</arg>
<doc>Logs the given message to the console.</doc>
<status status="PASS" start="2025-09-22T16:38:37.725316" elapsed="0.000999"/>
</kw>
<kw name="Create Dictionary" owner="BuiltIn">
<msg time="2025-09-22T16:38:37.726315" level="INFO">${kwargs} = {'headers': {'Content-Type': 'application/json', 'Authorization': 'Bearer eyJhbGciOiJSUzI1NiIsInR5cCI6IkpXVCIsImtpZCI6IlU1SWNUOEQ4LTNWdl80NDFIdnlzbyJ9.eyJodHRwczovL3FhLmFwaS56aW5uaWEuaW8vY2xpZW50SWRzI...</msg>
<var>${kwargs}</var>
<arg>headers=${headers}</arg>
<doc>Creates and returns a dictionary based on the given ``items``.</doc>
<status status="PASS" start="2025-09-22T16:38:37.726315" elapsed="0.000000"/>
</kw>
<kw name="Evaluate" owner="BuiltIn">
<msg time="2025-09-22T16:38:37.728315" level="INFO">${payload_exists} = False</msg>
<var>${payload_exists}</var>
<arg>$payload is not None</arg>
<doc>Evaluates the given expression in Python and returns the result.</doc>
<status status="PASS" start="2025-09-22T16:38:37.727314" elapsed="0.001001"/>
</kw>
<kw name="Run Keyword If" owner="BuiltIn">
<arg>${payload_exists}</arg>
<arg>Set To Dictionary</arg>
<arg>${kwargs}</arg>
<arg>json=${payload}</arg>
<doc>Runs the given keyword with the given arguments, if ``condition`` is true.</doc>
<status status="PASS" start="2025-09-22T16:38:37.729315" elapsed="0.000000"/>
</kw>
<kw name="Run Keyword If" owner="BuiltIn">
<kw name="GET On Session" owner="RequestsLibrary">
<msg time="2025-09-22T16:38:39.208049" level="INFO">GET Request : url=https://qa-bpm.se2.com/case/v1/cases/CA0000370039 
 path_url=/case/v1/cases/CA0000370039 
 headers={'User-Agent': 'python-requests/2.32.3', 'Accept-Encoding': 'gzip, deflate, br', 'Accept': '*/*', 'Connection': 'keep-alive', 'Content-Type': 'application/json', 'Authorization': 'Bearer eyJhbGciOiJSUzI1NiIsInR5cCI6IkpXVCIsImtpZCI6IlU1SWNUOEQ4LTNWdl80NDFIdnlzbyJ9.eyJodHRwczovL3FhLmFwaS56aW5uaWEuaW8vY2xpZW50SWRzIjpbImV2ZXJseSIsImVsaWMiLCJzYnVsIl0sImh0dHBzOi8vcWEuYXBpLnppbm5pYS5pby9wZXJtaXNzaW9ucyI6WyJyZWFkOnBvbGljeSIsIndyaXRlOnBvbGljeSIsIndyaXRlOmNhc2UiLCJyZWFkOmNhc2UiLCJyZWFkOmRvY3VtZW50Iiwid3JpdGU6ZG9jdW1lbnQiLCJ3cml0ZTp0YXNrIiwicmVhZDp0YXNrIl0sInBhcnR5SWQiOiJjNmE3YWI5ZjdkZDg0MDE1YTY1NTJiZmM1YjM2NmI3NyIsInNvdXJjZSI6IkJ1c2luZXNzIFByb2Nlc3MgTWFuYWdlbWVudCIsImlzcyI6Imh0dHBzOi8vbG9naW4ucWEuemlubmlhLmNvbS8iLCJzdWIiOiJVdU1yaWJyUDNlOHpWaGZIeTZ3UEoyNWxWWWgxQ1dOM0BjbGllbnRzIiwiYXVkIjoiaHR0cHM6Ly9xYS5hcGkuemlubmlhLmlvIiwiaWF0IjoxNzU4NTM5MzE4LCJleHAiOjE3NTg2MjU3MTgsInNjb3BlIjoib3BlbmlkIiwiZ3R5IjoiY2xpZW50LWNyZWRlbnRpYWxzIiwiYXpwIjoiVXVNcmliclAzZTh6VmhmSHk2d1BKMjVsVlloMUNXTjMifQ.TBJOZF5q7ha1ceYhzYn2SwIGA8CYxU6vXRZRdoKdZPFHJYAHwNGfp8bbv7uHuaA_wpW3Z7jxuqbGUABV0xP1OWFdUgAO98kbSSUiPcbO0FE29Z-RIzsRqPBN6ToEjs8U_ziwpqnsoMwbYKhKQd00OHr-XPHQOUC6k8GLrJ9GLrZXu8Aeq7Lil56p5wl_5nbVU1k7l2bLCPuZAxyEamSwGrQictgdjsaXKURZy8RC1Te6ggxDMfTEwpjRCeS1n7hPiJH0x_hfPhcOC2tqKCM69CzXwwUyd4W1_clxYWKchzEWGwAkbaSKgPDp4x0HU_hPKqE7hKSOD9cBHlHL7CVYoA'} 
 body=None 
 </msg>
<msg time="2025-09-22T16:38:39.208049" level="INFO">GET Response : url=https://qa-bpm.se2.com/case/v1/cases/CA0000370039 
 status=200, reason= 
 headers={'Date': 'Mon, 22 Sep 2025 11:08:39 GMT', 'Content-Type': 'application/json', 'Content-Length': '5651', 'Connection': 'keep-alive', 'Set-Cookie': 'AWSALBTG=JgdSKMkW/8+m/vmSMj/gWqQKTSZYQxam7YVeoyD4ojSPCXQtYdzzxD/bD723lhusD5s37WBMnoQsfUsGtiXX+Gneg7yJMHnJOCJvEnX1meWQqa8dURgG/48IA9v6p18uCZ0Snyiar2URyCSSxhdj5cstvtKP5Ixx53tCXApfU6Qa; Expires=Mon, 29 Sep 2025 11:08:39 GMT; Path=/, AWSALBTGCORS=JgdSKMkW/8+m/vmSMj/gWqQKTSZYQxam7YVeoyD4ojSPCXQtYdzzxD/bD723lhusD5s37WBMnoQsfUsGtiXX+Gneg7yJMHnJOCJvEnX1meWQqa8dURgG/48IA9v6p18uCZ0Snyiar2URyCSSxhdj5cstvtKP5Ixx53tCXApfU6Qa; Expires=Mon, 29 Sep 2025 11:08:39 GMT; Path=/; SameSite=None; Secure, AWSALB=pilbMRfCrc/Ls7Z5oDQ87qE5aL4u/GUdQ/divKHXVAvnNXrkaiN6vDXAcQh72nPt8KG/BdqE2p3M2s7dV9QYmRjS4hQ1D6XB3ueDJLZw29wv63xbKJuBeyp5XZaM; Expires=Mon, 29 Sep 2025 11:08:39 GMT; Path=/, AWSALBCORS=pilbMRfCrc/Ls7Z5oDQ87qE5aL4u/GUdQ/divKHXVAvnNXrkaiN6vDXAcQh72nPt8KG/BdqE2p3M2s7dV9QYmRjS4hQ1D6XB3ueDJLZw29wv63xbKJuBeyp5XZaM; Expires=Mon, 29 Sep 2025 11:08:39 GMT; Path=/; SameSite=None; Secure', 'Vary': 'Origin, Access-Control-Request-Method, Access-Control-Request-Headers', 'x-correlation-id': 'c619d137-b0e7-4afc-812d-cd5f4fe6ac31', 'X-Content-Type-Options': 'nosniff', 'X-XSS-Protection': '1; mode=block', 'Cache-Control': 'no-cache, no-store, max-age=0, must-revalidate', 'Pragma': 'no-cache', 'Expires': '0', 'X-Frame-Options': 'DENY'} 
 body={"id":"CA0000370039","templateId":"681dfd14-b563-4342-acd2-c8a44d8ed09f","carrier":"MASS","process":"Correspondence","parentInstanceId":null,"linkedCases":null,"correlationId":"a9e90cf1-edf3-483a-880a-500f71437036","caseStatus":"IN_PROGRESS","caseResult":null,"caseResultDetail":null,"primary":true,"escalated":false,"linkDetails":{"linkedCaseInstanceId":null,"linkedReason":"Identified by case management"},"processSubType":"Service Form","caseGroup":null,"policyNumber":"5810002532","planCode":"900","productName":"MassMutual Stable Voyage Plus","caseProcessingDetails":[],"documents":[],"exceptions":[],"notes":[],"tasks":[],"mappedTasks":[],"mappedExceptions":[],"mappedDocuments":[],"mappedNotes":null,"identifiers":[{"identifier":"policyNumber","value":"5810002532"},{"identifier":"transactionId","value":"a9e90cf1-edf3-483a-880a-500f71437036"},{"identifier":"zlCaseId","value":"CA0000370039"},{"identifier":"contractNumber","value":"5810002532"}],"additionalData":{"contractStatus":"Active","requestSubType":"Redemption","policyNumber":"5810002532","owners":[{"firstName":"MENACHEM","middleName":"N","lastName":"GARNETTE","ssn":"337020845","fullName":"MENACHEM N GARNETTE"}],"brokerDealerName":"JP MORGAN SECURITIES LLC","productName":"MassMutual Stable Voyage Plus"},"stages":[{"id":"requestAck","label":"Prepare Process Form Request for processing","stageStatus":"COMPLETED","mappedNotes":[],"steps":[{"id":"requestAck.processFormRequestReceived","label":"Received Process Form Request","stepStatus":"COMPLETED","stepResult":null,"eventRef":["62fb7964-3d3e-44fb-a6f3-7c544d932b37"],"updatedAt":"2024-09-30T13:06:50.000Z","tasks":null,"mappedTasks":null,"mappedExceptions":[],"mappedDocuments":null,"mappedNotes":[],"mappedCases":null,"additionalData":{"mailDetails_city":{"label":"City","value":"CONCORD","type":"string"},"mailDetails_addressLine1":{"label":"Address Line1","value":"24 THOMPSON ST","type":"string"},"deliveryMethod":{"label":"Delivery Method","value":"MAIL","type":"string"},"mailDetails_type":{"label":"Mail Type","value":"owner","type":"string"},"transactionType":{"label":"Transaction Type","value":"Redemption","type":"string"},"transactionSubType":{"label":"Transaction SubType","value":"Full Surrender","type":"string"},"mailDetails_lastName":{"label":"Last Name","value":"GARNETTE","type":"string"},"processName":{"label":"Requested Process Name","value":"Service Request Form","type":"string"},"formName":{"label":"Requested Form name","value":"Annuity Full Surrender Request","type":"string"},"mailDetails_state":{"label":"State","value":"NH","type":"string"},"deliveryDate":{"label":"Delivery Date","value":"2024-09-30T13:06:50.391567","type":"string"},"deliveryStatus":{"label":"Delivery Status","value":"Initiated","type":"string"},"mailDetails_firstName":{"label":"First Name","value":"MENACHEM","type":"string"},"mailDetails_zipCode":{"label":"ZIP Code","value":"03301","type":"string"}},"stepAdditionalData":[],"multiInstance":false,"instanceInfo":null,"createdAt":"2024-09-30T13:06:50.000Z"},{"id":"requestAck.processFormRequestProcessing","label":"Processing Form Request","stepStatus":"COMPLETED","stepResult":null,"eventRef":["62fb7964-3d3e-44fb-a6f3-7c544d932b37","d63996f1-4098-41d8-a260-347bbf252107"],"updatedAt":"2024-09-30T13:06:56.000Z","tasks":null,"mappedTasks":null,"mappedExceptions":[],"mappedDocuments":null,"mappedNotes":[],"mappedCases":null,"additionalData":{},"stepAdditionalData":[],"multiInstance":false,"instanceInfo":null,"createdAt":"2024-09-30T13:06:50.000Z"}],"tasks":null,"mappedTasks":null,"createdAt":"2024-09-30T13:06:50.000Z","updatedAt":"2024-09-30T13:06:56.000Z"},{"id":"requestCompletion","label":"Deliver Process Form","stageStatus":"IN_PROGRESS","mappedNotes":[],"steps":[{"id":"RequestCompletion.completeRequest","label":"Create &amp; Send Requested Form","stepStatus":"IN_PROGRESS","stepResult":null,"eventRef":["d63996f1-4098-41d8-a260-347bbf252107"],"updatedAt":"2024-09-30T13:06:56.000Z","tasks":null,"mappedTasks":null,"mappedExceptions":[],"mappedDocuments":null,"mappedNotes":[],"mappedCases":null,"additionalData":{},"stepAdditionalData":[],"multiInstance":false,"instanceInfo":null,"createdAt":"2024-09-30T13:06:56.000Z"},{"id":"RequestCompletion.deliverLetter","label":"Deliver Requested Form","stepStatus":"NOT_STARTED","stepResult":null,"eventRef":[],"updatedAt":"2024-09-30T13:06:50.000Z","tasks":null,"mappedTasks":null,"mappedExceptions":[],"mappedDocuments":null,"mappedNotes":[],"mappedCases":null,"additionalData":{},"stepAdditionalData":[],"multiInstance":false,"instanceInfo":null,"createdAt":"2024-09-30T13:06:50.000Z"}],"tasks":null,"mappedTasks":null,"createdAt":"2024-09-30T13:06:56.000Z","updatedAt":"2024-09-30T13:06:56.000Z"}],"parties":[{"partyRole":"Servicing Agent","partyType":"Individual","firstName":"LAURA","lastName":"HANSON VIRGINIA","fullName":"LAURA  HANSON VIRGINIA","gender":"M","ssn":"047447214","percent":"100","externalId":"JPM0307670"},{"partyRole":"Owner,Primary","partyType":"Individual","firstName":"MENACHEM","middleName":"N","lastName":"GARNETTE","fullName":"MENACHEM N GARNETTE","prefix":"Ms.","gender":"F","ssn":"337020845","percent":"100"},{"partyRole":"Agent,Agent of Record","partyType":"Individual","firstName":"LAURA","lastName":"HANSON VIRGINIA","fullName":"LAURA  HANSON VIRGINIA","gender":"M","ssn":"047447214","percent":"100","externalId":"JPM0307670"}],"createdAt":"2024-09-30T13:06:50.000Z","updatedAt":"2024-09-30T13:06:56.000Z","systemCreatedDate":null,"systemCreatedDt":null,"systemUpdatedDt":1744623301491,"slaStartDate":null,"etcDate":null,"applicationType":"Digital","caseAdditionalData":[],"deleted":false} 
 </msg>
<msg time="2025-09-22T16:38:39.208049" level="INFO">C:\Users\sharmash\AppData\Roaming\Python\Python312\site-packages\urllib3\connectionpool.py:1103: InsecureRequestWarning: Unverified HTTPS request is being made to host 'qa-bpm.se2.com'. Adding certificate verification is strongly advised. See: https://urllib3.readthedocs.io/en/latest/advanced-usage.html#tls-warnings
  warnings.warn(</msg>
<arg>${session_name}</arg>
<arg>${endpoint}</arg>
<arg>&amp;{kwargs}</arg>
<doc>Sends a GET request on a previously created HTTP Session.</doc>
<status status="PASS" start="2025-09-22T16:38:37.730315" elapsed="1.477734"/>
</kw>
<msg time="2025-09-22T16:38:39.210049" level="INFO">${response} = &lt;Response [200]&gt;</msg>
<var>${response}</var>
<arg>'${method}' == 'GET'</arg>
<arg>GET On Session</arg>
<arg>${session_name}</arg>
<arg>${endpoint}</arg>
<arg>&amp;{kwargs}</arg>
<arg>ELSE IF</arg>
<arg>'${method}' == 'POST'</arg>
<arg>POST On Session</arg>
<arg>${session_name}</arg>
<arg>${endpoint}</arg>
<arg>&amp;{kwargs}</arg>
<arg>ELSE IF</arg>
<arg>'${method}' == 'PUT'</arg>
<arg>PUT On Session</arg>
<arg>${session_name}</arg>
<arg>${endpoint}</arg>
<arg>&amp;{kwargs}</arg>
<arg>ELSE IF</arg>
<arg>'${method}' == 'DELETE'</arg>
<arg>DELETE On Session</arg>
<arg>${session_name}</arg>
<arg>${endpoint}</arg>
<arg>&amp;{kwargs}</arg>
<doc>Runs the given keyword with the given arguments, if ``condition`` is true.</doc>
<status status="PASS" start="2025-09-22T16:38:37.729315" elapsed="1.480734"/>
</kw>
<kw name="Log To Console" owner="BuiltIn">
<arg>\nAPI: ${endpoint}</arg>
<doc>Logs the given message to the console.</doc>
<status status="PASS" start="2025-09-22T16:38:39.212048" elapsed="0.000000"/>
</kw>
<kw name="Log To Console" owner="BuiltIn">
<arg>Session: ${session_name}</arg>
<doc>Logs the given message to the console.</doc>
<status status="PASS" start="2025-09-22T16:38:39.212048" elapsed="0.000000"/>
</kw>
<kw name="Log To Console" owner="BuiltIn">
<arg>Status: ${response.status_code}</arg>
<doc>Logs the given message to the console.</doc>
<status status="PASS" start="2025-09-22T16:38:39.212048" elapsed="0.000000"/>
</kw>
<kw name="Log To Console" owner="BuiltIn">
<arg>Response: ${response.text}</arg>
<doc>Logs the given message to the console.</doc>
<status status="PASS" start="2025-09-22T16:38:39.212048" elapsed="0.001000"/>
</kw>
<arg>${api_dict}</arg>
<arg>${endpoint}</arg>
<arg>${method}</arg>
<arg>${headers}</arg>
<arg>${payload}</arg>
<arg>${base_url}</arg>
<status status="PASS" start="2025-09-22T16:38:37.713314" elapsed="1.499734"/>
</kw>
<kw name="Log To Console" owner="BuiltIn">
<arg>=== Completed: Get Case Details ===</arg>
<doc>Logs the given message to the console.</doc>
<status status="PASS" start="2025-09-22T16:38:39.213048" elapsed="0.000000"/>
</kw>
<doc>Execute Get Case Details</doc>
<status status="PASS" start="2025-09-22T16:38:37.697359" elapsed="1.515689"/>
</test>
<test id="s1-t3" name="Test_03_Search_Cases_by_Policy_Number" line="118">
<kw name="Setup Session" type="SETUP">
<kw name="Create Session" owner="RequestsLibrary">
<msg time="2025-09-22T16:38:39.218048" level="INFO">Creating Session using : alias=api_session, url=https://login.qa.zinnia.com, headers={},                     cookies={}, auth=None, timeout=None, proxies=None, verify=False,                     debug=0 </msg>
<arg>api_session</arg>
<arg>https://login.qa.zinnia.com</arg>
<arg>verify=False</arg>
<doc>Create Session: create a HTTP session to a server</doc>
<status status="PASS" start="2025-09-22T16:38:39.218048" elapsed="0.001009"/>
</kw>
<kw name="Create Session" owner="RequestsLibrary">
<msg time="2025-09-22T16:38:39.220049" level="INFO">Creating Session using : alias=api_session_case, url=https://qa.api.zinnia.io, headers={},                     cookies={}, auth=None, timeout=None, proxies=None, verify=False,                     debug=0 </msg>
<arg>api_session_case</arg>
<arg>https://qa.api.zinnia.io</arg>
<arg>verify=False</arg>
<doc>Create Session: create a HTTP session to a server</doc>
<status status="PASS" start="2025-09-22T16:38:39.220049" elapsed="0.000000"/>
</kw>
<kw name="Create Session" owner="RequestsLibrary">
<msg time="2025-09-22T16:38:39.222048" level="INFO">Creating Session using : alias=api_session_bpm, url=https://qa-bpm.se2.com, headers={},                     cookies={}, auth=None, timeout=None, proxies=None, verify=False,                     debug=0 </msg>
<arg>api_session_bpm</arg>
<arg>https://qa-bpm.se2.com</arg>
<arg>verify=False</arg>
<doc>Create Session: create a HTTP session to a server</doc>
<status status="PASS" start="2025-09-22T16:38:39.222048" elapsed="0.000000"/>
</kw>
<status status="PASS" start="2025-09-22T16:38:39.218048" elapsed="0.005000"/>
</kw>
<kw name="Set Variable" owner="BuiltIn">
<msg time="2025-09-22T16:38:39.223048" level="INFO">${endpoint} = /case/v1/cases/search</msg>
<var>${endpoint}</var>
<arg>/case/v1/cases/search</arg>
<doc>Returns the given values which can then be assigned to a variables.</doc>
<status status="PASS" start="2025-09-22T16:38:39.223048" elapsed="0.000000"/>
</kw>
<kw name="Set Variable" owner="BuiltIn">
<msg time="2025-09-22T16:38:39.224048" level="INFO">${method} = POST</msg>
<var>${method}</var>
<arg>POST</arg>
<doc>Returns the given values which can then be assigned to a variables.</doc>
<status status="PASS" start="2025-09-22T16:38:39.224048" elapsed="0.000000"/>
</kw>
<kw name="Create Dictionary" owner="BuiltIn">
<msg time="2025-09-22T16:38:39.225047" level="INFO">${headers} = {'Content-Type': 'application/json'}</msg>
<var>${headers}</var>
<arg>Content-Type=application/json</arg>
<doc>Creates and returns a dictionary based on the given ``items``.</doc>
<status status="PASS" start="2025-09-22T16:38:39.225047" elapsed="0.001001"/>
</kw>
<kw name="Set Variable" owner="BuiltIn">
<msg time="2025-09-22T16:38:39.227048" level="INFO">${base_url} = https://qa-bpm.se2.com</msg>
<var>${base_url}</var>
<arg>https://qa-bpm.se2.com</arg>
<doc>Returns the given values which can then be assigned to a variables.</doc>
<status status="PASS" start="2025-09-22T16:38:39.227048" elapsed="0.000000"/>
</kw>
<kw name="Create Dictionary" owner="BuiltIn">
<msg time="2025-09-22T16:38:39.228048" level="INFO">${payload} = {'policyNumber': '571025434'}</msg>
<var>${payload}</var>
<arg>policyNumber=571025434</arg>
<doc>Creates and returns a dictionary based on the given ``items``.</doc>
<status status="PASS" start="2025-09-22T16:38:39.228048" elapsed="0.000000"/>
</kw>
<kw name="Create Dictionary" owner="BuiltIn">
<msg time="2025-09-22T16:38:39.229048" level="INFO">${api_dict} = {'name': 'Search Cases by Policy Number', 'endpoint': '/case/v1/cases/search', 'method': 'POST', 'headers': {'Content-Type': 'application/json'}}</msg>
<var>${api_dict}</var>
<arg>name=Search Cases by Policy Number</arg>
<arg>endpoint=${endpoint}</arg>
<arg>method=${method}</arg>
<arg>headers=${headers}</arg>
<doc>Creates and returns a dictionary based on the given ``items``.</doc>
<status status="PASS" start="2025-09-22T16:38:39.229048" elapsed="0.000000"/>
</kw>
<kw name="Log To Console" owner="BuiltIn">
<arg>\n=== Executing: Search Cases by Policy Number ===</arg>
<doc>Logs the given message to the console.</doc>
<status status="PASS" start="2025-09-22T16:38:39.230052" elapsed="0.000000"/>
</kw>
<kw name="Execute Normal API">
<kw name="Run Keyword If" owner="BuiltIn">
<kw name="Set To Dictionary" owner="Collections">
<arg>${headers}</arg>
<arg>Authorization=Bearer ${TOKEN}</arg>
<doc>Adds the given ``key_value_pairs`` and/or ``items`` to the ``dictionary``.</doc>
<status status="PASS" start="2025-09-22T16:38:39.231057" elapsed="0.000000"/>
</kw>
<arg>'${TOKEN}' != 'None'</arg>
<arg>Set To Dictionary</arg>
<arg>${headers}</arg>
<arg>Authorization=Bearer ${TOKEN}</arg>
<doc>Runs the given keyword with the given arguments, if ``condition`` is true.</doc>
<status status="PASS" start="2025-09-22T16:38:39.230052" elapsed="0.001005"/>
</kw>
<kw name="Get From Dictionary" owner="Collections">
<msg time="2025-09-22T16:38:39.231057" level="INFO">${default_case_id} = CA0000370039</msg>
<var>${default_case_id}</var>
<arg>${api}</arg>
<arg>default_case_id</arg>
<arg>default=CA0000370039</arg>
<doc>Returns a value from the given ``dictionary`` based on the given ``key``.</doc>
<status status="PASS" start="2025-09-22T16:38:39.231057" elapsed="0.000000"/>
</kw>
<kw name="Get Environment Variable" owner="OperatingSystem">
<msg time="2025-09-22T16:38:39.233052" level="INFO">${caseID} = CA0000370039</msg>
<var>${caseID}</var>
<arg>CASE_ID</arg>
<arg>default=${default_case_id}</arg>
<doc>Returns the value of an environment variable with the given name.</doc>
<status status="PASS" start="2025-09-22T16:38:39.232048" elapsed="0.001004"/>
</kw>
<kw name="Replace String" owner="String">
<msg time="2025-09-22T16:38:39.234048" level="INFO">${endpoint} = /case/v1/cases/search</msg>
<var>${endpoint}</var>
<arg>${endpoint}</arg>
<arg>{caseID}</arg>
<arg>${caseID}</arg>
<doc>Replaces ``search_for`` in the given ``string`` with ``replace_with``.</doc>
<status status="PASS" start="2025-09-22T16:38:39.234048" elapsed="0.000000"/>
</kw>
<kw name="Set Variable If" owner="BuiltIn">
<msg time="2025-09-22T16:38:39.236049" level="INFO">${session_name} = api_session_bpm</msg>
<var>${session_name}</var>
<arg>'${base_url}' == 'https://qa-bpm.se2.com'</arg>
<arg>api_session_bpm</arg>
<arg>'${base_url}' == 'https://qa.api.zinnia.io'</arg>
<arg>api_session_case</arg>
<arg>api_session_case</arg>
<doc>Sets variable based on the given condition.</doc>
<status status="PASS" start="2025-09-22T16:38:39.236049" elapsed="0.000000"/>
</kw>
<kw name="Log To Console" owner="BuiltIn">
<arg>Using session: ${session_name} for base URL: ${base_url}</arg>
<doc>Logs the given message to the console.</doc>
<status status="PASS" start="2025-09-22T16:38:39.237049" elapsed="0.000000"/>
</kw>
<kw name="Create Dictionary" owner="BuiltIn">
<msg time="2025-09-22T16:38:39.238057" level="INFO">${kwargs} = {'headers': {'Content-Type': 'application/json', 'Authorization': 'Bearer eyJhbGciOiJSUzI1NiIsInR5cCI6IkpXVCIsImtpZCI6IlU1SWNUOEQ4LTNWdl80NDFIdnlzbyJ9.eyJodHRwczovL3FhLmFwaS56aW5uaWEuaW8vY2xpZW50SWRzI...</msg>
<var>${kwargs}</var>
<arg>headers=${headers}</arg>
<doc>Creates and returns a dictionary based on the given ``items``.</doc>
<status status="PASS" start="2025-09-22T16:38:39.238057" elapsed="0.000000"/>
</kw>
<kw name="Evaluate" owner="BuiltIn">
<msg time="2025-09-22T16:38:39.239048" level="INFO">${payload_exists} = True</msg>
<var>${payload_exists}</var>
<arg>$payload is not None</arg>
<doc>Evaluates the given expression in Python and returns the result.</doc>
<status status="PASS" start="2025-09-22T16:38:39.239048" elapsed="0.000000"/>
</kw>
<kw name="Run Keyword If" owner="BuiltIn">
<kw name="Set To Dictionary" owner="Collections">
<arg>${kwargs}</arg>
<arg>json=${payload}</arg>
<doc>Adds the given ``key_value_pairs`` and/or ``items`` to the ``dictionary``.</doc>
<status status="PASS" start="2025-09-22T16:38:39.240048" elapsed="0.000000"/>
</kw>
<arg>${payload_exists}</arg>
<arg>Set To Dictionary</arg>
<arg>${kwargs}</arg>
<arg>json=${payload}</arg>
<doc>Runs the given keyword with the given arguments, if ``condition`` is true.</doc>
<status status="PASS" start="2025-09-22T16:38:39.240048" elapsed="0.000000"/>
</kw>
<kw name="Run Keyword If" owner="BuiltIn">
<kw name="POST On Session" owner="RequestsLibrary">
<msg time="2025-09-22T16:38:40.438778" level="INFO">POST Request : url=https://qa-bpm.se2.com/case/v1/cases/search 
 path_url=/case/v1/cases/search 
 headers={'User-Agent': 'python-requests/2.32.3', 'Accept-Encoding': 'gzip, deflate, br', 'Accept': '*/*', 'Connection': 'keep-alive', 'Content-Type': 'application/json', 'Authorization': 'Bearer eyJhbGciOiJSUzI1NiIsInR5cCI6IkpXVCIsImtpZCI6IlU1SWNUOEQ4LTNWdl80NDFIdnlzbyJ9.eyJodHRwczovL3FhLmFwaS56aW5uaWEuaW8vY2xpZW50SWRzIjpbImV2ZXJseSIsImVsaWMiLCJzYnVsIl0sImh0dHBzOi8vcWEuYXBpLnppbm5pYS5pby9wZXJtaXNzaW9ucyI6WyJyZWFkOnBvbGljeSIsIndyaXRlOnBvbGljeSIsIndyaXRlOmNhc2UiLCJyZWFkOmNhc2UiLCJyZWFkOmRvY3VtZW50Iiwid3JpdGU6ZG9jdW1lbnQiLCJ3cml0ZTp0YXNrIiwicmVhZDp0YXNrIl0sInBhcnR5SWQiOiJjNmE3YWI5ZjdkZDg0MDE1YTY1NTJiZmM1YjM2NmI3NyIsInNvdXJjZSI6IkJ1c2luZXNzIFByb2Nlc3MgTWFuYWdlbWVudCIsImlzcyI6Imh0dHBzOi8vbG9naW4ucWEuemlubmlhLmNvbS8iLCJzdWIiOiJVdU1yaWJyUDNlOHpWaGZIeTZ3UEoyNWxWWWgxQ1dOM0BjbGllbnRzIiwiYXVkIjoiaHR0cHM6Ly9xYS5hcGkuemlubmlhLmlvIiwiaWF0IjoxNzU4NTM5MzE4LCJleHAiOjE3NTg2MjU3MTgsInNjb3BlIjoib3BlbmlkIiwiZ3R5IjoiY2xpZW50LWNyZWRlbnRpYWxzIiwiYXpwIjoiVXVNcmliclAzZTh6VmhmSHk2d1BKMjVsVlloMUNXTjMifQ.TBJOZF5q7ha1ceYhzYn2SwIGA8CYxU6vXRZRdoKdZPFHJYAHwNGfp8bbv7uHuaA_wpW3Z7jxuqbGUABV0xP1OWFdUgAO98kbSSUiPcbO0FE29Z-RIzsRqPBN6ToEjs8U_ziwpqnsoMwbYKhKQd00OHr-XPHQOUC6k8GLrJ9GLrZXu8Aeq7Lil56p5wl_5nbVU1k7l2bLCPuZAxyEamSwGrQictgdjsaXKURZy8RC1Te6ggxDMfTEwpjRCeS1n7hPiJH0x_hfPhcOC2tqKCM69CzXwwUyd4W1_clxYWKchzEWGwAkbaSKgPDp4x0HU_hPKqE7hKSOD9cBHlHL7CVYoA', 'Content-Length': '29'} 
 body=b'{"policyNumber": "571025434"}' 
 </msg>
<msg time="2025-09-22T16:38:40.439756" level="INFO">POST Response : url=https://qa-bpm.se2.com/case/v1/cases/search 
 status=200, reason= 
 headers={'Date': 'Mon, 22 Sep 2025 11:08:41 GMT', 'Content-Type': 'application/json', 'Content-Length': '1645', 'Connection': 'keep-alive', 'Set-Cookie': 'AWSALBTG=SqlLKv9IKnYTsGvcriTDZxakC9U6jLNQjBR6IJcORD6zDHQt/VW7NEZ1widCo3JANOp/HhHHODzzc0NgVLmWIYZkx9EgA/zYvaJLeTRPcvg0bsvAUuENPCdQDleAQodHhBuUXA39IvwM1p5/zkLMUxfNLf8FzvacBCitaKw492r0; Expires=Mon, 29 Sep 2025 11:08:40 GMT; Path=/, AWSALBTGCORS=SqlLKv9IKnYTsGvcriTDZxakC9U6jLNQjBR6IJcORD6zDHQt/VW7NEZ1widCo3JANOp/HhHHODzzc0NgVLmWIYZkx9EgA/zYvaJLeTRPcvg0bsvAUuENPCdQDleAQodHhBuUXA39IvwM1p5/zkLMUxfNLf8FzvacBCitaKw492r0; Expires=Mon, 29 Sep 2025 11:08:40 GMT; Path=/; SameSite=None; Secure, AWSALB=vSUmP5h7IrASjtjMzsBKTWe2lu4PNHA9l6WDWH5PM/rLj5ISQdtX+GPNdryAfl4OS3V0S+Uhzi+M9+n2mQWqrzROz2843cQwQPOqiawZQ3lMqYnqNKa+r25i4HCV; Expires=Mon, 29 Sep 2025 11:08:40 GMT; Path=/, AWSALBCORS=vSUmP5h7IrASjtjMzsBKTWe2lu4PNHA9l6WDWH5PM/rLj5ISQdtX+GPNdryAfl4OS3V0S+Uhzi+M9+n2mQWqrzROz2843cQwQPOqiawZQ3lMqYnqNKa+r25i4HCV; Expires=Mon, 29 Sep 2025 11:08:40 GMT; Path=/; SameSite=None; Secure', 'Vary': 'Origin, Access-Control-Request-Method, Access-Control-Request-Headers', 'x-correlation-id': '1cdd9b88-3283-4c9c-8913-95d064389d7b', 'X-Content-Type-Options': 'nosniff', 'X-XSS-Protection': '1; mode=block', 'Cache-Control': 'no-cache, no-store, max-age=0, must-revalidate', 'Pragma': 'no-cache', 'Expires': '0', 'X-Frame-Options': 'DENY'} 
 body={"message":"Successfully retrieved data!","data":[{"id":"CA0000358626","templateId":"6203bb7a-0517-4394-88fb-404dffc7d296","carrier":"MASS","process":"New Business","parentInstanceId":null,"correlationId":"7815fb00-fea3-41b7-a346-ea98546de115","caseStatus":"EXCEPTION","processSubType":"Nb Purchase W App","caseGroup":null,"policyNumber":"571025434","productName":null,"primary":true,"deleted":false,"stages":[{"id":"requestAck","label":"Request Acknowledgement","stageStatus":"COMPLETED"},{"id":"agentValidation","label":"Agent Validation","stageStatus":"IN_PROGRESS"},{"id":"policyValidation","label":"Policy Validation","stageStatus":"EXCEPTION"},{"id":"suitabilityReview","label":"Suitability Review","stageStatus":"COMPLETED"},{"id":"premiumProcessing","label":"Premium Processing","stageStatus":"IN_PROGRESS"},{"id":"requestCompletion","label":"Request Completion","stageStatus":"IN_PROGRESS"}],"additionalData":{"policyNumber":"571025434","businessKey":"20240701-M-164533","requestSubType":"NB PURCHASE W APP"},"identifiers":[{"identifier":"txliferequestid","value":"385839"},{"identifier":"transrefguid","value":"0450S660314000450S66"},{"identifier":"documentNumber","value":"20240701-M-164533"},{"identifier":"contractnumber","value":"571025434"},{"identifier":"caseID","value":"9922745"},{"identifier":"businessKey","value":"20240701-M-164533"},{"identifier":"contractNumber","value":"571025434"}],"createdAt":"2024-07-01T10:36:39.000Z","updatedAt":"2024-08-31T05:02:36.000Z","parties":[],"exceptions":[],"applicationType":"Electronic","caseResult":null,"caseResultDetail":null}],"count":1,"offset":0,"limit":10,"total":1,"status":200} 
 </msg>
<msg time="2025-09-22T16:38:40.439756" level="INFO">C:\Users\sharmash\AppData\Roaming\Python\Python312\site-packages\urllib3\connectionpool.py:1103: InsecureRequestWarning: Unverified HTTPS request is being made to host 'qa-bpm.se2.com'. Adding certificate verification is strongly advised. See: https://urllib3.readthedocs.io/en/latest/advanced-usage.html#tls-warnings
  warnings.warn(</msg>
<arg>${session_name}</arg>
<arg>${endpoint}</arg>
<arg>&amp;{kwargs}</arg>
<doc>Sends a POST request on a previously created HTTP Session.</doc>
<status status="PASS" start="2025-09-22T16:38:39.241057" elapsed="1.198699"/>
</kw>
<msg time="2025-09-22T16:38:40.443774" level="INFO">${response} = &lt;Response [200]&gt;</msg>
<var>${response}</var>
<arg>'${method}' == 'GET'</arg>
<arg>GET On Session</arg>
<arg>${session_name}</arg>
<arg>${endpoint}</arg>
<arg>&amp;{kwargs}</arg>
<arg>ELSE IF</arg>
<arg>'${method}' == 'POST'</arg>
<arg>POST On Session</arg>
<arg>${session_name}</arg>
<arg>${endpoint}</arg>
<arg>&amp;{kwargs}</arg>
<arg>ELSE IF</arg>
<arg>'${method}' == 'PUT'</arg>
<arg>PUT On Session</arg>
<arg>${session_name}</arg>
<arg>${endpoint}</arg>
<arg>&amp;{kwargs}</arg>
<arg>ELSE IF</arg>
<arg>'${method}' == 'DELETE'</arg>
<arg>DELETE On Session</arg>
<arg>${session_name}</arg>
<arg>${endpoint}</arg>
<arg>&amp;{kwargs}</arg>
<doc>Runs the given keyword with the given arguments, if ``condition`` is true.</doc>
<status status="PASS" start="2025-09-22T16:38:39.240048" elapsed="1.203726"/>
</kw>
<kw name="Log To Console" owner="BuiltIn">
<arg>\nAPI: ${endpoint}</arg>
<doc>Logs the given message to the console.</doc>
<status status="PASS" start="2025-09-22T16:38:40.447134" elapsed="0.000000"/>
</kw>
<kw name="Log To Console" owner="BuiltIn">
<arg>Session: ${session_name}</arg>
<doc>Logs the given message to the console.</doc>
<status status="PASS" start="2025-09-22T16:38:40.447134" elapsed="0.000919"/>
</kw>
<kw name="Log To Console" owner="BuiltIn">
<arg>Status: ${response.status_code}</arg>
<doc>Logs the given message to the console.</doc>
<status status="PASS" start="2025-09-22T16:38:40.448053" elapsed="0.000000"/>
</kw>
<kw name="Log To Console" owner="BuiltIn">
<arg>Response: ${response.text}</arg>
<doc>Logs the given message to the console.</doc>
<status status="PASS" start="2025-09-22T16:38:40.448053" elapsed="0.000000"/>
</kw>
<arg>${api_dict}</arg>
<arg>${endpoint}</arg>
<arg>${method}</arg>
<arg>${headers}</arg>
<arg>${payload}</arg>
<arg>${base_url}</arg>
<status status="PASS" start="2025-09-22T16:38:39.230052" elapsed="1.219080"/>
</kw>
<kw name="Log To Console" owner="BuiltIn">
<arg>=== Completed: Search Cases by Policy Number ===</arg>
<doc>Logs the given message to the console.</doc>
<status status="PASS" start="2025-09-22T16:38:40.449132" elapsed="0.000000"/>
</kw>
<doc>Execute Search Cases by Policy Number</doc>
<status status="PASS" start="2025-09-22T16:38:39.218048" elapsed="1.231084"/>
</test>
<doc>Dynamic API Tests - Auto-generated for selected APIs</doc>
<status status="PASS" start="2025-09-22T16:38:35.967686" elapsed="4.484446"/>
</suite>
<statistics>
<total>
<stat pass="3" fail="0" skip="0">All Tests</stat>
</total>
<tag>
</tag>
<suite>
<stat pass="3" fail="0" skip="0" id="s1" name="Dynamic Api Tests">Dynamic Api Tests</stat>
</suite>
</statistics>
<errors>
<msg time="2025-09-22T16:38:35.955722" level="ERROR">Taking listener 'allure_console_listener.AllureConsoleListener:results/run_20250922_163835\allure-results' into use failed: Importing listener 'allure_console_listener.AllureConsoleListener' failed: ModuleNotFoundError: No module named 'allure_console_listener'
Traceback (most recent call last):
  None
PYTHONPATH:
  C:\Program Files\Python312\Scripts\robot.exe
  c:\Users\sharmash\Downloads\QAS-ZinniaLive-AutomationTesting (1)\QAS-ZinniaLive-AutomationTesting
  C:\Users\sharmash\automation-framwork\%PYTHONPATH%
  C:\Program Files\Python312\python312.zip
  C:\Program Files\Python312\DLLs
  C:\Program Files\Python312\Lib
  C:\Program Files\Python312
  C:\Users\sharmash\AppData\Roaming\Python\Python312\site-packages
  C:\Users\sharmash\AppData\Roaming\Python\Python312\site-packages\win32
  C:\Users\sharmash\AppData\Roaming\Python\Python312\site-packages\win32\lib
  C:\Users\sharmash\AppData\Roaming\Python\Python312\site-packages\Pythonwin
  C:\Program Files\Python312\Lib\site-packages</msg>
<msg time="2025-09-22T16:38:35.961788" level="ERROR">Taking listener 'DebugLibrary' into use failed: Importing listener 'DebugLibrary' failed: ModuleNotFoundError: No module named 'DebugLibrary'
Traceback (most recent call last):
  None
PYTHONPATH:
  C:\Program Files\Python312\Scripts\robot.exe
  c:\Users\sharmash\Downloads\QAS-ZinniaLive-AutomationTesting (1)\QAS-ZinniaLive-AutomationTesting
  C:\Users\sharmash\automation-framwork\%PYTHONPATH%
  C:\Program Files\Python312\python312.zip
  C:\Program Files\Python312\DLLs
  C:\Program Files\Python312\Lib
  C:\Program Files\Python312
  C:\Users\sharmash\AppData\Roaming\Python\Python312\site-packages
  C:\Users\sharmash\AppData\Roaming\Python\Python312\site-packages\win32
  C:\Users\sharmash\AppData\Roaming\Python\Python312\site-packages\win32\lib
  C:\Users\sharmash\AppData\Roaming\Python\Python312\site-packages\Pythonwin
  C:\Program Files\Python312\Lib\site-packages</msg>
</errors>
</robot>
