<?xml version="1.0" encoding="UTF-8"?>
<robot generator="Robot 7.0.1 (Python 3.12.1 on win32)" generated="2025-09-18T17:53:33.865616" rpa="false" schemaversion="5">
<suite id="s1" name="Transaction Onboarding Regression Suite" source="C:\Users\sharmash\automation-framwork\tests\api\transaction_onboarding_regression_suite.robot">
<kw name="Filter Test Date By Execution Flag" owner="ExcelUtils" type="SETUP">
<msg time="2025-09-18T17:53:49.179107" level="INFO">Filtered data (execution_flag == 'YES') written below existing headers in 'output'.</msg>
<status status="PASS" start="2025-09-18T17:53:39.935410" elapsed="9.243697"/>
</kw>
<test id="s1-t1" name="Perform New One Time Loan Repayment Process for client Everly testID: TC_001" line="15">
<kw name="Add Project Root To Python Path" type="SETUP">
<kw name="Normalize Path" owner="OperatingSystem">
<msg time="2025-09-18T17:53:49.183063" level="INFO">${project_root} = C:\Users\sharmash\automation-framwork</msg>
<var>${project_root}</var>
<arg>C:\\Users\\sharmash\\automation-framwork\\tests\\api/../../</arg>
<doc>Normalizes the given path.</doc>
<status status="PASS" start="2025-09-18T17:53:49.182101" elapsed="0.000962"/>
</kw>
<kw name="Evaluate" owner="BuiltIn">
<arg>sys.path.insert(0, r'${project_root}')</arg>
<arg>sys</arg>
<doc>Evaluates the given expression in Python and returns the result.</doc>
<status status="PASS" start="2025-09-18T17:53:49.186065" elapsed="0.000000"/>
</kw>
<status status="PASS" start="2025-09-18T17:53:49.182101" elapsed="0.003964"/>
</kw>
<kw name="Perform Transaction Onboarding Automation Flow">
<kw name="Transaction Onboarding Automation Process" owner="zinnialive">
<kw name="Transaction Onboarding Automation Flow" owner="ZinniaLive">
<msg time="2025-09-18T17:53:49.189108" level="INFO">Perform Policy Creation Process</msg>
<msg time="2025-09-18T17:53:49.189108" level="INFO">-----------------------------------------------------------</msg>
<msg time="2025-09-18T17:53:49.189108" level="INFO">Opening browser 'chrome' to base url 'https://qa-zahara-ui.zinnia.io/#/app/policy'.</msg>
<msg time="2025-09-18T17:53:57.236343" level="INFO">Typing text 'kapil.suthar@zinnia.com' into text field '//input[@id='username']'.</msg>
<msg time="2025-09-18T17:53:57.326343" level="INFO">Clicking element '//button[@type='submit']'.</msg>
<msg time="2025-09-18T17:54:03.661934" level="INFO">Typing text 'Nescafe@234568' into text field '//input[@type='password']'.</msg>
<msg time="2025-09-18T17:54:03.746935" level="INFO">Clicking element '//input[@type='submit']'.</msg>
<msg time="2025-09-18T17:54:27.249214" level="INFO">Policy has been uploaded successfully on Zahara</msg>
<msg time="2025-09-18T17:54:37.284806" level="INFO">Clicking element '//button[normalize-space()='Refresh']'.</msg>
<msg time="2025-09-18T17:54:37.417023" level="INFO">Typing text 'ZLEE3456827' into text field '//input[@type='search']'.</msg>
<msg time="2025-09-18T17:54:47.261358" level="INFO">Clicking element '//div[contains(text(),'ZLEE3456827')]'.</msg>
<msg time="2025-09-18T17:54:47.820839" level="INFO">Clicking element '//button[@id='policy-tab-transSummary']'.</msg>
<msg time="2025-09-18T17:54:48.917397" level="INFO">Lifecycle executed successfully: {"message": "SUCCESS", "status": 201}</msg>
<msg time="2025-09-18T17:54:49.616437" level="INFO">Clicking element '//button[@id='policy-tab-transSummary']'.</msg>
<msg time="2025-09-18T17:54:54.709447" level="INFO">Clicking element '//*[@id='root']/div/div[2]/div/div[1]/div[1]/div[3]/div[2]/button'.</msg>
<msg time="2025-09-18T17:54:55.373547" level="INFO">The policy has been successfully created and activated on Zahara</msg>
<msg time="2025-09-18T18:02:55.407044" level="INFO">Clicking element '//*[@id='root']/div/div[2]/div/div[1]/div[1]/div[3]/div[2]/button'.</msg>
<msg time="2025-09-18T18:03:00.782185" level="INFO">Attempt 1: Lifecycle not completed yet. Retrying in 30 seconds.</msg>
<msg time="2025-09-18T18:03:30.815449" level="INFO">Clicking element '//*[@id='root']/div/div[2]/div/div[1]/div[1]/div[3]/div[2]/button'.</msg>
<msg time="2025-09-18T18:03:36.339164" level="INFO">Attempt 2: Lifecycle not completed yet. Retrying in 30 seconds.</msg>
<msg time="2025-09-18T18:04:06.371202" level="INFO">Clicking element '//*[@id='root']/div/div[2]/div/div[1]/div[1]/div[3]/div[2]/button'.</msg>
<msg time="2025-09-18T18:04:11.982218" level="INFO">Attempt 3: Lifecycle not completed yet. Retrying in 30 seconds.</msg>
<msg time="2025-09-18T18:04:42.007345" level="INFO">Clicking element '//*[@id='root']/div/div[2]/div/div[1]/div[1]/div[3]/div[2]/button'.</msg>
<msg time="2025-09-18T18:04:47.616888" level="INFO">Attempt 4: Lifecycle not completed yet. Retrying in 30 seconds.</msg>
<msg time="2025-09-18T18:05:17.649365" level="INFO">Clicking element '//*[@id='root']/div/div[2]/div/div[1]/div[1]/div[3]/div[2]/button'.</msg>
<msg time="2025-09-18T18:05:23.124152" level="INFO">Attempt 5: Lifecycle not completed yet. Retrying in 30 seconds.</msg>
<msg time="2025-09-18T18:05:53.156662" level="INFO">Clicking element '//*[@id='root']/div/div[2]/div/div[1]/div[1]/div[3]/div[2]/button'.</msg>
<msg time="2025-09-18T18:05:58.584599" level="INFO">Attempt 6: Lifecycle not completed yet. Retrying in 30 seconds.</msg>
<msg time="2025-09-18T18:06:28.620137" level="INFO">Clicking element '//*[@id='root']/div/div[2]/div/div[1]/div[1]/div[3]/div[2]/button'.</msg>
<msg time="2025-09-18T18:06:34.105998" level="INFO">Attempt 7: Lifecycle not completed yet. Retrying in 30 seconds.</msg>
<msg time="2025-09-18T18:07:04.127381" level="INFO">Clicking element '//*[@id='root']/div/div[2]/div/div[1]/div[1]/div[3]/div[2]/button'.</msg>
<msg time="2025-09-18T18:07:06.457646" level="INFO">Lifecycle completed on attempt 8</msg>
<msg time="2025-09-18T18:07:08.875493" level="INFO">Perform Start A Loan Process</msg>
<msg time="2025-09-18T18:07:08.875493" level="INFO">-----------------------------------------------------------</msg>
<msg time="2025-09-18T18:07:08.875493" level="INFO">Opening browser 'chrome' to base url 'https://qa.zinnialive.com/cases'.</msg>
<msg time="2025-09-18T18:07:24.004875" level="INFO">Typing text 'kapil.suthar@zinnia.com' into text field '//input[@id='username']'.</msg>
<msg time="2025-09-18T18:07:24.128917" level="INFO">Clicking element '//button[@type='submit']'.</msg>
<msg time="2025-09-18T18:08:04.388523" level="FAIL">NoSuchWindowException: Message: no such window: target window already closed
from unknown error: web view not found
  (Session info: chrome=140.0.7339.128)
Stacktrace:
	GetHandleVerifier [0x0x7ff61fda30f5+79493]
	GetHandleVerifier [0x0x7ff61fda3150+79584]
	(No symbol) [0x0x7ff61fb201ba]
	(No symbol) [0x0x7ff61faf8271]
	(No symbol) [0x0x7ff61fba7d2e]
	(No symbol) [0x0x7ff61fbc84c2]
	(No symbol) [0x0x7ff61fba04e3]
	(No symbol) [0x0x7ff61fb68e92]
	(No symbol) [0x0x7ff61fb69c63]
	GetHandleVerifier [0x0x7ff620060dbd+2954061]
	GetHandleVerifier [0x0x7ff62005b02a+2930106]
	GetHandleVerifier [0x0x7ff62007b357+3061991]
	GetHandleVerifier [0x0x7ff61fdbd60e+187294]
	GetHandleVerifier [0x0x7ff61fdc557f+219919]
	GetHandleVerifier [0x0x7ff61fdac294+116772]
	GetHandleVerifier [0x0x7ff61fdac449+117209]
	GetHandleVerifier [0x0x7ff61fd92618+11176]
	BaseThreadInitThunk [0x0x7ffd63f97374+20]
	RtlUserThreadStart [0x0x7ffd65b9cc91+33]
</msg>
<arg>${automation_flow}</arg>
<arg>${old_xml_file_name}</arg>
<arg>${manage_autopay_contract_number}</arg>
<arg>${payee_name}</arg>
<arg>${expected_policy_status}</arg>
<arg>${start_loan_amount}</arg>
<arg>${loan_autopay_amount}</arg>
<arg>${Payment_frequency}</arg>
<arg>${loan_repayment_amount}</arg>
<arg>${payment_mode}</arg>
<arg>${fund_allocation_type}</arg>
<arg>${expected_account_name}</arg>
<arg>${expected_account_number}</arg>
<arg>${loan_manage_autopay_amount}</arg>
<arg>${Manage_payment_frequency}</arg>
<arg>${fix_fund_allocation_percent}</arg>
<arg>${cap_account_allocation_percent}</arg>
<arg>${participation_rate_allocation_percent}</arg>
<arg>${client_name}</arg>
<arg>${client_plan_code}</arg>
<arg>${transfer_amount}</arg>
<arg>${systematic_withdrawal_and_rmd_amount}</arg>
<arg>${systematic_premium_update_amount}</arg>
<arg>${systematic_withdrawal_update_amount}</arg>
<arg>${systematic_rmd_update_amount}</arg>
<arg>${preferred_communication}</arg>
<status status="FAIL" start="2025-09-18T17:53:49.188110" elapsed="855.205413">NoSuchWindowException: Message: no such window: target window already closed
from unknown error: web view not found
  (Session info: chrome=140.0.7339.128)
Stacktrace:
	GetHandleVerifier [0x0x7ff61fda30f5+79493]
	GetHandleVerifier [0x0x7ff61fda3150+79584]
	(No symbol) [0x0x7ff61fb201ba]
	(No symbol) [0x0x7ff61faf8271]
	(No symbol) [0x0x7ff61fba7d2e]
	(No symbol) [0x0x7ff61fbc84c2]
	(No symbol) [0x0x7ff61fba04e3]
	(No symbol) [0x0x7ff61fb68e92]
	(No symbol) [0x0x7ff61fb69c63]
	GetHandleVerifier [0x0x7ff620060dbd+2954061]
	GetHandleVerifier [0x0x7ff62005b02a+2930106]
	GetHandleVerifier [0x0x7ff62007b357+3061991]
	GetHandleVerifier [0x0x7ff61fdbd60e+187294]
	GetHandleVerifier [0x0x7ff61fdc557f+219919]
	GetHandleVerifier [0x0x7ff61fdac294+116772]
	GetHandleVerifier [0x0x7ff61fdac449+117209]
	GetHandleVerifier [0x0x7ff61fd92618+11176]
	BaseThreadInitThunk [0x0x7ffd63f97374+20]
	RtlUserThreadStart [0x0x7ffd65b9cc91+33]
</status>
</kw>
<arg>${automation_flow}</arg>
<arg>${old_xml_file_name}</arg>
<arg>${manage_autopay_contract_number}</arg>
<arg>${payee_name}</arg>
<arg>${expected_policy_status}</arg>
<arg>${start_loan_amount}</arg>
<arg>${loan_autopay_amount}</arg>
<arg>${Payment_frequency}</arg>
<arg>${loan_repayment_amount}</arg>
<arg>${payment_mode}</arg>
<arg>${fund_allocation_type}</arg>
<arg>${expected_account_name}</arg>
<arg>${expected_account_number}</arg>
<arg>${loan_manage_autopay_amount}</arg>
<arg>${Manage_payment_frequency}</arg>
<arg>${fix_fund_allocation_percent}</arg>
<arg>${cap_account_allocation_percent}</arg>
<arg>${participation_rate_allocation_percent}</arg>
<arg>${client_name}</arg>
<arg>${client_plan_code}</arg>
<arg>${transfer_amount}</arg>
<arg>${systematic_withdrawal_and_rmd_amount}</arg>
<arg>${systematic_premium_update_amount}</arg>
<arg>${systematic_withdrawal_update_amount}</arg>
<arg>${systematic_rmd_update_amount}</arg>
<arg>${preferred_communication}</arg>
<status status="FAIL" start="2025-09-18T17:53:49.187064" elapsed="855.209459">NoSuchWindowException: Message: no such window: target window already closed
from unknown error: web view not found
  (Session info: chrome=140.0.7339.128)
Stacktrace:
	GetHandleVerifier [0x0x7ff61fda30f5+79493]
	GetHandleVerifier [0x0x7ff61fda3150+79584]
	(No symbol) [0x0x7ff61fb201ba]
	(No symbol) [0x0x7ff61faf8271]
	(No symbol) [0x0x7ff61fba7d2e]
	(No symbol) [0x0x7ff61fbc84c2]
	(No symbol) [0x0x7ff61fba04e3]
	(No symbol) [0x0x7ff61fb68e92]
	(No symbol) [0x0x7ff61fb69c63]
	GetHandleVerifier [0x0x7ff620060dbd+2954061]
	GetHandleVerifier [0x0x7ff62005b02a+2930106]
	GetHandleVerifier [0x0x7ff62007b357+3061991]
	GetHandleVerifier [0x0x7ff61fdbd60e+187294]
	GetHandleVerifier [0x0x7ff61fdc557f+219919]
	GetHandleVerifier [0x0x7ff61fdac294+116772]
	GetHandleVerifier [0x0x7ff61fdac449+117209]
	GetHandleVerifier [0x0x7ff61fd92618+11176]
	BaseThreadInitThunk [0x0x7ffd63f97374+20]
	RtlUserThreadStart [0x0x7ffd65b9cc91+33]
</status>
</kw>
<arg>('TestId', 'TC_001')</arg>
<arg>('automation_flow', 'New One Time Loan Repayment')</arg>
<arg>('client_name', 'Everly')</arg>
<arg>('client_plan_code', 'ELIULV01')</arg>
<arg>('old_xml_file_name', 'ZLEE3094022')</arg>
<arg>('manage_autopay_contract_number', '')</arg>
<arg>('payee_name', '')</arg>
<arg>('expected_policy_status', 'ACTIVE')</arg>
<arg>('start_loan_amount', '$1,200.00')</arg>
<arg>('loan_repayment_amount', '$1,200.00')</arg>
<arg>('loan_autopay_amount', '$200.00')</arg>
<arg>('loan_manage_autopay_amount', '$300.00')</arg>
<arg>('systematic_premium_update_amount', '')</arg>
<arg>('systematic_withdrawal_update_amount', '')</arg>
<arg>('systematic_rmd_update_amount', '')</arg>
<arg>('Payment_frequency', 'Monthly')</arg>
<arg>('Manage_payment_frequency', 'Quarterly')</arg>
<arg>('payment_mode', 'ACH')</arg>
<arg>('fund_allocation_type', 'Pro rata')</arg>
<arg>('expected_account_name', 'WELLS FERGO')</arg>
<arg>('expected_account_number', 'Checking ending in 7452')</arg>
<arg>('fix_fund_allocation_percent', '')</arg>
<arg>('cap_account_allocation_percent', '')</arg>
<arg>('participation_rate_allocation_percent', '')</arg>
<arg>('transfer_amount', '')</arg>
<arg>('systematic_withdrawal_and_rmd_amount', '')</arg>
<arg>('preferred_communication', '')</arg>
<status status="FAIL" start="2025-09-18T17:53:49.186065" elapsed="855.210458">NoSuchWindowException: Message: no such window: target window already closed
from unknown error: web view not found
  (Session info: chrome=140.0.7339.128)
Stacktrace:
	GetHandleVerifier [0x0x7ff61fda30f5+79493]
	GetHandleVerifier [0x0x7ff61fda3150+79584]
	(No symbol) [0x0x7ff61fb201ba]
	(No symbol) [0x0x7ff61faf8271]
	(No symbol) [0x0x7ff61fba7d2e]
	(No symbol) [0x0x7ff61fbc84c2]
	(No symbol) [0x0x7ff61fba04e3]
	(No symbol) [0x0x7ff61fb68e92]
	(No symbol) [0x0x7ff61fb69c63]
	GetHandleVerifier [0x0x7ff620060dbd+2954061]
	GetHandleVerifier [0x0x7ff62005b02a+2930106]
	GetHandleVerifier [0x0x7ff62007b357+3061991]
	GetHandleVerifier [0x0x7ff61fdbd60e+187294]
	GetHandleVerifier [0x0x7ff61fdc557f+219919]
	GetHandleVerifier [0x0x7ff61fdac294+116772]
	GetHandleVerifier [0x0x7ff61fdac449+117209]
	GetHandleVerifier [0x0x7ff61fd92618+11176]
	BaseThreadInitThunk [0x0x7ffd63f97374+20]
	RtlUserThreadStart [0x0x7ffd65b9cc91+33]
</status>
</kw>
<status status="FAIL" start="2025-09-18T17:53:49.181119" elapsed="855.216406">NoSuchWindowException: Message: no such window: target window already closed
from unknown error: web view not found
  (Session info: chrome=140.0.7339.128)
Stacktrace:
	GetHandleVerifier [0x0x7ff61fda30f5+79493]
	GetHandleVerifier [0x0x7ff61fda3150+79584]
	(No symbol) [0x0x7ff61fb201ba]
	(No symbol) [0x0x7ff61faf8271]
	(No symbol) [0x0x7ff61fba7d2e]
	(No symbol) [0x0x7ff61fbc84c2]
	(No symbol) [0x0x7ff61fba04e3]
	(No symbol) [0x0x7ff61fb68e92]
	(No symbol) [0x0x7ff61fb69c63]
	GetHandleVerifier [0x0x7ff620060dbd+2954061]
	GetHandleVerifier [0x0x7ff62005b02a+2930106]
	GetHandleVerifier [0x0x7ff62007b357+3061991]
	GetHandleVerifier [0x0x7ff61fdbd60e+187294]
	GetHandleVerifier [0x0x7ff61fdc557f+219919]
	GetHandleVerifier [0x0x7ff61fdac294+116772]
	GetHandleVerifier [0x0x7ff61fdac449+117209]
	GetHandleVerifier [0x0x7ff61fd92618+11176]
	BaseThreadInitThunk [0x0x7ffd63f97374+20]
	RtlUserThreadStart [0x0x7ffd65b9cc91+33]
</status>
</test>
<status status="FAIL" start="2025-09-18T17:53:33.921616" elapsed="870.480982"/>
</suite>
<statistics>
<total>
<stat pass="0" fail="1" skip="0">All Tests</stat>
</total>
<tag>
</tag>
<suite>
<stat pass="0" fail="1" skip="0" id="s1" name="Transaction Onboarding Regression Suite">Transaction Onboarding Regression Suite</stat>
</suite>
</statistics>
<errors>
</errors>
</robot>
