<?xml version="1.0" encoding="UTF-8"?>
<robot generator="Robot 7.0.1 (Python 3.12.1 on win32)" generated="2025-09-22T19:04:58.141331" rpa="false" schemaversion="5">
<suite id="s1" name="Dynamic Api Tests" source="C:\Users\sharmash\automation-framwork\tests\api\dynamic_api_tests.robot">
<test id="s1-t1" name="Test_01_Get_OAuth_Token" line="125">
<kw name="Setup Session" type="SETUP">
<kw name="Create Session" owner="RequestsLibrary">
<msg time="2025-09-22T19:04:58.718391" level="INFO">Creating Session using : alias=api_session, url=https://login.qa.zinnia.com, headers={},                     cookies={}, auth=None, timeout=None, proxies=None, verify=False,                     debug=0 </msg>
<arg>api_session</arg>
<arg>https://login.qa.zinnia.com</arg>
<arg>verify=False</arg>
<doc>Create Session: create a HTTP session to a server</doc>
<status status="PASS" start="2025-09-22T19:04:58.718391" elapsed="0.000000"/>
</kw>
<kw name="Create Session" owner="RequestsLibrary">
<msg time="2025-09-22T19:04:58.721377" level="INFO">Creating Session using : alias=api_session_case, url=https://qa.api.zinnia.io, headers={},                     cookies={}, auth=None, timeout=None, proxies=None, verify=False,                     debug=0 </msg>
<arg>api_session_case</arg>
<arg>https://qa.api.zinnia.io</arg>
<arg>verify=False</arg>
<doc>Create Session: create a HTTP session to a server</doc>
<status status="PASS" start="2025-09-22T19:04:58.721377" elapsed="0.000000"/>
</kw>
<kw name="Create Session" owner="RequestsLibrary">
<msg time="2025-09-22T19:04:58.726398" level="INFO">Creating Session using : alias=api_session_bpm, url=https://qa-bpm.se2.com, headers={},                     cookies={}, auth=None, timeout=None, proxies=None, verify=False,                     debug=0 </msg>
<arg>api_session_bpm</arg>
<arg>https://qa-bpm.se2.com</arg>
<arg>verify=False</arg>
<doc>Create Session: create a HTTP session to a server</doc>
<status status="PASS" start="2025-09-22T19:04:58.726398" elapsed="0.000000"/>
</kw>
<status status="PASS" start="2025-09-22T19:04:58.717388" elapsed="0.010994"/>
</kw>
<kw name="Set Variable" owner="BuiltIn">
<msg time="2025-09-22T19:04:58.729391" level="INFO">${endpoint} = /oauth/token</msg>
<var>${endpoint}</var>
<arg>/oauth/token</arg>
<doc>Returns the given values which can then be assigned to a variables.</doc>
<status status="PASS" start="2025-09-22T19:04:58.729391" elapsed="0.000000"/>
</kw>
<kw name="Set Variable" owner="BuiltIn">
<msg time="2025-09-22T19:04:58.731399" level="INFO">${method} = POST</msg>
<var>${method}</var>
<arg>POST</arg>
<doc>Returns the given values which can then be assigned to a variables.</doc>
<status status="PASS" start="2025-09-22T19:04:58.731399" elapsed="0.000000"/>
</kw>
<kw name="Create Dictionary" owner="BuiltIn">
<msg time="2025-09-22T19:04:58.735405" level="INFO">${headers} = {'Content-Type': 'application/x-www-form-urlencoded'}</msg>
<var>${headers}</var>
<arg>Content-Type=application/x-www-form-urlencoded</arg>
<doc>Creates and returns a dictionary based on the given ``items``.</doc>
<status status="PASS" start="2025-09-22T19:04:58.734346" elapsed="0.001059"/>
</kw>
<kw name="Set Variable" owner="BuiltIn">
<msg time="2025-09-22T19:04:58.737384" level="INFO">${base_url} = None</msg>
<var>${base_url}</var>
<arg>None</arg>
<doc>Returns the given values which can then be assigned to a variables.</doc>
<status status="PASS" start="2025-09-22T19:04:58.737384" elapsed="0.000000"/>
</kw>
<kw name="Create Dictionary" owner="BuiltIn">
<msg time="2025-09-22T19:04:58.740399" level="INFO">${payload} = {'audience': 'https://qa.api.zinnia.io', 'grant_type': 'client_credentials', 'client_id': 'UuMribrP3e8zVhfHy6wPJ25lVYh1CWN3', 'client_secret': 'WQ4ZBFI0RaYnhlhrZBdw4ltrMk8IKT9bDm1DX_U28doSk4F4Au5KiAso...</msg>
<var>${payload}</var>
<arg>audience=https://qa.api.zinnia.io</arg>
<arg>grant_type=client_credentials</arg>
<arg>client_id=UuMribrP3e8zVhfHy6wPJ25lVYh1CWN3</arg>
<arg>client_secret=WQ4ZBFI0RaYnhlhrZBdw4ltrMk8IKT9bDm1DX_U28doSk4F4Au5KiAsoBCSNYWix</arg>
<doc>Creates and returns a dictionary based on the given ``items``.</doc>
<status status="PASS" start="2025-09-22T19:04:58.740399" elapsed="0.000000"/>
</kw>
<kw name="Step: Executing API">
<kw name="Log To Console" owner="BuiltIn">
<arg>\n=== Executing: ${api_name} ===</arg>
<doc>Logs the given message to the console.</doc>
<status status="PASS" start="2025-09-22T19:04:58.743378" elapsed="0.000000"/>
</kw>
<kw name="Log" owner="BuiltIn">
<msg time="2025-09-22T19:04:58.743378" level="INFO">=== Executing: Get OAuth Token ===</msg>
<arg>=== Executing: ${api_name} ===</arg>
<arg>INFO</arg>
<doc>Logs the given message with the given level.</doc>
<status status="PASS" start="2025-09-22T19:04:58.743378" elapsed="0.000000"/>
</kw>
<arg>Get OAuth Token</arg>
<doc>=== Executing: ${api_name} ===</doc>
<status status="PASS" start="2025-09-22T19:04:58.742385" elapsed="0.003002"/>
</kw>
<kw name="Execute Token API">
<kw name="Create Dictionary" owner="BuiltIn">
<msg time="2025-09-22T19:04:58.746418" level="INFO">${form_data} = {}</msg>
<var>${form_data}</var>
<doc>Creates and returns a dictionary based on the given ``items``.</doc>
<status status="PASS" start="2025-09-22T19:04:58.746418" elapsed="0.000000"/>
</kw>
<for flavor="IN">
<iter>
<kw name="Set To Dictionary" owner="Collections">
<arg>${form_data}</arg>
<arg>${key}=${value}</arg>
<doc>Adds the given ``key_value_pairs`` and/or ``items`` to the ``dictionary``.</doc>
<status status="PASS" start="2025-09-22T19:04:58.750391" elapsed="0.000000"/>
</kw>
<var name="${key}">audience</var>
<var name="${value}">https://qa.api.zinnia.io</var>
<status status="PASS" start="2025-09-22T19:04:58.749346" elapsed="0.001045"/>
</iter>
<iter>
<kw name="Set To Dictionary" owner="Collections">
<arg>${form_data}</arg>
<arg>${key}=${value}</arg>
<doc>Adds the given ``key_value_pairs`` and/or ``items`` to the ``dictionary``.</doc>
<status status="PASS" start="2025-09-22T19:04:58.751395" elapsed="0.000000"/>
</kw>
<var name="${key}">grant_type</var>
<var name="${value}">client_credentials</var>
<status status="PASS" start="2025-09-22T19:04:58.751395" elapsed="0.000000"/>
</iter>
<iter>
<kw name="Set To Dictionary" owner="Collections">
<arg>${form_data}</arg>
<arg>${key}=${value}</arg>
<doc>Adds the given ``key_value_pairs`` and/or ``items`` to the ``dictionary``.</doc>
<status status="PASS" start="2025-09-22T19:04:58.751395" elapsed="0.000989"/>
</kw>
<var name="${key}">client_id</var>
<var name="${value}">UuMribrP3e8zVhfHy6wPJ25lVYh1CWN3</var>
<status status="PASS" start="2025-09-22T19:04:58.751395" elapsed="0.000989"/>
</iter>
<iter>
<kw name="Set To Dictionary" owner="Collections">
<arg>${form_data}</arg>
<arg>${key}=${value}</arg>
<doc>Adds the given ``key_value_pairs`` and/or ``items`` to the ``dictionary``.</doc>
<status status="PASS" start="2025-09-22T19:04:58.752384" elapsed="0.000000"/>
</kw>
<var name="${key}">client_secret</var>
<var name="${value}">WQ4ZBFI0RaYnhlhrZBdw4ltrMk8IKT9bDm1DX_U28doSk4F4Au5KiAsoBCSNYWix</var>
<status status="PASS" start="2025-09-22T19:04:58.752384" elapsed="0.000000"/>
</iter>
<var>${key}</var>
<var>${value}</var>
<value>&amp;{payload}</value>
<status status="PASS" start="2025-09-22T19:04:58.749346" elapsed="0.003038"/>
</for>
<kw name="POST On Session" owner="RequestsLibrary">
<msg time="2025-09-22T19:05:00.226782" level="INFO">POST Request : url=https://login.qa.zinnia.com/oauth/token 
 path_url=/oauth/token 
 headers={'User-Agent': 'python-requests/2.32.3', 'Accept-Encoding': 'gzip, deflate, br', 'Accept': '*/*', 'Connection': 'keep-alive', 'Content-Type': 'application/x-www-form-urlencoded', 'Content-Length': '191'} 
 body=audience=https%3A%2F%2Fqa.api.zinnia.io&amp;grant_type=client_credentials&amp;client_id=UuMribrP3e8zVhfHy6wPJ25lVYh1CWN3&amp;client_secret=WQ4ZBFI0RaYnhlhrZBdw4ltrMk8IKT9bDm1DX_U28doSk4F4Au5KiAsoBCSNYWix 
 </msg>
<msg time="2025-09-22T19:05:00.226782" level="INFO">POST Response : url=https://login.qa.zinnia.com/oauth/token 
 status=200, reason=OK 
 headers={'Date': 'Mon, 22 Sep 2025 13:35:00 GMT', 'Content-Type': 'application/json', 'Transfer-Encoding': 'chunked', 'Connection': 'keep-alive', 'Content-Encoding': 'br', 'CF-Ray': '98322ed37b75e2c9-DEL', 'CF-Cache-Status': 'DYNAMIC', 'Cache-Control': 'no-store', 'Set-Cookie': 'did=s%3Av0%3Ad77f1f05-06d2-4c31-b9b6-cbd0f5794498.gn7%2F%2FA0rkxljbzV4R30fftmrMapgFXYMpGC6GA6KFZE; Path=/; Expires=Tue, 22 Sep 2026 19:35:00 GMT; HttpOnly; Secure; SameSite=None, did_compat=s%3Av0%3Ad77f1f05-06d2-4c31-b9b6-cbd0f5794498.gn7%2F%2FA0rkxljbzV4R30fftmrMapgFXYMpGC6GA6KFZE; Path=/; Expires=Tue, 22 Sep 2026 19:35:00 GMT; HttpOnly; Secure', 'Strict-Transport-Security': 'max-age=31536000; includeSubDomains', 'Vary': 'Accept-Encoding, Origin', 'Pragma': 'no-cache', 'X-Auth0-L': '0.760', 'X-Auth0-RequestId': '5cc914833837f48c960a', 'X-Content-Type-Options': 'nosniff', 'X-RateLimit-Limit': '300', 'X-RateLimit-Remaining': '299', 'X-RateLimit-Reset': '1758548101', 'Server': 'cloudflare', 'alt-svc': 'h3=":443"; ma=86400'} 
 body={"access_token":"eyJhbGciOiJSUzI1NiIsInR5cCI6IkpXVCIsImtpZCI6IlU1SWNUOEQ4LTNWdl80NDFIdnlzbyJ9.eyJodHRwczovL3FhLmFwaS56aW5uaWEuaW8vY2xpZW50SWRzIjpbImV2ZXJseSIsImVsaWMiLCJzYnVsIl0sImh0dHBzOi8vcWEuYXBpLnppbm5pYS5pby9wZXJtaXNzaW9ucyI6WyJyZWFkOnBvbGljeSIsIndyaXRlOnBvbGljeSIsIndyaXRlOmNhc2UiLCJyZWFkOmNhc2UiLCJyZWFkOmRvY3VtZW50Iiwid3JpdGU6ZG9jdW1lbnQiLCJ3cml0ZTp0YXNrIiwicmVhZDp0YXNrIl0sInBhcnR5SWQiOiJjNmE3YWI5ZjdkZDg0MDE1YTY1NTJiZmM1YjM2NmI3NyIsInNvdXJjZSI6IkJ1c2luZXNzIFByb2Nlc3MgTWFuYWdlbWVudCIsImlzcyI6Imh0dHBzOi8vbG9naW4ucWEuemlubmlhLmNvbS8iLCJzdWIiOiJVdU1yaWJyUDNlOHpWaGZIeTZ3UEoyNWxWWWgxQ1dOM0BjbGllbnRzIiwiYXVkIjoiaHR0cHM6Ly9xYS5hcGkuemlubmlhLmlvIiwiaWF0IjoxNzU4NTQ4MTAwLCJleHAiOjE3NTg2MzQ1MDAsInNjb3BlIjoib3BlbmlkIiwiZ3R5IjoiY2xpZW50LWNyZWRlbnRpYWxzIiwiYXpwIjoiVXVNcmliclAzZTh6VmhmSHk2d1BKMjVsVlloMUNXTjMifQ.NPPpWW8WDaKQtV-P5dHpSkbGeD2649rS5o5nhAFSNIyE8UDCZYftf4D6GDI3yxp_pdilQ8dEiORgr06qAgAwKGKhnGqoWYke_2rg9QKgjuTtLMROr5C-GqljUcja6xQJnGveVqHaaJGNINZNGXc-rJphspa5D3JQ0r_ZQiH7GrHpRvqZJzoymvz-kAKrGbHi87imTJSmSa2TpMS-LKfk2CtvPLf3sYxIY0_Vhnp3JnNAGPJJ3buisDgZ1WwW2XmYcfBOjsp-VMFYBsP3Y9YBBIWlKUnpEBtR2GldDaKjM3g7W9nGey8j5DfwOZUVaTDS2Nngissnd-0qPhwc5UrtrA","scope":"openid","expires_in":86400,"token_type":"Bearer"} 
 </msg>
<msg time="2025-09-22T19:05:00.226782" level="INFO">C:\Users\sharmash\AppData\Roaming\Python\Python312\site-packages\urllib3\connectionpool.py:1103: InsecureRequestWarning: Unverified HTTPS request is being made to host 'login.qa.zinnia.com'. Adding certificate verification is strongly advised. See: https://urllib3.readthedocs.io/en/latest/advanced-usage.html#tls-warnings
  warnings.warn(</msg>
<msg time="2025-09-22T19:05:00.226782" level="INFO">${response} = &lt;Response [200]&gt;</msg>
<var>${response}</var>
<arg>api_session</arg>
<arg>${endpoint}</arg>
<arg>data=${form_data}</arg>
<arg>headers=${headers}</arg>
<doc>Sends a POST request on a previously created HTTP Session.</doc>
<status status="PASS" start="2025-09-22T19:04:58.753414" elapsed="1.473368"/>
</kw>
<kw name="Get From Dictionary" owner="Collections">
<msg time="2025-09-22T19:05:00.231791" level="INFO">${token} = eyJhbGciOiJSUzI1NiIsInR5cCI6IkpXVCIsImtpZCI6IlU1SWNUOEQ4LTNWdl80NDFIdnlzbyJ9.eyJodHRwczovL3FhLmFwaS56aW5uaWEuaW8vY2xpZW50SWRzIjpbImV2ZXJseSIsImVsaWMiLCJzYnVsIl0sImh0dHBzOi8vcWEuYXBpLnppbm5pYS5pby9wZXJ...</msg>
<var>${token}</var>
<arg>${response.json()}</arg>
<arg>access_token</arg>
<doc>Returns a value from the given ``dictionary`` based on the given ``key``.</doc>
<status status="PASS" start="2025-09-22T19:05:00.230754" elapsed="0.001037"/>
</kw>
<kw name="Set Global Variable" owner="BuiltIn">
<msg time="2025-09-22T19:05:00.235745" level="INFO">${TOKEN} = eyJhbGciOiJSUzI1NiIsInR5cCI6IkpXVCIsImtpZCI6IlU1SWNUOEQ4LTNWdl80NDFIdnlzbyJ9.eyJodHRwczovL3FhLmFwaS56aW5uaWEuaW8vY2xpZW50SWRzIjpbImV2ZXJseSIsImVsaWMiLCJzYnVsIl0sImh0dHBzOi8vcWEuYXBpLnppbm5pYS5pby9wZXJ...</msg>
<arg>${TOKEN}</arg>
<arg>${token}</arg>
<doc>Makes a variable available globally in all tests and suites.</doc>
<status status="PASS" start="2025-09-22T19:05:00.235745" elapsed="0.000000"/>
</kw>
<kw name="Set Suite Variable" owner="BuiltIn">
<msg time="2025-09-22T19:05:00.240790" level="INFO">${OAUTH_TOKEN_DISPLAY} = eyJhbGciOiJSUzI1NiIsInR5cCI6IkpXVCIsImtpZCI6IlU1SWNUOEQ4LTNWdl80NDFIdnlzbyJ9.eyJodHRwczovL3FhLmFwaS56aW5uaWEuaW8vY2xpZW50SWRzIjpbImV2ZXJseSIsImVsaWMiLCJzYnVsIl0sImh0dHBzOi8vcWEuYXBpLnppbm5pYS5pby9wZXJ...</msg>
<arg>${OAUTH_TOKEN_DISPLAY}</arg>
<arg>${token}</arg>
<doc>Makes a variable available everywhere within the scope of the current suite.</doc>
<status status="PASS" start="2025-09-22T19:05:00.238742" elapsed="0.002048"/>
</kw>
<kw name="Log" owner="BuiltIn">
<msg time="2025-09-22T19:05:00.245751" level="INFO">Token received: eyJhbGciOiJSUzI1NiIsInR5cCI6IkpXVCIsImtpZCI6IlU1SWNUOEQ4LTNWdl80NDFIdnlzbyJ9.eyJodHRwczovL3FhLmFwaS56aW5uaWEuaW8vY2xpZW50SWRzIjpbImV2ZXJseSIsImVsaWMiLCJzYnVsIl0sImh0dHBzOi8vcWEuYXBpLnppbm5pYS5pby9wZXJtaXNzaW9ucyI6WyJyZWFkOnBvbGljeSIsIndyaXRlOnBvbGljeSIsIndyaXRlOmNhc2UiLCJyZWFkOmNhc2UiLCJyZWFkOmRvY3VtZW50Iiwid3JpdGU6ZG9jdW1lbnQiLCJ3cml0ZTp0YXNrIiwicmVhZDp0YXNrIl0sInBhcnR5SWQiOiJjNmE3YWI5ZjdkZDg0MDE1YTY1NTJiZmM1YjM2NmI3NyIsInNvdXJjZSI6IkJ1c2luZXNzIFByb2Nlc3MgTWFuYWdlbWVudCIsImlzcyI6Imh0dHBzOi8vbG9naW4ucWEuemlubmlhLmNvbS8iLCJzdWIiOiJVdU1yaWJyUDNlOHpWaGZIeTZ3UEoyNWxWWWgxQ1dOM0BjbGllbnRzIiwiYXVkIjoiaHR0cHM6Ly9xYS5hcGkuemlubmlhLmlvIiwiaWF0IjoxNzU4NTQ4MTAwLCJleHAiOjE3NTg2MzQ1MDAsInNjb3BlIjoib3BlbmlkIiwiZ3R5IjoiY2xpZW50LWNyZWRlbnRpYWxzIiwiYXpwIjoiVXVNcmliclAzZTh6VmhmSHk2d1BKMjVsVlloMUNXTjMifQ.NPPpWW8WDaKQtV-P5dHpSkbGeD2649rS5o5nhAFSNIyE8UDCZYftf4D6GDI3yxp_pdilQ8dEiORgr06qAgAwKGKhnGqoWYke_2rg9QKgjuTtLMROr5C-GqljUcja6xQJnGveVqHaaJGNINZNGXc-rJphspa5D3JQ0r_ZQiH7GrHpRvqZJzoymvz-kAKrGbHi87imTJSmSa2TpMS-LKfk2CtvPLf3sYxIY0_Vhnp3JnNAGPJJ3buisDgZ1WwW2XmYcfBOjsp-VMFYBsP3Y9YBBIWlKUnpEBtR2GldDaKjM3g7W9nGey8j5DfwOZUVaTDS2Nngissnd-0qPhwc5UrtrA</msg>
<arg>Token received: ${token}</arg>
<arg>INFO</arg>
<doc>Logs the given message with the given level.</doc>
<status status="PASS" start="2025-09-22T19:05:00.244746" elapsed="0.001005"/>
</kw>
<arg>${endpoint}</arg>
<arg>${method}</arg>
<arg>${headers}</arg>
<arg>${payload}</arg>
<status status="PASS" start="2025-09-22T19:04:58.746418" elapsed="1.503291"/>
</kw>
<kw name="Step: Token Received">
<kw name="Log To Console" owner="BuiltIn">
<arg>Token received: ${OAUTH_TOKEN_DISPLAY}</arg>
<doc>Logs the given message to the console.</doc>
<status status="PASS" start="2025-09-22T19:05:00.250710" elapsed="0.000000"/>
</kw>
<kw name="Log" owner="BuiltIn">
<msg time="2025-09-22T19:05:00.251723" level="INFO">Token received: eyJhbGciOiJSUzI1NiIsInR5cCI6IkpXVCIsImtpZCI6IlU1SWNUOEQ4LTNWdl80NDFIdnlzbyJ9.eyJodHRwczovL3FhLmFwaS56aW5uaWEuaW8vY2xpZW50SWRzIjpbImV2ZXJseSIsImVsaWMiLCJzYnVsIl0sImh0dHBzOi8vcWEuYXBpLnppbm5pYS5pby9wZXJtaXNzaW9ucyI6WyJyZWFkOnBvbGljeSIsIndyaXRlOnBvbGljeSIsIndyaXRlOmNhc2UiLCJyZWFkOmNhc2UiLCJyZWFkOmRvY3VtZW50Iiwid3JpdGU6ZG9jdW1lbnQiLCJ3cml0ZTp0YXNrIiwicmVhZDp0YXNrIl0sInBhcnR5SWQiOiJjNmE3YWI5ZjdkZDg0MDE1YTY1NTJiZmM1YjM2NmI3NyIsInNvdXJjZSI6IkJ1c2luZXNzIFByb2Nlc3MgTWFuYWdlbWVudCIsImlzcyI6Imh0dHBzOi8vbG9naW4ucWEuemlubmlhLmNvbS8iLCJzdWIiOiJVdU1yaWJyUDNlOHpWaGZIeTZ3UEoyNWxWWWgxQ1dOM0BjbGllbnRzIiwiYXVkIjoiaHR0cHM6Ly9xYS5hcGkuemlubmlhLmlvIiwiaWF0IjoxNzU4NTQ4MTAwLCJleHAiOjE3NTg2MzQ1MDAsInNjb3BlIjoib3BlbmlkIiwiZ3R5IjoiY2xpZW50LWNyZWRlbnRpYWxzIiwiYXpwIjoiVXVNcmliclAzZTh6VmhmSHk2d1BKMjVsVlloMUNXTjMifQ.NPPpWW8WDaKQtV-P5dHpSkbGeD2649rS5o5nhAFSNIyE8UDCZYftf4D6GDI3yxp_pdilQ8dEiORgr06qAgAwKGKhnGqoWYke_2rg9QKgjuTtLMROr5C-GqljUcja6xQJnGveVqHaaJGNINZNGXc-rJphspa5D3JQ0r_ZQiH7GrHpRvqZJzoymvz-kAKrGbHi87imTJSmSa2TpMS-LKfk2CtvPLf3sYxIY0_Vhnp3JnNAGPJJ3buisDgZ1WwW2XmYcfBOjsp-VMFYBsP3Y9YBBIWlKUnpEBtR2GldDaKjM3g7W9nGey8j5DfwOZUVaTDS2Nngissnd-0qPhwc5UrtrA</msg>
<arg>Token received: ${OAUTH_TOKEN_DISPLAY}</arg>
<arg>INFO</arg>
<doc>Logs the given message with the given level.</doc>
<status status="PASS" start="2025-09-22T19:05:00.251723" elapsed="0.000000"/>
</kw>
<doc>Token received: eyJhbGciOiJSUzI1NiIsInR5cCI6IkpXVCIsImtpZCI6IlU1SWNUOEQ4LTNWdl80NDFIdnlzbyJ9.eyJodHRwczovL3FhLmFwaS56aW5uaWEuaW8vY2xpZW50SWRzIjpbImV2ZXJseSIsImVsaWMiLCJzYnVsIl0sImh0dHBzOi8vcWEuYXBpLnppbm5pYS5pby9wZXJtaXNzaW9ucyI6WyJyZWFkOnBvbGljeSIsIndyaXRlOnBvbGljeSIsIndyaXRlOmNhc2UiLCJyZWFkOmNhc2UiLCJyZWFkOmRvY3VtZW50Iiwid3JpdGU6ZG9jdW1lbnQiLCJ3cml0ZTp0YXNrIiwicmVhZDp0YXNrIl0sInBhcnR5SWQiOiJjNmE3YWI5ZjdkZDg0MDE1YTY1NTJiZmM1YjM2NmI3NyIsInNvdXJjZSI6IkJ1c2luZXNzIFByb2Nlc3MgTWFuYWdlbWVudCIsImlzcyI6Imh0dHBzOi8vbG9naW4ucWEuemlubmlhLmNvbS8iLCJzdWIiOiJVdU1yaWJyUDNlOHpWaGZIeTZ3UEoyNWxWWWgxQ1dOM0BjbGllbnRzIiwiYXVkIjoiaHR0cHM6Ly9xYS5hcGkuemlubmlhLmlvIiwiaWF0IjoxNzU4NTQ4MTAwLCJleHAiOjE3NTg2MzQ1MDAsInNjb3BlIjoib3BlbmlkIiwiZ3R5IjoiY2xpZW50LWNyZWRlbnRpYWxzIiwiYXpwIjoiVXVNcmliclAzZTh6VmhmSHk2d1BKMjVsVlloMUNXTjMifQ.NPPpWW8WDaKQtV-P5dHpSkbGeD2649rS5o5nhAFSNIyE8UDCZYftf4D6GDI3yxp_pdilQ8dEiORgr06qAgAwKGKhnGqoWYke_2rg9QKgjuTtLMROr5C-GqljUcja6xQJnGveVqHaaJGNINZNGXc-rJphspa5D3JQ0r_ZQiH7GrHpRvqZJzoymvz-kAKrGbHi87imTJSmSa2TpMS-LKfk2CtvPLf3sYxIY0_Vhnp3JnNAGPJJ3buisDgZ1WwW2XmYcfBOjsp-VMFYBsP3Y9YBBIWlKUnpEBtR2GldDaKjM3g7W9nGey8j5DfwOZUVaTDS2Nngissnd-0qPhwc5UrtrA</doc>
<status status="PASS" start="2025-09-22T19:05:00.249709" elapsed="0.006001"/>
</kw>
<kw name="Step: Completed API">
<kw name="Log To Console" owner="BuiltIn">
<arg>=== Completed: ${api_name} ===</arg>
<doc>Logs the given message to the console.</doc>
<status status="PASS" start="2025-09-22T19:05:00.260712" elapsed="0.002049"/>
</kw>
<kw name="Log" owner="BuiltIn">
<msg time="2025-09-22T19:05:00.264710" level="INFO">=== Completed: Get OAuth Token ===</msg>
<arg>=== Completed: ${api_name} ===</arg>
<arg>INFO</arg>
<doc>Logs the given message with the given level.</doc>
<status status="PASS" start="2025-09-22T19:05:00.263712" elapsed="0.000998"/>
</kw>
<arg>Get OAuth Token</arg>
<doc>=== Completed: ${api_name} ===</doc>
<status status="PASS" start="2025-09-22T19:05:00.259712" elapsed="0.012045"/>
</kw>
<doc>Execute Get OAuth Token</doc>
<status status="PASS" start="2025-09-22T19:04:58.716344" elapsed="1.556432"/>
</test>
<doc>Dynamic API Tests - Auto-generated for selected APIs</doc>
<status status="PASS" start="2025-09-22T19:04:58.247380" elapsed="2.038332"/>
</suite>
<statistics>
<total>
<stat pass="1" fail="0" skip="0">All Tests</stat>
</total>
<tag>
</tag>
<suite>
<stat pass="1" fail="0" skip="0" id="s1" name="Dynamic Api Tests">Dynamic Api Tests</stat>
</suite>
</statistics>
<errors>
<msg time="2025-09-22T19:04:58.238333" level="ERROR">Taking listener 'allure_console_listener.AllureConsoleListener:results/run_20250922_190457\allure-results' into use failed: Importing listener 'allure_console_listener.AllureConsoleListener' failed: ModuleNotFoundError: No module named 'allure_console_listener'
Traceback (most recent call last):
  None
PYTHONPATH:
  C:\Program Files\Python312\Scripts\robot.exe
  c:\Users\sharmash\Downloads\QAS-ZinniaLive-AutomationTesting (1)\QAS-ZinniaLive-AutomationTesting
  C:\Users\sharmash\automation-framwork\%PYTHONPATH%
  C:\Program Files\Python312\python312.zip
  C:\Program Files\Python312\DLLs
  C:\Program Files\Python312\Lib
  C:\Program Files\Python312
  C:\Users\sharmash\AppData\Roaming\Python\Python312\site-packages
  C:\Users\sharmash\AppData\Roaming\Python\Python312\site-packages\win32
  C:\Users\sharmash\AppData\Roaming\Python\Python312\site-packages\win32\lib
  C:\Users\sharmash\AppData\Roaming\Python\Python312\site-packages\Pythonwin
  C:\Program Files\Python312\Lib\site-packages</msg>
<msg time="2025-09-22T19:04:58.242332" level="ERROR">Taking listener 'DebugLibrary' into use failed: Importing listener 'DebugLibrary' failed: ModuleNotFoundError: No module named 'DebugLibrary'
Traceback (most recent call last):
  None
PYTHONPATH:
  C:\Program Files\Python312\Scripts\robot.exe
  c:\Users\sharmash\Downloads\QAS-ZinniaLive-AutomationTesting (1)\QAS-ZinniaLive-AutomationTesting
  C:\Users\sharmash\automation-framwork\%PYTHONPATH%
  C:\Program Files\Python312\python312.zip
  C:\Program Files\Python312\DLLs
  C:\Program Files\Python312\Lib
  C:\Program Files\Python312
  C:\Users\sharmash\AppData\Roaming\Python\Python312\site-packages
  C:\Users\sharmash\AppData\Roaming\Python\Python312\site-packages\win32
  C:\Users\sharmash\AppData\Roaming\Python\Python312\site-packages\win32\lib
  C:\Users\sharmash\AppData\Roaming\Python\Python312\site-packages\Pythonwin
  C:\Program Files\Python312\Lib\site-packages</msg>
</errors>
</robot>
