<?xml version="1.0" encoding="UTF-8"?>
<robot generator="Robot 7.0.1 (Python 3.12.1 on win32)" generated="2025-09-22T15:53:04.194621" rpa="false" schemaversion="5">
<suite id="s1" name="Api Config Executor" source="C:\Users\sharmash\automation-framwork\tests\api\api_config_executor.robot">
<kw name="Setup Session" type="SETUP">
<kw name="Create Session" owner="RequestsLibrary">
<msg time="2025-09-22T15:53:04.812619" level="INFO">Creating Session using : alias=api_session, url=https://login.qa.zinnia.com, headers={},                     cookies={}, auth=None, timeout=None, proxies=None, verify=False,                     debug=0 </msg>
<arg>api_session</arg>
<arg>https://login.qa.zinnia.com</arg>
<arg>verify=False</arg>
<doc>Create Session: create a HTTP session to a server</doc>
<status status="PASS" start="2025-09-22T15:53:04.812619" elapsed="0.001003"/>
</kw>
<kw name="Create Session" owner="RequestsLibrary">
<msg time="2025-09-22T15:53:04.816594" level="INFO">Creating Session using : alias=api_session_case, url=https://qa.api.zinnia.io, headers={},                     cookies={}, auth=None, timeout=None, proxies=None, verify=False,                     debug=0 </msg>
<arg>api_session_case</arg>
<arg>https://qa.api.zinnia.io</arg>
<arg>verify=False</arg>
<doc>Create Session: create a HTTP session to a server</doc>
<status status="PASS" start="2025-09-22T15:53:04.815624" elapsed="0.000970"/>
</kw>
<kw name="Create Session" owner="RequestsLibrary">
<msg time="2025-09-22T15:53:04.821617" level="INFO">Creating Session using : alias=api_session_bpm, url=https://qa-bpm.se2.com, headers={},                     cookies={}, auth=None, timeout=None, proxies=None, verify=False,                     debug=0 </msg>
<arg>api_session_bpm</arg>
<arg>https://qa-bpm.se2.com</arg>
<arg>verify=False</arg>
<doc>Create Session: create a HTTP session to a server</doc>
<status status="PASS" start="2025-09-22T15:53:04.821617" elapsed="0.001005"/>
</kw>
<status status="PASS" start="2025-09-22T15:53:04.811618" elapsed="0.013984"/>
</kw>
<test id="s1-t1" name="Run Token And Case API" line="110">
<kw name="Set Variable" owner="BuiltIn">
<msg time="2025-09-22T15:53:04.826585" level="INFO">${config_file} = C:\Users\sharmash\automation-framwork\tests\api\..\api_config.json</msg>
<var>${config_file}</var>
<arg>C:\\Users\\sharmash\\automation-framwork\\tests\\api${/}..${/}api_config.json</arg>
<doc>Returns the given values which can then be assigned to a variables.</doc>
<status status="PASS" start="2025-09-22T15:53:04.826585" elapsed="0.000000"/>
</kw>
<kw name="File Should Exist" owner="OperatingSystem">
<msg time="2025-09-22T15:53:04.829586" level="INFO" html="true">File '&lt;a href="file://C:\Users\sharmash\automation-framwork\tests\api_config.json"&gt;C:\Users\sharmash\automation-framwork\tests\api_config.json&lt;/a&gt;' exists.</msg>
<arg>${config_file}</arg>
<arg>msg=API config file not found: ${config_file}</arg>
<doc>Fails unless the given ``path`` points to an existing file.</doc>
<status status="PASS" start="2025-09-22T15:53:04.829586" elapsed="0.000000"/>
</kw>
<kw name="Get File" owner="OperatingSystem">
<msg time="2025-09-22T15:53:04.832585" level="INFO" html="true">Getting file '&lt;a href="file://C:\Users\sharmash\automation-framwork\tests\api_config.json"&gt;C:\Users\sharmash\automation-framwork\tests\api_config.json&lt;/a&gt;'.</msg>
<msg time="2025-09-22T15:53:04.833585" level="INFO">${file_content} = {
    "regions": {
      "dev": "https://login.qa.zinnia.com/",
      "QA": "https://login.qa.zinnia.com/",
      "prod": "https://login.qa.zinnia.com/"
    },
    "apis": [
      {
        "name": "G...</msg>
<var>${file_content}</var>
<arg>${config_file}</arg>
<doc>Returns the contents of a specified file.</doc>
<status status="PASS" start="2025-09-22T15:53:04.832585" elapsed="0.001000"/>
</kw>
<kw name="Evaluate" owner="BuiltIn">
<msg time="2025-09-22T15:53:04.837620" level="INFO">${config} = {'regions': {'dev': 'https://login.qa.zinnia.com/', 'QA': 'https://login.qa.zinnia.com/', 'prod': 'https://login.qa.zinnia.com/'}, 'apis': [{'name': 'Get OAuth Token', 'endpoint': '/oauth/token', 'met...</msg>
<var>${config}</var>
<arg>json.loads('''${file_content}''')</arg>
<arg>json</arg>
<doc>Evaluates the given expression in Python and returns the result.</doc>
<status status="PASS" start="2025-09-22T15:53:04.837620" elapsed="0.000000"/>
</kw>
<kw name="Dictionary Should Contain Key" owner="Collections">
<arg>${config}</arg>
<arg>apis</arg>
<arg>msg=Config file must contain 'apis' key</arg>
<doc>Fails if ``key`` is not found from ``dictionary``.</doc>
<status status="PASS" start="2025-09-22T15:53:04.840586" elapsed="0.001001"/>
</kw>
<kw name="Run All Configured APIs">
<for flavor="IN">
<iter>
<kw name="Execute API">
<kw name="Get From Dictionary" owner="Collections">
<msg time="2025-09-22T15:53:04.843585" level="INFO">${name} = Get OAuth Token</msg>
<var>${name}</var>
<arg>${api}</arg>
<arg>name</arg>
<doc>Returns a value from the given ``dictionary`` based on the given ``key``.</doc>
<status status="PASS" start="2025-09-22T15:53:04.843585" elapsed="0.000000"/>
</kw>
<kw name="Get From Dictionary" owner="Collections">
<msg time="2025-09-22T15:53:04.846653" level="INFO">${endpoint} = /oauth/token</msg>
<var>${endpoint}</var>
<arg>${api}</arg>
<arg>endpoint</arg>
<doc>Returns a value from the given ``dictionary`` based on the given ``key``.</doc>
<status status="PASS" start="2025-09-22T15:53:04.845616" elapsed="0.001037"/>
</kw>
<kw name="Get From Dictionary" owner="Collections">
<msg time="2025-09-22T15:53:04.849618" level="INFO">${method} = POST</msg>
<var>${method}</var>
<arg>${api}</arg>
<arg>method</arg>
<doc>Returns a value from the given ``dictionary`` based on the given ``key``.</doc>
<status status="PASS" start="2025-09-22T15:53:04.849618" elapsed="0.000000"/>
</kw>
<kw name="Get From Dictionary" owner="Collections">
<msg time="2025-09-22T15:53:04.852651" level="INFO">${headers} = {'Content-Type': 'application/x-www-form-urlencoded'}</msg>
<var>${headers}</var>
<arg>${api}</arg>
<arg>headers</arg>
<arg>default={}</arg>
<doc>Returns a value from the given ``dictionary`` based on the given ``key``.</doc>
<status status="PASS" start="2025-09-22T15:53:04.851585" elapsed="0.001066"/>
</kw>
<kw name="Get From Dictionary" owner="Collections">
<msg time="2025-09-22T15:53:04.855627" level="INFO">${payload} = {'audience': 'https://qa.api.zinnia.io', 'grant_type': 'client_credentials', 'client_id': 'UuMribrP3e8zVhfHy6wPJ25lVYh1CWN3', 'client_secret': 'WQ4ZBFI0RaYnhlhrZBdw4ltrMk8IKT9bDm1DX_U28doSk4F4Au5KiAso...</msg>
<var>${payload}</var>
<arg>${api}</arg>
<arg>payload</arg>
<arg>default=None</arg>
<doc>Returns a value from the given ``dictionary`` based on the given ``key``.</doc>
<status status="PASS" start="2025-09-22T15:53:04.854632" elapsed="0.000995"/>
</kw>
<kw name="Get From Dictionary" owner="Collections">
<msg time="2025-09-22T15:53:04.859584" level="INFO">${base_url} = None</msg>
<var>${base_url}</var>
<arg>${api}</arg>
<arg>base_url</arg>
<arg>default=None</arg>
<doc>Returns a value from the given ``dictionary`` based on the given ``key``.</doc>
<status status="PASS" start="2025-09-22T15:53:04.858620" elapsed="0.000964"/>
</kw>
<kw name="Log To Console" owner="BuiltIn">
<arg>Executing API: ${name}</arg>
<doc>Logs the given message to the console.</doc>
<status status="PASS" start="2025-09-22T15:53:04.861621" elapsed="0.000968"/>
</kw>
<kw name="Run Keyword If" owner="BuiltIn">
<kw name="Execute Token API">
<kw name="Convert Dict To Form Data">
<kw name="Create List" owner="BuiltIn">
<msg time="2025-09-22T15:53:04.864627" level="INFO">${list} = []</msg>
<var>${list}</var>
<doc>Returns a list containing given items.</doc>
<status status="PASS" start="2025-09-22T15:53:04.864627" elapsed="0.000000"/>
</kw>
<for flavor="IN">
<iter>
<kw name="Catenate" owner="BuiltIn">
<msg time="2025-09-22T15:53:04.870586" level="INFO">${item} = audience=https://qa.api.zinnia.io</msg>
<var>${item}</var>
<arg>SEPARATOR==</arg>
<arg>${key}</arg>
<arg>${value}</arg>
<doc>Catenates the given items together and returns the resulted string.</doc>
<status status="PASS" start="2025-09-22T15:53:04.869586" elapsed="0.001000"/>
</kw>
<kw name="Append To List" owner="Collections">
<arg>${list}</arg>
<arg>${item}</arg>
<doc>Adds ``values`` to the end of ``list``.</doc>
<status status="PASS" start="2025-09-22T15:53:04.873585" elapsed="0.000000"/>
</kw>
<var name="${key}">audience</var>
<var name="${value}">https://qa.api.zinnia.io</var>
<status status="PASS" start="2025-09-22T15:53:04.869586" elapsed="0.003999"/>
</iter>
<iter>
<kw name="Catenate" owner="BuiltIn">
<msg time="2025-09-22T15:53:04.874586" level="INFO">${item} = grant_type=client_credentials</msg>
<var>${item}</var>
<arg>SEPARATOR==</arg>
<arg>${key}</arg>
<arg>${value}</arg>
<doc>Catenates the given items together and returns the resulted string.</doc>
<status status="PASS" start="2025-09-22T15:53:04.874586" elapsed="0.000000"/>
</kw>
<kw name="Append To List" owner="Collections">
<arg>${list}</arg>
<arg>${item}</arg>
<doc>Adds ``values`` to the end of ``list``.</doc>
<status status="PASS" start="2025-09-22T15:53:04.877626" elapsed="0.000994"/>
</kw>
<var name="${key}">grant_type</var>
<var name="${value}">client_credentials</var>
<status status="PASS" start="2025-09-22T15:53:04.874586" elapsed="0.004034"/>
</iter>
<iter>
<kw name="Catenate" owner="BuiltIn">
<msg time="2025-09-22T15:53:04.879585" level="INFO">${item} = client_id=UuMribrP3e8zVhfHy6wPJ25lVYh1CWN3</msg>
<var>${item}</var>
<arg>SEPARATOR==</arg>
<arg>${key}</arg>
<arg>${value}</arg>
<doc>Catenates the given items together and returns the resulted string.</doc>
<status status="PASS" start="2025-09-22T15:53:04.878620" elapsed="0.000965"/>
</kw>
<kw name="Append To List" owner="Collections">
<arg>${list}</arg>
<arg>${item}</arg>
<doc>Adds ``values`` to the end of ``list``.</doc>
<status status="PASS" start="2025-09-22T15:53:04.882620" elapsed="0.000000"/>
</kw>
<var name="${key}">client_id</var>
<var name="${value}">UuMribrP3e8zVhfHy6wPJ25lVYh1CWN3</var>
<status status="PASS" start="2025-09-22T15:53:04.878620" elapsed="0.004000"/>
</iter>
<iter>
<kw name="Catenate" owner="BuiltIn">
<msg time="2025-09-22T15:53:04.883621" level="INFO">${item} = client_secret=WQ4ZBFI0RaYnhlhrZBdw4ltrMk8IKT9bDm1DX_U28doSk4F4Au5KiAsoBCSNYWix</msg>
<var>${item}</var>
<arg>SEPARATOR==</arg>
<arg>${key}</arg>
<arg>${value}</arg>
<doc>Catenates the given items together and returns the resulted string.</doc>
<status status="PASS" start="2025-09-22T15:53:04.883621" elapsed="0.000000"/>
</kw>
<kw name="Append To List" owner="Collections">
<arg>${list}</arg>
<arg>${item}</arg>
<doc>Adds ``values`` to the end of ``list``.</doc>
<status status="PASS" start="2025-09-22T15:53:04.886586" elapsed="0.001001"/>
</kw>
<var name="${key}">client_secret</var>
<var name="${value}">WQ4ZBFI0RaYnhlhrZBdw4ltrMk8IKT9bDm1DX_U28doSk4F4Au5KiAsoBCSNYWix</var>
<status status="PASS" start="2025-09-22T15:53:04.882620" elapsed="0.004967"/>
</iter>
<var>${key}</var>
<var>${value}</var>
<value>&amp;{dict_payload}</value>
<status status="PASS" start="2025-09-22T15:53:04.868641" elapsed="0.018946"/>
</for>
<kw name="Catenate" owner="BuiltIn">
<msg time="2025-09-22T15:53:04.888586" level="INFO">${form_data} = audience=https://qa.api.zinnia.io&amp;grant_type=client_credentials&amp;client_id=UuMribrP3e8zVhfHy6wPJ25lVYh1CWN3&amp;client_secret=WQ4ZBFI0RaYnhlhrZBdw4ltrMk8IKT9bDm1DX_U28doSk4F4Au5KiAsoBCSNYWix</msg>
<var>${form_data}</var>
<arg>SEPARATOR=&amp;</arg>
<arg>@{list}</arg>
<doc>Catenates the given items together and returns the resulted string.</doc>
<status status="PASS" start="2025-09-22T15:53:04.888586" elapsed="0.000000"/>
</kw>
<return>
<value>${form_data}</value>
<status status="PASS" start="2025-09-22T15:53:04.891586" elapsed="0.000000"/>
</return>
<msg time="2025-09-22T15:53:04.891586" level="INFO">${form_data} = audience=https://qa.api.zinnia.io&amp;grant_type=client_credentials&amp;client_id=UuMribrP3e8zVhfHy6wPJ25lVYh1CWN3&amp;client_secret=WQ4ZBFI0RaYnhlhrZBdw4ltrMk8IKT9bDm1DX_U28doSk4F4Au5KiAsoBCSNYWix</msg>
<var>${form_data}</var>
<arg>${payload}</arg>
<status status="PASS" start="2025-09-22T15:53:04.863626" elapsed="0.027960"/>
</kw>
<kw name="POST On Session" owner="RequestsLibrary">
<msg time="2025-09-22T15:53:05.705584" level="INFO">POST Request : url=https://login.qa.zinnia.com/oauth/token 
 path_url=/oauth/token 
 headers={'User-Agent': 'python-requests/2.32.3', 'Accept-Encoding': 'gzip, deflate, br', 'Accept': '*/*', 'Connection': 'keep-alive', 'Content-Type': 'application/x-www-form-urlencoded', 'Content-Length': '185'} 
 body=audience=https://qa.api.zinnia.io&amp;grant_type=client_credentials&amp;client_id=UuMribrP3e8zVhfHy6wPJ25lVYh1CWN3&amp;client_secret=WQ4ZBFI0RaYnhlhrZBdw4ltrMk8IKT9bDm1DX_U28doSk4F4Au5KiAsoBCSNYWix 
 </msg>
<msg time="2025-09-22T15:53:05.705584" level="INFO">POST Response : url=https://login.qa.zinnia.com/oauth/token 
 status=200, reason=OK 
 headers={'Date': 'Mon, 22 Sep 2025 10:23:06 GMT', 'Content-Type': 'application/json', 'Transfer-Encoding': 'chunked', 'Connection': 'keep-alive', 'Content-Encoding': 'br', 'CF-Ray': '983115bc4d320997-DEL', 'CF-Cache-Status': 'DYNAMIC', 'Cache-Control': 'no-store', 'Set-Cookie': 'did=s%3Av0%3Af1fa4ad1-230c-4b73-9548-48036a70b85e.HNia%2FfN8DhXerz2taS04chXiYdopMHXqsaw8o5wALB8; Path=/; Expires=Tue, 22 Sep 2026 16:23:06 GMT; HttpOnly; Secure; SameSite=None, did_compat=s%3Av0%3Af1fa4ad1-230c-4b73-9548-48036a70b85e.HNia%2FfN8DhXerz2taS04chXiYdopMHXqsaw8o5wALB8; Path=/; Expires=Tue, 22 Sep 2026 16:23:06 GMT; HttpOnly; Secure', 'Strict-Transport-Security': 'max-age=31536000; includeSubDomains', 'Vary': 'Accept-Encoding, Origin', 'Pragma': 'no-cache', 'X-Auth0-L': '0.322', 'X-Auth0-RequestId': 'a7e2a48677eca63530ab', 'X-Content-Type-Options': 'nosniff', 'X-RateLimit-Limit': '300', 'X-RateLimit-Remaining': '299', 'X-RateLimit-Reset': '1758536587', 'Server': 'cloudflare', 'alt-svc': 'h3=":443"; ma=86400'} 
 body={"access_token":"eyJhbGciOiJSUzI1NiIsInR5cCI6IkpXVCIsImtpZCI6IlU1SWNUOEQ4LTNWdl80NDFIdnlzbyJ9.eyJodHRwczovL3FhLmFwaS56aW5uaWEuaW8vY2xpZW50SWRzIjpbImV2ZXJseSIsImVsaWMiLCJzYnVsIl0sImh0dHBzOi8vcWEuYXBpLnppbm5pYS5pby9wZXJtaXNzaW9ucyI6WyJyZWFkOnBvbGljeSIsIndyaXRlOnBvbGljeSIsIndyaXRlOmNhc2UiLCJyZWFkOmNhc2UiLCJyZWFkOmRvY3VtZW50Iiwid3JpdGU6ZG9jdW1lbnQiLCJ3cml0ZTp0YXNrIiwicmVhZDp0YXNrIl0sInBhcnR5SWQiOiJjNmE3YWI5ZjdkZDg0MDE1YTY1NTJiZmM1YjM2NmI3NyIsInNvdXJjZSI6IkJ1c2luZXNzIFByb2Nlc3MgTWFuYWdlbWVudCIsImlzcyI6Imh0dHBzOi8vbG9naW4ucWEuemlubmlhLmNvbS8iLCJzdWIiOiJVdU1yaWJyUDNlOHpWaGZIeTZ3UEoyNWxWWWgxQ1dOM0BjbGllbnRzIiwiYXVkIjoiaHR0cHM6Ly9xYS5hcGkuemlubmlhLmlvIiwiaWF0IjoxNzU4NTM2NTg2LCJleHAiOjE3NTg2MjI5ODYsInNjb3BlIjoib3BlbmlkIiwiZ3R5IjoiY2xpZW50LWNyZWRlbnRpYWxzIiwiYXpwIjoiVXVNcmliclAzZTh6VmhmSHk2d1BKMjVsVlloMUNXTjMifQ.J4G_PpLJCgP3Bw6Ht7ZNOus0jyrX1pMSaiG7XQxLJeAwtny2CcrVgo69y2HMknRzw15L6DHmhnE9YxeN_Ee8qUvLfLZPcFUNQY36KmDfxaozgyZ_5UP2bhICySob4EqEnghUE7QHpVid_Wz_nOjiGSn2kmzZoPWywq_CsIK-T06GfTi23Q8IerHQW3bLU6xBO5J5K1kk_uY6hl43ekyG7gtYhhjLs7jw3O2ovw7fDCHJ2rt8CIcyIrxlQkikm_kg6Pg7CCne0ZL9J6KlwbNA9m1bc64J-iAVcAvDlq1qCzU0FLW02BljtxDGQDEuvfIRkJVCs0GBWiCkuBtiszySLw","scope":"openid","expires_in":86400,"token_type":"Bearer"} 
 </msg>
<msg time="2025-09-22T15:53:05.705584" level="INFO">C:\Users\sharmash\AppData\Roaming\Python\Python312\site-packages\urllib3\connectionpool.py:1103: InsecureRequestWarning: Unverified HTTPS request is being made to host 'login.qa.zinnia.com'. Adding certificate verification is strongly advised. See: https://urllib3.readthedocs.io/en/latest/advanced-usage.html#tls-warnings
  warnings.warn(</msg>
<msg time="2025-09-22T15:53:05.705584" level="INFO">${response} = &lt;Response [200]&gt;</msg>
<var>${response}</var>
<arg>api_session</arg>
<arg>${endpoint}</arg>
<arg>data=${form_data}</arg>
<arg>headers=${headers}</arg>
<doc>Sends a POST request on a previously created HTTP Session.</doc>
<status status="PASS" start="2025-09-22T15:53:04.894629" elapsed="0.811956"/>
</kw>
<kw name="Should Be Equal As Integers" owner="BuiltIn">
<msg time="2025-09-22T15:53:05.708584" level="INFO">Argument types are:
&lt;class 'int'&gt;
&lt;class 'str'&gt;</msg>
<arg>${response.status_code}</arg>
<arg>200</arg>
<arg>msg=Failed to get token!</arg>
<doc>Fails if objects are unequal after converting them to integers.</doc>
<status status="PASS" start="2025-09-22T15:53:05.708584" elapsed="0.000999"/>
</kw>
<kw name="Set Variable" owner="BuiltIn">
<msg time="2025-09-22T15:53:05.711583" level="INFO">${json} = {'access_token': 'eyJhbGciOiJSUzI1NiIsInR5cCI6IkpXVCIsImtpZCI6IlU1SWNUOEQ4LTNWdl80NDFIdnlzbyJ9.eyJodHRwczovL3FhLmFwaS56aW5uaWEuaW8vY2xpZW50SWRzIjpbImV2ZXJseSIsImVsaWMiLCJzYnVsIl0sImh0dHBzOi8vcWEuYXBpL...</msg>
<var>${json}</var>
<arg>${response.json()}</arg>
<doc>Returns the given values which can then be assigned to a variables.</doc>
<status status="PASS" start="2025-09-22T15:53:05.710584" elapsed="0.000999"/>
</kw>
<kw name="Get From Dictionary" owner="Collections">
<msg time="2025-09-22T15:53:05.712584" level="INFO">${token} = eyJhbGciOiJSUzI1NiIsInR5cCI6IkpXVCIsImtpZCI6IlU1SWNUOEQ4LTNWdl80NDFIdnlzbyJ9.eyJodHRwczovL3FhLmFwaS56aW5uaWEuaW8vY2xpZW50SWRzIjpbImV2ZXJseSIsImVsaWMiLCJzYnVsIl0sImh0dHBzOi8vcWEuYXBpLnppbm5pYS5pby9wZXJ...</msg>
<var>${token}</var>
<arg>${json}</arg>
<arg>access_token</arg>
<doc>Returns a value from the given ``dictionary`` based on the given ``key``.</doc>
<status status="PASS" start="2025-09-22T15:53:05.712584" elapsed="0.000000"/>
</kw>
<kw name="Set Suite Variable" owner="BuiltIn">
<msg time="2025-09-22T15:53:05.714583" level="INFO">${TOKEN} = eyJhbGciOiJSUzI1NiIsInR5cCI6IkpXVCIsImtpZCI6IlU1SWNUOEQ4LTNWdl80NDFIdnlzbyJ9.eyJodHRwczovL3FhLmFwaS56aW5uaWEuaW8vY2xpZW50SWRzIjpbImV2ZXJseSIsImVsaWMiLCJzYnVsIl0sImh0dHBzOi8vcWEuYXBpLnppbm5pYS5pby9wZXJ...</msg>
<arg>${TOKEN}</arg>
<arg>${token}</arg>
<doc>Makes a variable available everywhere within the scope of the current suite.</doc>
<status status="PASS" start="2025-09-22T15:53:05.714583" elapsed="0.000000"/>
</kw>
<kw name="Log To Console" owner="BuiltIn">
<arg>Token received: ${token}</arg>
<doc>Logs the given message to the console.</doc>
<status status="PASS" start="2025-09-22T15:53:05.717584" elapsed="0.000000"/>
</kw>
<arg>${endpoint}</arg>
<arg>${method}</arg>
<arg>${headers}</arg>
<arg>${payload}</arg>
<status status="PASS" start="2025-09-22T15:53:04.863626" elapsed="0.853958"/>
</kw>
<arg>'${name}' == 'Get OAuth Token'</arg>
<arg>Execute Token API</arg>
<arg>${endpoint}</arg>
<arg>${method}</arg>
<arg>${headers}</arg>
<arg>${payload}</arg>
<arg>ELSE</arg>
<arg>Execute Normal API</arg>
<arg>${endpoint}</arg>
<arg>${method}</arg>
<arg>${headers}</arg>
<arg>${payload}</arg>
<arg>${base_url}</arg>
<doc>Runs the given keyword with the given arguments, if ``condition`` is true.</doc>
<status status="PASS" start="2025-09-22T15:53:04.862589" elapsed="0.854995"/>
</kw>
<arg>${api}</arg>
<status status="PASS" start="2025-09-22T15:53:04.842587" elapsed="0.874997"/>
</kw>
<var name="${api}">{'name': 'Get OAuth Token', 'endpoint': '/oauth/token', 'method': 'POST', 'api_type': 'Authentication', 'payload': {'audience': 'https://qa.api.zinnia.io', 'grant_type': 'client_credentials', 'client_...</var>
<status status="PASS" start="2025-09-22T15:53:04.842587" elapsed="0.874997"/>
</iter>
<iter>
<kw name="Execute API">
<kw name="Get From Dictionary" owner="Collections">
<msg time="2025-09-22T15:53:05.718584" level="INFO">${name} = Get Case Details</msg>
<var>${name}</var>
<arg>${api}</arg>
<arg>name</arg>
<doc>Returns a value from the given ``dictionary`` based on the given ``key``.</doc>
<status status="PASS" start="2025-09-22T15:53:05.718584" elapsed="0.000000"/>
</kw>
<kw name="Get From Dictionary" owner="Collections">
<msg time="2025-09-22T15:53:05.720624" level="INFO">${endpoint} = /case/v1/cases/{caseID}</msg>
<var>${endpoint}</var>
<arg>${api}</arg>
<arg>endpoint</arg>
<doc>Returns a value from the given ``dictionary`` based on the given ``key``.</doc>
<status status="PASS" start="2025-09-22T15:53:05.720624" elapsed="0.000000"/>
</kw>
<kw name="Get From Dictionary" owner="Collections">
<msg time="2025-09-22T15:53:05.723585" level="INFO">${method} = GET</msg>
<var>${method}</var>
<arg>${api}</arg>
<arg>method</arg>
<doc>Returns a value from the given ``dictionary`` based on the given ``key``.</doc>
<status status="PASS" start="2025-09-22T15:53:05.722585" elapsed="0.001000"/>
</kw>
<kw name="Get From Dictionary" owner="Collections">
<msg time="2025-09-22T15:53:05.725624" level="INFO">${headers} = {'Content-Type': 'application/json'}</msg>
<var>${headers}</var>
<arg>${api}</arg>
<arg>headers</arg>
<arg>default={}</arg>
<doc>Returns a value from the given ``dictionary`` based on the given ``key``.</doc>
<status status="PASS" start="2025-09-22T15:53:05.725624" elapsed="0.001006"/>
</kw>
<kw name="Get From Dictionary" owner="Collections">
<msg time="2025-09-22T15:53:05.728642" level="INFO">${payload} = None</msg>
<var>${payload}</var>
<arg>${api}</arg>
<arg>payload</arg>
<arg>default=None</arg>
<doc>Returns a value from the given ``dictionary`` based on the given ``key``.</doc>
<status status="PASS" start="2025-09-22T15:53:05.727617" elapsed="0.001025"/>
</kw>
<kw name="Get From Dictionary" owner="Collections">
<msg time="2025-09-22T15:53:05.731625" level="INFO">${base_url} = https://qa-bpm.se2.com</msg>
<var>${base_url}</var>
<arg>${api}</arg>
<arg>base_url</arg>
<arg>default=None</arg>
<doc>Returns a value from the given ``dictionary`` based on the given ``key``.</doc>
<status status="PASS" start="2025-09-22T15:53:05.730627" elapsed="0.000998"/>
</kw>
<kw name="Log To Console" owner="BuiltIn">
<arg>Executing API: ${name}</arg>
<doc>Logs the given message to the console.</doc>
<status status="PASS" start="2025-09-22T15:53:05.732623" elapsed="0.000000"/>
</kw>
<kw name="Run Keyword If" owner="BuiltIn">
<kw name="Execute Normal API">
<kw name="Run Keyword If" owner="BuiltIn">
<kw name="Set To Dictionary" owner="Collections">
<arg>${headers}</arg>
<arg>Authorization=Bearer ${TOKEN}</arg>
<doc>Adds the given ``key_value_pairs`` and/or ``items`` to the ``dictionary``.</doc>
<status status="PASS" start="2025-09-22T15:53:05.734595" elapsed="0.000000"/>
</kw>
<arg>'${TOKEN}' != 'None'</arg>
<arg>Set To Dictionary</arg>
<arg>${headers}</arg>
<arg>Authorization=Bearer ${TOKEN}</arg>
<doc>Runs the given keyword with the given arguments, if ``condition`` is true.</doc>
<status status="PASS" start="2025-09-22T15:53:05.733620" elapsed="0.000975"/>
</kw>
<kw name="Get Environment Variable" owner="OperatingSystem">
<msg time="2025-09-22T15:53:05.734595" level="INFO">${caseID} = CA0000370039</msg>
<var>${caseID}</var>
<arg>CASE_ID</arg>
<arg>default=CA0000370039</arg>
<doc>Returns the value of an environment variable with the given name.</doc>
<status status="PASS" start="2025-09-22T15:53:05.734595" elapsed="0.000000"/>
</kw>
<kw name="Replace String" owner="String">
<msg time="2025-09-22T15:53:05.736584" level="INFO">${endpoint} = /case/v1/cases/CA0000370039</msg>
<var>${endpoint}</var>
<arg>${endpoint}</arg>
<arg>{caseID}</arg>
<arg>${caseID}</arg>
<doc>Replaces ``search_for`` in the given ``string`` with ``replace_with``.</doc>
<status status="PASS" start="2025-09-22T15:53:05.736584" elapsed="0.000000"/>
</kw>
<kw name="Set Variable If" owner="BuiltIn">
<msg time="2025-09-22T15:53:05.739584" level="INFO">${session_name} = api_session_bpm</msg>
<var>${session_name}</var>
<arg>'${base_url}' == 'https://qa-bpm.se2.com'</arg>
<arg>api_session_bpm</arg>
<arg>api_session_case</arg>
<doc>Sets variable based on the given condition.</doc>
<status status="PASS" start="2025-09-22T15:53:05.739584" elapsed="0.000000"/>
</kw>
<kw name="Log To Console" owner="BuiltIn">
<arg>Using session: ${session_name} for base URL: ${base_url}</arg>
<doc>Logs the given message to the console.</doc>
<status status="PASS" start="2025-09-22T15:53:05.742629" elapsed="0.000991"/>
</kw>
<kw name="Create Dictionary" owner="BuiltIn">
<msg time="2025-09-22T15:53:05.743620" level="INFO">${kwargs} = {'headers': {'Content-Type': 'application/json', 'Authorization': 'Bearer eyJhbGciOiJSUzI1NiIsInR5cCI6IkpXVCIsImtpZCI6IlU1SWNUOEQ4LTNWdl80NDFIdnlzbyJ9.eyJodHRwczovL3FhLmFwaS56aW5uaWEuaW8vY2xpZW50SWRzI...</msg>
<var>${kwargs}</var>
<arg>headers=${headers}</arg>
<doc>Creates and returns a dictionary based on the given ``items``.</doc>
<status status="PASS" start="2025-09-22T15:53:05.743620" elapsed="0.000000"/>
</kw>
<kw name="Evaluate" owner="BuiltIn">
<msg time="2025-09-22T15:53:05.746612" level="INFO">${payload_exists} = True</msg>
<var>${payload_exists}</var>
<arg>$payload is not None</arg>
<doc>Evaluates the given expression in Python and returns the result.</doc>
<status status="PASS" start="2025-09-22T15:53:05.745616" elapsed="0.000996"/>
</kw>
<kw name="Run Keyword If" owner="BuiltIn">
<kw name="Set To Dictionary" owner="Collections">
<arg>${kwargs}</arg>
<arg>json=${payload}</arg>
<doc>Adds the given ``key_value_pairs`` and/or ``items`` to the ``dictionary``.</doc>
<status status="PASS" start="2025-09-22T15:53:05.748588" elapsed="0.000000"/>
</kw>
<arg>${payload_exists}</arg>
<arg>Set To Dictionary</arg>
<arg>${kwargs}</arg>
<arg>json=${payload}</arg>
<doc>Runs the given keyword with the given arguments, if ``condition`` is true.</doc>
<status status="PASS" start="2025-09-22T15:53:05.748588" elapsed="0.001033"/>
</kw>
<kw name="Run Keyword If" owner="BuiltIn">
<kw name="GET On Session" owner="RequestsLibrary">
<msg time="2025-09-22T15:53:07.158645" level="INFO">GET Request : url=https://qa-bpm.se2.com/case/v1/cases/CA0000370039 
 path_url=/case/v1/cases/CA0000370039 
 headers={'User-Agent': 'python-requests/2.32.3', 'Accept-Encoding': 'gzip, deflate, br', 'Accept': '*/*', 'Connection': 'keep-alive', 'Content-Type': 'application/json', 'Authorization': 'Bearer eyJhbGciOiJSUzI1NiIsInR5cCI6IkpXVCIsImtpZCI6IlU1SWNUOEQ4LTNWdl80NDFIdnlzbyJ9.eyJodHRwczovL3FhLmFwaS56aW5uaWEuaW8vY2xpZW50SWRzIjpbImV2ZXJseSIsImVsaWMiLCJzYnVsIl0sImh0dHBzOi8vcWEuYXBpLnppbm5pYS5pby9wZXJtaXNzaW9ucyI6WyJyZWFkOnBvbGljeSIsIndyaXRlOnBvbGljeSIsIndyaXRlOmNhc2UiLCJyZWFkOmNhc2UiLCJyZWFkOmRvY3VtZW50Iiwid3JpdGU6ZG9jdW1lbnQiLCJ3cml0ZTp0YXNrIiwicmVhZDp0YXNrIl0sInBhcnR5SWQiOiJjNmE3YWI5ZjdkZDg0MDE1YTY1NTJiZmM1YjM2NmI3NyIsInNvdXJjZSI6IkJ1c2luZXNzIFByb2Nlc3MgTWFuYWdlbWVudCIsImlzcyI6Imh0dHBzOi8vbG9naW4ucWEuemlubmlhLmNvbS8iLCJzdWIiOiJVdU1yaWJyUDNlOHpWaGZIeTZ3UEoyNWxWWWgxQ1dOM0BjbGllbnRzIiwiYXVkIjoiaHR0cHM6Ly9xYS5hcGkuemlubmlhLmlvIiwiaWF0IjoxNzU4NTM2NTg2LCJleHAiOjE3NTg2MjI5ODYsInNjb3BlIjoib3BlbmlkIiwiZ3R5IjoiY2xpZW50LWNyZWRlbnRpYWxzIiwiYXpwIjoiVXVNcmliclAzZTh6VmhmSHk2d1BKMjVsVlloMUNXTjMifQ.J4G_PpLJCgP3Bw6Ht7ZNOus0jyrX1pMSaiG7XQxLJeAwtny2CcrVgo69y2HMknRzw15L6DHmhnE9YxeN_Ee8qUvLfLZPcFUNQY36KmDfxaozgyZ_5UP2bhICySob4EqEnghUE7QHpVid_Wz_nOjiGSn2kmzZoPWywq_CsIK-T06GfTi23Q8IerHQW3bLU6xBO5J5K1kk_uY6hl43ekyG7gtYhhjLs7jw3O2ovw7fDCHJ2rt8CIcyIrxlQkikm_kg6Pg7CCne0ZL9J6KlwbNA9m1bc64J-iAVcAvDlq1qCzU0FLW02BljtxDGQDEuvfIRkJVCs0GBWiCkuBtiszySLw', 'Content-Length': '6'} 
 body=b'"None"' 
 </msg>
<msg time="2025-09-22T15:53:07.158645" level="INFO">GET Response : url=https://qa-bpm.se2.com/case/v1/cases/CA0000370039 
 status=200, reason= 
 headers={'Date': 'Mon, 22 Sep 2025 10:23:07 GMT', 'Content-Type': 'application/json', 'Content-Length': '5651', 'Connection': 'close', 'Set-Cookie': 'AWSALBTG=zA0B527A8qPpZtG0pWzGn5EHgCQAfkF2b29gh2kBwB/xBqgJfidyNnVLMPSCJaRBvCgpxqe90H/DF6pKM4gQ2nx7YbwvgZ79Ps5Wb/2Mhv2H651WbcdobMNozeJa9xucr+83wauEjI0JyHRLVK3GOTZ99UjA92QFfKVz13TyNXd6; Expires=Mon, 29 Sep 2025 10:23:07 GMT; Path=/, AWSALBTGCORS=zA0B527A8qPpZtG0pWzGn5EHgCQAfkF2b29gh2kBwB/xBqgJfidyNnVLMPSCJaRBvCgpxqe90H/DF6pKM4gQ2nx7YbwvgZ79Ps5Wb/2Mhv2H651WbcdobMNozeJa9xucr+83wauEjI0JyHRLVK3GOTZ99UjA92QFfKVz13TyNXd6; Expires=Mon, 29 Sep 2025 10:23:07 GMT; Path=/; SameSite=None; Secure, AWSALB=2B083SDhIxDvorTlcXJcH6Bgae6JYWmqtK5tZnwQiIHmzGJkVj07Ff3I0LhuZPE/L8z6GqmSJ8WKLE3Zudzcu5w+EDJzIIK1jTIxBWJjdk1h8a0uhYUwCdIIrZ5n; Expires=Mon, 29 Sep 2025 10:23:07 GMT; Path=/, AWSALBCORS=2B083SDhIxDvorTlcXJcH6Bgae6JYWmqtK5tZnwQiIHmzGJkVj07Ff3I0LhuZPE/L8z6GqmSJ8WKLE3Zudzcu5w+EDJzIIK1jTIxBWJjdk1h8a0uhYUwCdIIrZ5n; Expires=Mon, 29 Sep 2025 10:23:07 GMT; Path=/; SameSite=None; Secure', 'Vary': 'Origin, Access-Control-Request-Method, Access-Control-Request-Headers', 'x-correlation-id': 'd09cdb31-a7a9-4435-a63d-3bb5f87e5576', 'X-Content-Type-Options': 'nosniff', 'X-XSS-Protection': '1; mode=block', 'Cache-Control': 'no-cache, no-store, max-age=0, must-revalidate', 'Pragma': 'no-cache', 'Expires': '0', 'X-Frame-Options': 'DENY'} 
 body={"id":"CA0000370039","templateId":"681dfd14-b563-4342-acd2-c8a44d8ed09f","carrier":"MASS","process":"Correspondence","parentInstanceId":null,"linkedCases":null,"correlationId":"a9e90cf1-edf3-483a-880a-500f71437036","caseStatus":"IN_PROGRESS","caseResult":null,"caseResultDetail":null,"primary":true,"escalated":false,"linkDetails":{"linkedCaseInstanceId":null,"linkedReason":"Identified by case management"},"processSubType":"Service Form","caseGroup":null,"policyNumber":"5810002532","planCode":"900","productName":"MassMutual Stable Voyage Plus","caseProcessingDetails":[],"documents":[],"exceptions":[],"notes":[],"tasks":[],"mappedTasks":[],"mappedExceptions":[],"mappedDocuments":[],"mappedNotes":null,"identifiers":[{"identifier":"policyNumber","value":"5810002532"},{"identifier":"transactionId","value":"a9e90cf1-edf3-483a-880a-500f71437036"},{"identifier":"zlCaseId","value":"CA0000370039"},{"identifier":"contractNumber","value":"5810002532"}],"additionalData":{"contractStatus":"Active","requestSubType":"Redemption","policyNumber":"5810002532","owners":[{"firstName":"MENACHEM","middleName":"N","lastName":"GARNETTE","ssn":"337020845","fullName":"MENACHEM N GARNETTE"}],"brokerDealerName":"JP MORGAN SECURITIES LLC","productName":"MassMutual Stable Voyage Plus"},"stages":[{"id":"requestAck","label":"Prepare Process Form Request for processing","stageStatus":"COMPLETED","mappedNotes":[],"steps":[{"id":"requestAck.processFormRequestReceived","label":"Received Process Form Request","stepStatus":"COMPLETED","stepResult":null,"eventRef":["62fb7964-3d3e-44fb-a6f3-7c544d932b37"],"updatedAt":"2024-09-30T13:06:50.000Z","tasks":null,"mappedTasks":null,"mappedExceptions":[],"mappedDocuments":null,"mappedNotes":[],"mappedCases":null,"additionalData":{"mailDetails_city":{"label":"City","value":"CONCORD","type":"string"},"mailDetails_addressLine1":{"label":"Address Line1","value":"24 THOMPSON ST","type":"string"},"deliveryMethod":{"label":"Delivery Method","value":"MAIL","type":"string"},"mailDetails_type":{"label":"Mail Type","value":"owner","type":"string"},"transactionType":{"label":"Transaction Type","value":"Redemption","type":"string"},"transactionSubType":{"label":"Transaction SubType","value":"Full Surrender","type":"string"},"mailDetails_lastName":{"label":"Last Name","value":"GARNETTE","type":"string"},"processName":{"label":"Requested Process Name","value":"Service Request Form","type":"string"},"formName":{"label":"Requested Form name","value":"Annuity Full Surrender Request","type":"string"},"mailDetails_state":{"label":"State","value":"NH","type":"string"},"deliveryDate":{"label":"Delivery Date","value":"2024-09-30T13:06:50.391567","type":"string"},"deliveryStatus":{"label":"Delivery Status","value":"Initiated","type":"string"},"mailDetails_firstName":{"label":"First Name","value":"MENACHEM","type":"string"},"mailDetails_zipCode":{"label":"ZIP Code","value":"03301","type":"string"}},"stepAdditionalData":[],"multiInstance":false,"instanceInfo":null,"createdAt":"2024-09-30T13:06:50.000Z"},{"id":"requestAck.processFormRequestProcessing","label":"Processing Form Request","stepStatus":"COMPLETED","stepResult":null,"eventRef":["62fb7964-3d3e-44fb-a6f3-7c544d932b37","d63996f1-4098-41d8-a260-347bbf252107"],"updatedAt":"2024-09-30T13:06:56.000Z","tasks":null,"mappedTasks":null,"mappedExceptions":[],"mappedDocuments":null,"mappedNotes":[],"mappedCases":null,"additionalData":{},"stepAdditionalData":[],"multiInstance":false,"instanceInfo":null,"createdAt":"2024-09-30T13:06:50.000Z"}],"tasks":null,"mappedTasks":null,"createdAt":"2024-09-30T13:06:50.000Z","updatedAt":"2024-09-30T13:06:56.000Z"},{"id":"requestCompletion","label":"Deliver Process Form","stageStatus":"IN_PROGRESS","mappedNotes":[],"steps":[{"id":"RequestCompletion.completeRequest","label":"Create &amp; Send Requested Form","stepStatus":"IN_PROGRESS","stepResult":null,"eventRef":["d63996f1-4098-41d8-a260-347bbf252107"],"updatedAt":"2024-09-30T13:06:56.000Z","tasks":null,"mappedTasks":null,"mappedExceptions":[],"mappedDocuments":null,"mappedNotes":[],"mappedCases":null,"additionalData":{},"stepAdditionalData":[],"multiInstance":false,"instanceInfo":null,"createdAt":"2024-09-30T13:06:56.000Z"},{"id":"RequestCompletion.deliverLetter","label":"Deliver Requested Form","stepStatus":"NOT_STARTED","stepResult":null,"eventRef":[],"updatedAt":"2024-09-30T13:06:50.000Z","tasks":null,"mappedTasks":null,"mappedExceptions":[],"mappedDocuments":null,"mappedNotes":[],"mappedCases":null,"additionalData":{},"stepAdditionalData":[],"multiInstance":false,"instanceInfo":null,"createdAt":"2024-09-30T13:06:50.000Z"}],"tasks":null,"mappedTasks":null,"createdAt":"2024-09-30T13:06:56.000Z","updatedAt":"2024-09-30T13:06:56.000Z"}],"parties":[{"partyRole":"Servicing Agent","partyType":"Individual","firstName":"LAURA","lastName":"HANSON VIRGINIA","fullName":"LAURA  HANSON VIRGINIA","gender":"M","ssn":"047447214","percent":"100","externalId":"JPM0307670"},{"partyRole":"Owner,Primary","partyType":"Individual","firstName":"MENACHEM","middleName":"N","lastName":"GARNETTE","fullName":"MENACHEM N GARNETTE","prefix":"Ms.","gender":"F","ssn":"337020845","percent":"100"},{"partyRole":"Agent,Agent of Record","partyType":"Individual","firstName":"LAURA","lastName":"HANSON VIRGINIA","fullName":"LAURA  HANSON VIRGINIA","gender":"M","ssn":"047447214","percent":"100","externalId":"JPM0307670"}],"createdAt":"2024-09-30T13:06:50.000Z","updatedAt":"2024-09-30T13:06:56.000Z","systemCreatedDate":null,"systemCreatedDt":null,"systemUpdatedDt":1744623301491,"slaStartDate":null,"etcDate":null,"applicationType":"Digital","caseAdditionalData":[],"deleted":false} 
 </msg>
<msg time="2025-09-22T15:53:07.159644" level="INFO">C:\Users\sharmash\AppData\Roaming\Python\Python312\site-packages\urllib3\connectionpool.py:1103: InsecureRequestWarning: Unverified HTTPS request is being made to host 'qa-bpm.se2.com'. Adding certificate verification is strongly advised. See: https://urllib3.readthedocs.io/en/latest/advanced-usage.html#tls-warnings
  warnings.warn(</msg>
<arg>${session_name}</arg>
<arg>${endpoint}</arg>
<arg>&amp;{kwargs}</arg>
<doc>Sends a GET request on a previously created HTTP Session.</doc>
<status status="PASS" start="2025-09-22T15:53:05.749621" elapsed="1.410023"/>
</kw>
<msg time="2025-09-22T15:53:07.161644" level="INFO">${response} = &lt;Response [200]&gt;</msg>
<var>${response}</var>
<arg>'${method}' == 'GET'</arg>
<arg>GET On Session</arg>
<arg>${session_name}</arg>
<arg>${endpoint}</arg>
<arg>&amp;{kwargs}</arg>
<arg>ELSE IF</arg>
<arg>'${method}' == 'POST'</arg>
<arg>POST On Session</arg>
<arg>${session_name}</arg>
<arg>${endpoint}</arg>
<arg>&amp;{kwargs}</arg>
<arg>ELSE IF</arg>
<arg>'${method}' == 'PUT'</arg>
<arg>PUT On Session</arg>
<arg>${session_name}</arg>
<arg>${endpoint}</arg>
<arg>&amp;{kwargs}</arg>
<arg>ELSE IF</arg>
<arg>'${method}' == 'DELETE'</arg>
<arg>DELETE On Session</arg>
<arg>${session_name}</arg>
<arg>${endpoint}</arg>
<arg>&amp;{kwargs}</arg>
<arg>ELSE</arg>
<arg>Fail</arg>
<arg>Unsupported method: ${method}</arg>
<doc>Runs the given keyword with the given arguments, if ``condition`` is true.</doc>
<status status="PASS" start="2025-09-22T15:53:05.749621" elapsed="1.412023"/>
</kw>
<kw name="Should Be True" owner="BuiltIn">
<arg>${response.status_code} &gt;= 200 and ${response.status_code} &lt; 300</arg>
<arg>msg=API call failed with status ${response.status_code}: ${response.text}</arg>
<doc>Fails if the given condition is not true.</doc>
<status status="PASS" start="2025-09-22T15:53:07.162644" elapsed="0.001044"/>
</kw>
<kw name="Log To Console" owner="BuiltIn">
<arg>\nAPI: ${endpoint}</arg>
<doc>Logs the given message to the console.</doc>
<status status="PASS" start="2025-09-22T15:53:07.163688" elapsed="0.000000"/>
</kw>
<kw name="Log To Console" owner="BuiltIn">
<arg>Session: ${session_name}</arg>
<doc>Logs the given message to the console.</doc>
<status status="PASS" start="2025-09-22T15:53:07.163688" elapsed="0.000000"/>
</kw>
<kw name="Log To Console" owner="BuiltIn">
<arg>Status: ${response.status_code}</arg>
<doc>Logs the given message to the console.</doc>
<status status="PASS" start="2025-09-22T15:53:07.163688" elapsed="0.000000"/>
</kw>
<kw name="Log To Console" owner="BuiltIn">
<arg>Response: ${response.text}</arg>
<doc>Logs the given message to the console.</doc>
<status status="PASS" start="2025-09-22T15:53:07.164716" elapsed="0.000000"/>
</kw>
<arg>${endpoint}</arg>
<arg>${method}</arg>
<arg>${headers}</arg>
<arg>${payload}</arg>
<arg>${base_url}</arg>
<status status="PASS" start="2025-09-22T15:53:05.733620" elapsed="1.431096"/>
</kw>
<arg>'${name}' == 'Get OAuth Token'</arg>
<arg>Execute Token API</arg>
<arg>${endpoint}</arg>
<arg>${method}</arg>
<arg>${headers}</arg>
<arg>${payload}</arg>
<arg>ELSE</arg>
<arg>Execute Normal API</arg>
<arg>${endpoint}</arg>
<arg>${method}</arg>
<arg>${headers}</arg>
<arg>${payload}</arg>
<arg>${base_url}</arg>
<doc>Runs the given keyword with the given arguments, if ``condition`` is true.</doc>
<status status="PASS" start="2025-09-22T15:53:05.732623" elapsed="1.432093"/>
</kw>
<arg>${api}</arg>
<status status="PASS" start="2025-09-22T15:53:05.718584" elapsed="1.446132"/>
</kw>
<var name="${api}">{'name': 'Get Case Details', 'endpoint': '/case/v1/cases/{caseID}', 'method': 'GET', 'api_type': 'Case Management', 'base_url': 'https://qa-bpm.se2.com', 'headers': {'Content-Type': 'application/json'...</var>
<status status="PASS" start="2025-09-22T15:53:05.717584" elapsed="1.447132"/>
</iter>
<iter>
<kw name="Execute API">
<kw name="Get From Dictionary" owner="Collections">
<msg time="2025-09-22T15:53:07.165648" level="INFO">${name} = Search Cases by Policy Number</msg>
<var>${name}</var>
<arg>${api}</arg>
<arg>name</arg>
<doc>Returns a value from the given ``dictionary`` based on the given ``key``.</doc>
<status status="PASS" start="2025-09-22T15:53:07.165648" elapsed="0.000000"/>
</kw>
<kw name="Get From Dictionary" owner="Collections">
<msg time="2025-09-22T15:53:07.167689" level="INFO">${endpoint} = /case/v1/cases/search</msg>
<var>${endpoint}</var>
<arg>${api}</arg>
<arg>endpoint</arg>
<doc>Returns a value from the given ``dictionary`` based on the given ``key``.</doc>
<status status="PASS" start="2025-09-22T15:53:07.167689" elapsed="0.000000"/>
</kw>
<kw name="Get From Dictionary" owner="Collections">
<msg time="2025-09-22T15:53:07.169644" level="INFO">${method} = POST</msg>
<var>${method}</var>
<arg>${api}</arg>
<arg>method</arg>
<doc>Returns a value from the given ``dictionary`` based on the given ``key``.</doc>
<status status="PASS" start="2025-09-22T15:53:07.168644" elapsed="0.001000"/>
</kw>
<kw name="Get From Dictionary" owner="Collections">
<msg time="2025-09-22T15:53:07.170654" level="INFO">${headers} = {'Content-Type': 'application/json'}</msg>
<var>${headers}</var>
<arg>${api}</arg>
<arg>headers</arg>
<arg>default={}</arg>
<doc>Returns a value from the given ``dictionary`` based on the given ``key``.</doc>
<status status="PASS" start="2025-09-22T15:53:07.170654" elapsed="0.000000"/>
</kw>
<kw name="Get From Dictionary" owner="Collections">
<msg time="2025-09-22T15:53:07.172644" level="INFO">${payload} = {'policyNumber': '571025434'}</msg>
<var>${payload}</var>
<arg>${api}</arg>
<arg>payload</arg>
<arg>default=None</arg>
<doc>Returns a value from the given ``dictionary`` based on the given ``key``.</doc>
<status status="PASS" start="2025-09-22T15:53:07.172644" elapsed="0.000000"/>
</kw>
<kw name="Get From Dictionary" owner="Collections">
<msg time="2025-09-22T15:53:07.174645" level="INFO">${base_url} = https://qa-bpm.se2.com</msg>
<var>${base_url}</var>
<arg>${api}</arg>
<arg>base_url</arg>
<arg>default=None</arg>
<doc>Returns a value from the given ``dictionary`` based on the given ``key``.</doc>
<status status="PASS" start="2025-09-22T15:53:07.174645" elapsed="0.000000"/>
</kw>
<kw name="Log To Console" owner="BuiltIn">
<arg>Executing API: ${name}</arg>
<doc>Logs the given message to the console.</doc>
<status status="PASS" start="2025-09-22T15:53:07.175644" elapsed="0.000000"/>
</kw>
<kw name="Run Keyword If" owner="BuiltIn">
<kw name="Execute Normal API">
<kw name="Run Keyword If" owner="BuiltIn">
<kw name="Set To Dictionary" owner="Collections">
<arg>${headers}</arg>
<arg>Authorization=Bearer ${TOKEN}</arg>
<doc>Adds the given ``key_value_pairs`` and/or ``items`` to the ``dictionary``.</doc>
<status status="PASS" start="2025-09-22T15:53:07.176644" elapsed="0.000000"/>
</kw>
<arg>'${TOKEN}' != 'None'</arg>
<arg>Set To Dictionary</arg>
<arg>${headers}</arg>
<arg>Authorization=Bearer ${TOKEN}</arg>
<doc>Runs the given keyword with the given arguments, if ``condition`` is true.</doc>
<status status="PASS" start="2025-09-22T15:53:07.176644" elapsed="0.001000"/>
</kw>
<kw name="Get Environment Variable" owner="OperatingSystem">
<msg time="2025-09-22T15:53:07.177644" level="INFO">${caseID} = CA0000370039</msg>
<var>${caseID}</var>
<arg>CASE_ID</arg>
<arg>default=CA0000370039</arg>
<doc>Returns the value of an environment variable with the given name.</doc>
<status status="PASS" start="2025-09-22T15:53:07.177644" elapsed="0.000000"/>
</kw>
<kw name="Replace String" owner="String">
<msg time="2025-09-22T15:53:07.180644" level="INFO">${endpoint} = /case/v1/cases/search</msg>
<var>${endpoint}</var>
<arg>${endpoint}</arg>
<arg>{caseID}</arg>
<arg>${caseID}</arg>
<doc>Replaces ``search_for`` in the given ``string`` with ``replace_with``.</doc>
<status status="PASS" start="2025-09-22T15:53:07.180644" elapsed="0.000000"/>
</kw>
<kw name="Set Variable If" owner="BuiltIn">
<msg time="2025-09-22T15:53:07.181644" level="INFO">${session_name} = api_session_bpm</msg>
<var>${session_name}</var>
<arg>'${base_url}' == 'https://qa-bpm.se2.com'</arg>
<arg>api_session_bpm</arg>
<arg>api_session_case</arg>
<doc>Sets variable based on the given condition.</doc>
<status status="PASS" start="2025-09-22T15:53:07.181644" elapsed="0.000000"/>
</kw>
<kw name="Log To Console" owner="BuiltIn">
<arg>Using session: ${session_name} for base URL: ${base_url}</arg>
<doc>Logs the given message to the console.</doc>
<status status="PASS" start="2025-09-22T15:53:07.182644" elapsed="0.001023"/>
</kw>
<kw name="Create Dictionary" owner="BuiltIn">
<msg time="2025-09-22T15:53:07.183667" level="INFO">${kwargs} = {'headers': {'Content-Type': 'application/json', 'Authorization': 'Bearer eyJhbGciOiJSUzI1NiIsInR5cCI6IkpXVCIsImtpZCI6IlU1SWNUOEQ4LTNWdl80NDFIdnlzbyJ9.eyJodHRwczovL3FhLmFwaS56aW5uaWEuaW8vY2xpZW50SWRzI...</msg>
<var>${kwargs}</var>
<arg>headers=${headers}</arg>
<doc>Creates and returns a dictionary based on the given ``items``.</doc>
<status status="PASS" start="2025-09-22T15:53:07.183667" elapsed="0.000000"/>
</kw>
<kw name="Evaluate" owner="BuiltIn">
<msg time="2025-09-22T15:53:07.184644" level="INFO">${payload_exists} = True</msg>
<var>${payload_exists}</var>
<arg>$payload is not None</arg>
<doc>Evaluates the given expression in Python and returns the result.</doc>
<status status="PASS" start="2025-09-22T15:53:07.184644" elapsed="0.000000"/>
</kw>
<kw name="Run Keyword If" owner="BuiltIn">
<kw name="Set To Dictionary" owner="Collections">
<arg>${kwargs}</arg>
<arg>json=${payload}</arg>
<doc>Adds the given ``key_value_pairs`` and/or ``items`` to the ``dictionary``.</doc>
<status status="PASS" start="2025-09-22T15:53:07.186645" elapsed="0.000000"/>
</kw>
<arg>${payload_exists}</arg>
<arg>Set To Dictionary</arg>
<arg>${kwargs}</arg>
<arg>json=${payload}</arg>
<doc>Runs the given keyword with the given arguments, if ``condition`` is true.</doc>
<status status="PASS" start="2025-09-22T15:53:07.186645" elapsed="0.000000"/>
</kw>
<kw name="Run Keyword If" owner="BuiltIn">
<kw name="POST On Session" owner="RequestsLibrary">
<msg time="2025-09-22T15:53:08.456548" level="INFO">POST Request : url=https://qa-bpm.se2.com/case/v1/cases/search 
 path_url=/case/v1/cases/search 
 headers={'User-Agent': 'python-requests/2.32.3', 'Accept-Encoding': 'gzip, deflate, br', 'Accept': '*/*', 'Connection': 'keep-alive', 'Content-Type': 'application/json', 'Authorization': 'Bearer eyJhbGciOiJSUzI1NiIsInR5cCI6IkpXVCIsImtpZCI6IlU1SWNUOEQ4LTNWdl80NDFIdnlzbyJ9.eyJodHRwczovL3FhLmFwaS56aW5uaWEuaW8vY2xpZW50SWRzIjpbImV2ZXJseSIsImVsaWMiLCJzYnVsIl0sImh0dHBzOi8vcWEuYXBpLnppbm5pYS5pby9wZXJtaXNzaW9ucyI6WyJyZWFkOnBvbGljeSIsIndyaXRlOnBvbGljeSIsIndyaXRlOmNhc2UiLCJyZWFkOmNhc2UiLCJyZWFkOmRvY3VtZW50Iiwid3JpdGU6ZG9jdW1lbnQiLCJ3cml0ZTp0YXNrIiwicmVhZDp0YXNrIl0sInBhcnR5SWQiOiJjNmE3YWI5ZjdkZDg0MDE1YTY1NTJiZmM1YjM2NmI3NyIsInNvdXJjZSI6IkJ1c2luZXNzIFByb2Nlc3MgTWFuYWdlbWVudCIsImlzcyI6Imh0dHBzOi8vbG9naW4ucWEuemlubmlhLmNvbS8iLCJzdWIiOiJVdU1yaWJyUDNlOHpWaGZIeTZ3UEoyNWxWWWgxQ1dOM0BjbGllbnRzIiwiYXVkIjoiaHR0cHM6Ly9xYS5hcGkuemlubmlhLmlvIiwiaWF0IjoxNzU4NTM2NTg2LCJleHAiOjE3NTg2MjI5ODYsInNjb3BlIjoib3BlbmlkIiwiZ3R5IjoiY2xpZW50LWNyZWRlbnRpYWxzIiwiYXpwIjoiVXVNcmliclAzZTh6VmhmSHk2d1BKMjVsVlloMUNXTjMifQ.J4G_PpLJCgP3Bw6Ht7ZNOus0jyrX1pMSaiG7XQxLJeAwtny2CcrVgo69y2HMknRzw15L6DHmhnE9YxeN_Ee8qUvLfLZPcFUNQY36KmDfxaozgyZ_5UP2bhICySob4EqEnghUE7QHpVid_Wz_nOjiGSn2kmzZoPWywq_CsIK-T06GfTi23Q8IerHQW3bLU6xBO5J5K1kk_uY6hl43ekyG7gtYhhjLs7jw3O2ovw7fDCHJ2rt8CIcyIrxlQkikm_kg6Pg7CCne0ZL9J6KlwbNA9m1bc64J-iAVcAvDlq1qCzU0FLW02BljtxDGQDEuvfIRkJVCs0GBWiCkuBtiszySLw', 'Cookie': 'AWSALBTG=zA0B527A8qPpZtG0pWzGn5EHgCQAfkF2b29gh2kBwB/xBqgJfidyNnVLMPSCJaRBvCgpxqe90H/DF6pKM4gQ2nx7YbwvgZ79Ps5Wb/2Mhv2H651WbcdobMNozeJa9xucr+83wauEjI0JyHRLVK3GOTZ99UjA92QFfKVz13TyNXd6; AWSALBTGCORS=zA0B527A8qPpZtG0pWzGn5EHgCQAfkF2b29gh2kBwB/xBqgJfidyNnVLMPSCJaRBvCgpxqe90H/DF6pKM4gQ2nx7YbwvgZ79Ps5Wb/2Mhv2H651WbcdobMNozeJa9xucr+83wauEjI0JyHRLVK3GOTZ99UjA92QFfKVz13TyNXd6; AWSALB=2B083SDhIxDvorTlcXJcH6Bgae6JYWmqtK5tZnwQiIHmzGJkVj07Ff3I0LhuZPE/L8z6GqmSJ8WKLE3Zudzcu5w+EDJzIIK1jTIxBWJjdk1h8a0uhYUwCdIIrZ5n; AWSALBCORS=2B083SDhIxDvorTlcXJcH6Bgae6JYWmqtK5tZnwQiIHmzGJkVj07Ff3I0LhuZPE/L8z6GqmSJ8WKLE3Zudzcu5w+EDJzIIK1jTIxBWJjdk1h8a0uhYUwCdIIrZ5n', 'Content-Length': '29'} 
 body=b'{"policyNumber": "571025434"}' 
 </msg>
<msg time="2025-09-22T15:53:08.456548" level="INFO">POST Response : url=https://qa-bpm.se2.com/case/v1/cases/search 
 status=200, reason= 
 headers={'Date': 'Mon, 22 Sep 2025 10:23:08 GMT', 'Content-Type': 'application/json', 'Content-Length': '1645', 'Connection': 'keep-alive', 'Set-Cookie': 'AWSALBTG=oOUAfhaI1AdjWjL+xZvsZpzjvXx3nVdytH/hOKBj7sOW2gBhvTElJ1/wuSYbj4d1lPfOlDMPEnYFuwjvA3XuXrzaWGnq/BPVtVGOY3QVye8ZtnqAk6KhfqGlNNCtTstiz+Q5IpkRThyc+cCL/72tccQ5tHjmAiognlHbLTBAJ3Kb; Expires=Mon, 29 Sep 2025 10:23:08 GMT; Path=/, AWSALBTGCORS=oOUAfhaI1AdjWjL+xZvsZpzjvXx3nVdytH/hOKBj7sOW2gBhvTElJ1/wuSYbj4d1lPfOlDMPEnYFuwjvA3XuXrzaWGnq/BPVtVGOY3QVye8ZtnqAk6KhfqGlNNCtTstiz+Q5IpkRThyc+cCL/72tccQ5tHjmAiognlHbLTBAJ3Kb; Expires=Mon, 29 Sep 2025 10:23:08 GMT; Path=/; SameSite=None; Secure, AWSALB=3kHbLbpt6OdR24r5d8UQOHPbWNSk2upnytDTKI8SSspGqFtPgCpVmwM8r6Ji/LBarPyysxsv9VyjxVHqO3U59wl90qhOahbg15bJIqWzV3rmVSltrhSKuvNKXBud; Expires=Mon, 29 Sep 2025 10:23:08 GMT; Path=/, AWSALBCORS=3kHbLbpt6OdR24r5d8UQOHPbWNSk2upnytDTKI8SSspGqFtPgCpVmwM8r6Ji/LBarPyysxsv9VyjxVHqO3U59wl90qhOahbg15bJIqWzV3rmVSltrhSKuvNKXBud; Expires=Mon, 29 Sep 2025 10:23:08 GMT; Path=/; SameSite=None; Secure', 'Vary': 'Origin, Access-Control-Request-Method, Access-Control-Request-Headers', 'x-correlation-id': '542cb236-0536-470e-a7db-300955cfa2fc', 'X-Content-Type-Options': 'nosniff', 'X-XSS-Protection': '1; mode=block', 'Cache-Control': 'no-cache, no-store, max-age=0, must-revalidate', 'Pragma': 'no-cache', 'Expires': '0', 'X-Frame-Options': 'DENY'} 
 body={"message":"Successfully retrieved data!","data":[{"id":"CA0000358626","templateId":"6203bb7a-0517-4394-88fb-404dffc7d296","carrier":"MASS","process":"New Business","parentInstanceId":null,"correlationId":"7815fb00-fea3-41b7-a346-ea98546de115","caseStatus":"EXCEPTION","processSubType":"Nb Purchase W App","caseGroup":null,"policyNumber":"571025434","productName":null,"primary":true,"deleted":false,"stages":[{"id":"requestAck","label":"Request Acknowledgement","stageStatus":"COMPLETED"},{"id":"agentValidation","label":"Agent Validation","stageStatus":"IN_PROGRESS"},{"id":"policyValidation","label":"Policy Validation","stageStatus":"EXCEPTION"},{"id":"suitabilityReview","label":"Suitability Review","stageStatus":"COMPLETED"},{"id":"premiumProcessing","label":"Premium Processing","stageStatus":"IN_PROGRESS"},{"id":"requestCompletion","label":"Request Completion","stageStatus":"IN_PROGRESS"}],"additionalData":{"policyNumber":"571025434","businessKey":"20240701-M-164533","requestSubType":"NB PURCHASE W APP"},"identifiers":[{"identifier":"txliferequestid","value":"385839"},{"identifier":"transrefguid","value":"0450S660314000450S66"},{"identifier":"documentNumber","value":"20240701-M-164533"},{"identifier":"contractnumber","value":"571025434"},{"identifier":"caseID","value":"9922745"},{"identifier":"businessKey","value":"20240701-M-164533"},{"identifier":"contractNumber","value":"571025434"}],"createdAt":"2024-07-01T10:36:39.000Z","updatedAt":"2024-08-31T05:02:36.000Z","parties":[],"exceptions":[],"applicationType":"Electronic","caseResult":null,"caseResultDetail":null}],"count":1,"offset":0,"limit":10,"total":1,"status":200} 
 </msg>
<msg time="2025-09-22T15:53:08.457547" level="INFO">C:\Users\sharmash\AppData\Roaming\Python\Python312\site-packages\urllib3\connectionpool.py:1103: InsecureRequestWarning: Unverified HTTPS request is being made to host 'qa-bpm.se2.com'. Adding certificate verification is strongly advised. See: https://urllib3.readthedocs.io/en/latest/advanced-usage.html#tls-warnings
  warnings.warn(</msg>
<arg>${session_name}</arg>
<arg>${endpoint}</arg>
<arg>&amp;{kwargs}</arg>
<doc>Sends a POST request on a previously created HTTP Session.</doc>
<status status="PASS" start="2025-09-22T15:53:07.187645" elapsed="1.269902"/>
</kw>
<msg time="2025-09-22T15:53:08.461547" level="INFO">${response} = &lt;Response [200]&gt;</msg>
<var>${response}</var>
<arg>'${method}' == 'GET'</arg>
<arg>GET On Session</arg>
<arg>${session_name}</arg>
<arg>${endpoint}</arg>
<arg>&amp;{kwargs}</arg>
<arg>ELSE IF</arg>
<arg>'${method}' == 'POST'</arg>
<arg>POST On Session</arg>
<arg>${session_name}</arg>
<arg>${endpoint}</arg>
<arg>&amp;{kwargs}</arg>
<arg>ELSE IF</arg>
<arg>'${method}' == 'PUT'</arg>
<arg>PUT On Session</arg>
<arg>${session_name}</arg>
<arg>${endpoint}</arg>
<arg>&amp;{kwargs}</arg>
<arg>ELSE IF</arg>
<arg>'${method}' == 'DELETE'</arg>
<arg>DELETE On Session</arg>
<arg>${session_name}</arg>
<arg>${endpoint}</arg>
<arg>&amp;{kwargs}</arg>
<arg>ELSE</arg>
<arg>Fail</arg>
<arg>Unsupported method: ${method}</arg>
<doc>Runs the given keyword with the given arguments, if ``condition`` is true.</doc>
<status status="PASS" start="2025-09-22T15:53:07.186645" elapsed="1.274902"/>
</kw>
<kw name="Should Be True" owner="BuiltIn">
<arg>${response.status_code} &gt;= 200 and ${response.status_code} &lt; 300</arg>
<arg>msg=API call failed with status ${response.status_code}: ${response.text}</arg>
<doc>Fails if the given condition is not true.</doc>
<status status="PASS" start="2025-09-22T15:53:08.464546" elapsed="0.001000"/>
</kw>
<kw name="Log To Console" owner="BuiltIn">
<arg>\nAPI: ${endpoint}</arg>
<doc>Logs the given message to the console.</doc>
<status status="PASS" start="2025-09-22T15:53:08.465546" elapsed="0.000000"/>
</kw>
<kw name="Log To Console" owner="BuiltIn">
<arg>Session: ${session_name}</arg>
<doc>Logs the given message to the console.</doc>
<status status="PASS" start="2025-09-22T15:53:08.465546" elapsed="0.000000"/>
</kw>
<kw name="Log To Console" owner="BuiltIn">
<arg>Status: ${response.status_code}</arg>
<doc>Logs the given message to the console.</doc>
<status status="PASS" start="2025-09-22T15:53:08.466545" elapsed="0.000000"/>
</kw>
<kw name="Log To Console" owner="BuiltIn">
<arg>Response: ${response.text}</arg>
<doc>Logs the given message to the console.</doc>
<status status="PASS" start="2025-09-22T15:53:08.466545" elapsed="0.000000"/>
</kw>
<arg>${endpoint}</arg>
<arg>${method}</arg>
<arg>${headers}</arg>
<arg>${payload}</arg>
<arg>${base_url}</arg>
<status status="PASS" start="2025-09-22T15:53:07.176644" elapsed="1.289901"/>
</kw>
<arg>'${name}' == 'Get OAuth Token'</arg>
<arg>Execute Token API</arg>
<arg>${endpoint}</arg>
<arg>${method}</arg>
<arg>${headers}</arg>
<arg>${payload}</arg>
<arg>ELSE</arg>
<arg>Execute Normal API</arg>
<arg>${endpoint}</arg>
<arg>${method}</arg>
<arg>${headers}</arg>
<arg>${payload}</arg>
<arg>${base_url}</arg>
<doc>Runs the given keyword with the given arguments, if ``condition`` is true.</doc>
<status status="PASS" start="2025-09-22T15:53:07.176644" elapsed="1.289901"/>
</kw>
<arg>${api}</arg>
<status status="PASS" start="2025-09-22T15:53:07.164716" elapsed="1.301829"/>
</kw>
<var name="${api}">{'name': 'Search Cases by Policy Number', 'endpoint': '/case/v1/cases/search', 'method': 'POST', 'api_type': 'Case Management', 'base_url': 'https://qa-bpm.se2.com', 'payload': {'policyNumber': '57102...</var>
<status status="PASS" start="2025-09-22T15:53:07.164716" elapsed="1.301829"/>
</iter>
<var>${api}</var>
<value>@{apis}</value>
<status status="PASS" start="2025-09-22T15:53:04.842587" elapsed="3.624959"/>
</for>
<arg>@{config}[apis]</arg>
<status status="PASS" start="2025-09-22T15:53:04.841587" elapsed="3.625959"/>
</kw>
<doc>Execute configured APIs from the config file</doc>
<status status="PASS" start="2025-09-22T15:53:04.825602" elapsed="3.641944"/>
</test>
<doc>API Configuration Executor for handling token and case APIs</doc>
<status status="PASS" start="2025-09-22T15:53:04.279624" elapsed="4.188921"/>
</suite>
<statistics>
<total>
<stat pass="1" fail="0" skip="0">All Tests</stat>
</total>
<tag>
</tag>
<suite>
<stat pass="1" fail="0" skip="0" id="s1" name="Api Config Executor">Api Config Executor</stat>
</suite>
</statistics>
<errors>
<msg time="2025-09-22T15:53:04.268630" level="ERROR">Taking listener 'allure_console_listener.AllureConsoleListener:results/run_20250922_155303\allure-results' into use failed: Importing listener 'allure_console_listener.AllureConsoleListener' failed: ModuleNotFoundError: No module named 'allure_console_listener'
Traceback (most recent call last):
  None
PYTHONPATH:
  C:\Program Files\Python312\Scripts\robot.exe
  c:\Users\sharmash\Downloads\QAS-ZinniaLive-AutomationTesting (1)\QAS-ZinniaLive-AutomationTesting
  C:\Users\sharmash\automation-framwork\%PYTHONPATH%
  C:\Program Files\Python312\python312.zip
  C:\Program Files\Python312\DLLs
  C:\Program Files\Python312\Lib
  C:\Program Files\Python312
  C:\Users\sharmash\AppData\Roaming\Python\Python312\site-packages
  C:\Users\sharmash\AppData\Roaming\Python\Python312\site-packages\win32
  C:\Users\sharmash\AppData\Roaming\Python\Python312\site-packages\win32\lib
  C:\Users\sharmash\AppData\Roaming\Python\Python312\site-packages\Pythonwin
  C:\Program Files\Python312\Lib\site-packages</msg>
<msg time="2025-09-22T15:53:04.273652" level="ERROR">Taking listener 'DebugLibrary' into use failed: Importing listener 'DebugLibrary' failed: ModuleNotFoundError: No module named 'DebugLibrary'
Traceback (most recent call last):
  None
PYTHONPATH:
  C:\Program Files\Python312\Scripts\robot.exe
  c:\Users\sharmash\Downloads\QAS-ZinniaLive-AutomationTesting (1)\QAS-ZinniaLive-AutomationTesting
  C:\Users\sharmash\automation-framwork\%PYTHONPATH%
  C:\Program Files\Python312\python312.zip
  C:\Program Files\Python312\DLLs
  C:\Program Files\Python312\Lib
  C:\Program Files\Python312
  C:\Users\sharmash\AppData\Roaming\Python\Python312\site-packages
  C:\Users\sharmash\AppData\Roaming\Python\Python312\site-packages\win32
  C:\Users\sharmash\AppData\Roaming\Python\Python312\site-packages\win32\lib
  C:\Users\sharmash\AppData\Roaming\Python\Python312\site-packages\Pythonwin
  C:\Program Files\Python312\Lib\site-packages</msg>
</errors>
</robot>
