<?xml version="1.0" encoding="UTF-8"?>
<robot generator="Robot 7.0.1 (Python 3.12.1 on win32)" generated="2025-09-23T12:04:27.828161" rpa="false" schemaversion="5">
<suite id="s1" name="Dynamic Api Tests" source="C:\Users\sharmash\automation-framwork\tests\api\dynamic_api_tests.robot">
<kw name="Background OAuth Authentication" type="SETUP">
<kw name="Setup Session">
<kw name="Create Session" owner="RequestsLibrary">
<msg time="2025-09-23T12:04:28.268171" level="INFO">Creating Session using : alias=api_session, url=https://login.qa.zinnia.com, headers={},                     cookies={}, auth=None, timeout=None, proxies=None, verify=False,                     debug=0 </msg>
<arg>api_session</arg>
<arg>https://login.qa.zinnia.com</arg>
<arg>verify=False</arg>
<doc>Create Session: create a HTTP session to a server</doc>
<status status="PASS" start="2025-09-23T12:04:28.268171" elapsed="0.000000"/>
</kw>
<kw name="Create Session" owner="RequestsLibrary">
<msg time="2025-09-23T12:04:28.270179" level="INFO">Creating Session using : alias=api_session_case, url=https://qa.api.zinnia.io, headers={},                     cookies={}, auth=None, timeout=None, proxies=None, verify=False,                     debug=0 </msg>
<arg>api_session_case</arg>
<arg>https://qa.api.zinnia.io</arg>
<arg>verify=False</arg>
<doc>Create Session: create a HTTP session to a server</doc>
<status status="PASS" start="2025-09-23T12:04:28.270179" elapsed="0.000000"/>
</kw>
<kw name="Create Session" owner="RequestsLibrary">
<msg time="2025-09-23T12:04:28.275143" level="INFO">Creating Session using : alias=api_session_bpm, url=https://qa-bpm.se2.com, headers={},                     cookies={}, auth=None, timeout=None, proxies=None, verify=False,                     debug=0 </msg>
<arg>api_session_bpm</arg>
<arg>https://qa-bpm.se2.com</arg>
<arg>verify=False</arg>
<doc>Create Session: create a HTTP session to a server</doc>
<status status="PASS" start="2025-09-23T12:04:28.275143" elapsed="0.000000"/>
</kw>
<status status="PASS" start="2025-09-23T12:04:28.267170" elapsed="0.010123"/>
</kw>
<kw name="Set Variable" owner="BuiltIn">
<msg time="2025-09-23T12:04:28.277293" level="INFO">${endpoint} = /oauth/token</msg>
<var>${endpoint}</var>
<arg>/oauth/token</arg>
<doc>Returns the given values which can then be assigned to a variables.</doc>
<status status="PASS" start="2025-09-23T12:04:28.277293" elapsed="0.000000"/>
</kw>
<kw name="Set Variable" owner="BuiltIn">
<msg time="2025-09-23T12:04:28.280151" level="INFO">${method} = POST</msg>
<var>${method}</var>
<arg>POST</arg>
<doc>Returns the given values which can then be assigned to a variables.</doc>
<status status="PASS" start="2025-09-23T12:04:28.279567" elapsed="0.000584"/>
</kw>
<kw name="Create Dictionary" owner="BuiltIn">
<msg time="2025-09-23T12:04:28.281902" level="INFO">${headers} = {'Content-Type': 'application/x-www-form-urlencoded'}</msg>
<var>${headers}</var>
<arg>Content-Type=application/x-www-form-urlencoded</arg>
<doc>Creates and returns a dictionary based on the given ``items``.</doc>
<status status="PASS" start="2025-09-23T12:04:28.281902" elapsed="0.000000"/>
</kw>
<kw name="Create Dictionary" owner="BuiltIn">
<msg time="2025-09-23T12:04:28.284238" level="INFO">${payload} = {'audience': 'https://qa.api.zinnia.io', 'grant_type': 'client_credentials', 'client_id': 'UuMribrP3e8zVhfHy6wPJ25lVYh1CWN3', 'client_secret': 'WQ4ZBFI0RaYnhlhrZBdw4ltrMk8IKT9bDm1DX_U28doSk4F4Au5KiAso...</msg>
<var>${payload}</var>
<arg>audience=https://qa.api.zinnia.io</arg>
<arg>grant_type=client_credentials</arg>
<arg>client_id=UuMribrP3e8zVhfHy6wPJ25lVYh1CWN3</arg>
<arg>client_secret=WQ4ZBFI0RaYnhlhrZBdw4ltrMk8IKT9bDm1DX_U28doSk4F4Au5KiAsoBCSNYWix</arg>
<doc>Creates and returns a dictionary based on the given ``items``.</doc>
<status status="PASS" start="2025-09-23T12:04:28.283661" elapsed="0.000577"/>
</kw>
<kw name="Execute Token API">
<kw name="Create Dictionary" owner="BuiltIn">
<msg time="2025-09-23T12:04:28.287066" level="INFO">${form_data} = {}</msg>
<var>${form_data}</var>
<doc>Creates and returns a dictionary based on the given ``items``.</doc>
<status status="PASS" start="2025-09-23T12:04:28.286524" elapsed="0.000556"/>
</kw>
<for flavor="IN">
<iter>
<kw name="Set To Dictionary" owner="Collections">
<arg>${form_data}</arg>
<arg>${key}=${value}</arg>
<doc>Adds the given ``key_value_pairs`` and/or ``items`` to the ``dictionary``.</doc>
<status status="PASS" start="2025-09-23T12:04:28.288840" elapsed="0.000577"/>
</kw>
<var name="${key}">audience</var>
<var name="${value}">https://qa.api.zinnia.io</var>
<status status="PASS" start="2025-09-23T12:04:28.288840" elapsed="0.000577"/>
</iter>
<iter>
<kw name="Set To Dictionary" owner="Collections">
<arg>${form_data}</arg>
<arg>${key}=${value}</arg>
<doc>Adds the given ``key_value_pairs`` and/or ``items`` to the ``dictionary``.</doc>
<status status="PASS" start="2025-09-23T12:04:28.289417" elapsed="0.000559"/>
</kw>
<var name="${key}">grant_type</var>
<var name="${value}">client_credentials</var>
<status status="PASS" start="2025-09-23T12:04:28.289417" elapsed="0.000559"/>
</iter>
<iter>
<kw name="Set To Dictionary" owner="Collections">
<arg>${form_data}</arg>
<arg>${key}=${value}</arg>
<doc>Adds the given ``key_value_pairs`` and/or ``items`` to the ``dictionary``.</doc>
<status status="PASS" start="2025-09-23T12:04:28.289976" elapsed="0.000507"/>
</kw>
<var name="${key}">client_id</var>
<var name="${value}">UuMribrP3e8zVhfHy6wPJ25lVYh1CWN3</var>
<status status="PASS" start="2025-09-23T12:04:28.289976" elapsed="0.000565"/>
</iter>
<iter>
<kw name="Set To Dictionary" owner="Collections">
<arg>${form_data}</arg>
<arg>${key}=${value}</arg>
<doc>Adds the given ``key_value_pairs`` and/or ``items`` to the ``dictionary``.</doc>
<status status="PASS" start="2025-09-23T12:04:28.290541" elapsed="0.000000"/>
</kw>
<var name="${key}">client_secret</var>
<var name="${value}">WQ4ZBFI0RaYnhlhrZBdw4ltrMk8IKT9bDm1DX_U28doSk4F4Au5KiAsoBCSNYWix</var>
<status status="PASS" start="2025-09-23T12:04:28.290541" elapsed="0.000000"/>
</iter>
<var>${key}</var>
<var>${value}</var>
<value>&amp;{payload}</value>
<status status="PASS" start="2025-09-23T12:04:28.288840" elapsed="0.002290"/>
</for>
<kw name="POST On Session" owner="RequestsLibrary">
<msg time="2025-09-23T12:04:29.403931" level="INFO">POST Request : url=https://login.qa.zinnia.com/oauth/token 
 path_url=/oauth/token 
 headers={'User-Agent': 'python-requests/2.32.3', 'Accept-Encoding': 'gzip, deflate, br', 'Accept': '*/*', 'Connection': 'keep-alive', 'Content-Type': 'application/x-www-form-urlencoded', 'Content-Length': '191'} 
 body=audience=https%3A%2F%2Fqa.api.zinnia.io&amp;grant_type=client_credentials&amp;client_id=UuMribrP3e8zVhfHy6wPJ25lVYh1CWN3&amp;client_secret=WQ4ZBFI0RaYnhlhrZBdw4ltrMk8IKT9bDm1DX_U28doSk4F4Au5KiAsoBCSNYWix 
 </msg>
<msg time="2025-09-23T12:04:29.403931" level="INFO">POST Response : url=https://login.qa.zinnia.com/oauth/token 
 status=200, reason=OK 
 headers={'Date': 'Tue, 23 Sep 2025 06:34:29 GMT', 'Content-Type': 'application/json', 'Transfer-Encoding': 'chunked', 'Connection': 'keep-alive', 'Content-Encoding': 'br', 'CF-Ray': '9838043bcc5391e6-DEL', 'CF-Cache-Status': 'DYNAMIC', 'Cache-Control': 'no-store', 'Set-Cookie': 'did=s%3Av0%3A568fbf3e-6614-4069-9db9-10650d4faf16.BPEZ%2BjJnqhZ3LggpKSagvUT6Ojwqdy40WM6FFBqL4r8; Path=/; Expires=Wed, 23 Sep 2026 12:34:29 GMT; HttpOnly; Secure; SameSite=None, did_compat=s%3Av0%3A568fbf3e-6614-4069-9db9-10650d4faf16.BPEZ%2BjJnqhZ3LggpKSagvUT6Ojwqdy40WM6FFBqL4r8; Path=/; Expires=Wed, 23 Sep 2026 12:34:29 GMT; HttpOnly; Secure', 'Strict-Transport-Security': 'max-age=31536000; includeSubDomains', 'Vary': 'Accept-Encoding, Origin', 'Pragma': 'no-cache', 'X-Auth0-L': '0.540', 'X-Auth0-RequestId': '97d60288c04b8ee16301', 'X-Content-Type-Options': 'nosniff', 'X-RateLimit-Limit': '300', 'X-RateLimit-Remaining': '299', 'X-RateLimit-Reset': '1758609271', 'Server': 'cloudflare', 'alt-svc': 'h3=":443"; ma=86400'} 
 body={"access_token":"eyJhbGciOiJSUzI1NiIsInR5cCI6IkpXVCIsImtpZCI6IlU1SWNUOEQ4LTNWdl80NDFIdnlzbyJ9.eyJodHRwczovL3FhLmFwaS56aW5uaWEuaW8vY2xpZW50SWRzIjpbImV2ZXJseSIsImVsaWMiLCJzYnVsIl0sImh0dHBzOi8vcWEuYXBpLnppbm5pYS5pby9wZXJtaXNzaW9ucyI6WyJyZWFkOnBvbGljeSIsIndyaXRlOnBvbGljeSIsIndyaXRlOmNhc2UiLCJyZWFkOmNhc2UiLCJyZWFkOmRvY3VtZW50Iiwid3JpdGU6ZG9jdW1lbnQiLCJ3cml0ZTp0YXNrIiwicmVhZDp0YXNrIl0sInBhcnR5SWQiOiJjNmE3YWI5ZjdkZDg0MDE1YTY1NTJiZmM1YjM2NmI3NyIsInNvdXJjZSI6IkJ1c2luZXNzIFByb2Nlc3MgTWFuYWdlbWVudCIsImlzcyI6Imh0dHBzOi8vbG9naW4ucWEuemlubmlhLmNvbS8iLCJzdWIiOiJVdU1yaWJyUDNlOHpWaGZIeTZ3UEoyNWxWWWgxQ1dOM0BjbGllbnRzIiwiYXVkIjoiaHR0cHM6Ly9xYS5hcGkuemlubmlhLmlvIiwiaWF0IjoxNzU4NjA5MjY5LCJleHAiOjE3NTg2OTU2NjksInNjb3BlIjoib3BlbmlkIiwiZ3R5IjoiY2xpZW50LWNyZWRlbnRpYWxzIiwiYXpwIjoiVXVNcmliclAzZTh6VmhmSHk2d1BKMjVsVlloMUNXTjMifQ.LL_YJ_Hk0tD9ZOOw746uQeW8MJUkc5rSTmmfdw6ZfGRHynBOv2AuvBWWw75Bkg1sAFjM7xDvP9Raw6moF4rnirtqzA93if9e-Syp_L785vgwGx1FO8MfIY0Gqugp01jb94_GybgAz6L3Jnbb8j4gpB2fzwUxhqz3yJNqgBk7YTi2We3ShPyrP_EdNBeRWV7hblpBtnFdMNvVA2RyZkXh7O6yCdjG61Noq3G6hza7Mfb-6J674s5_5yU1_k3gMbgjCOW-MB1xY8EVGUBpQQi4MuTxoTzd3H2xsjNxiZSY_awAd16eRpJlVgT2k8G49wSHXUkGhnLl9HgPy8GFo0YHrA","scope":"openid","expires_in":86400,"token_type":"Bearer"} 
 </msg>
<msg time="2025-09-23T12:04:29.403931" level="INFO">C:\Users\sharmash\AppData\Roaming\Python\Python312\site-packages\urllib3\connectionpool.py:1103: InsecureRequestWarning: Unverified HTTPS request is being made to host 'login.qa.zinnia.com'. Adding certificate verification is strongly advised. See: https://urllib3.readthedocs.io/en/latest/advanced-usage.html#tls-warnings
  warnings.warn(</msg>
<msg time="2025-09-23T12:04:29.403931" level="INFO">${response} = &lt;Response [200]&gt;</msg>
<var>${response}</var>
<arg>api_session</arg>
<arg>${endpoint}</arg>
<arg>data=${form_data}</arg>
<arg>headers=${headers}</arg>
<doc>Sends a POST request on a previously created HTTP Session.</doc>
<status status="PASS" start="2025-09-23T12:04:28.291130" elapsed="1.113835"/>
</kw>
<kw name="Get From Dictionary" owner="Collections">
<msg time="2025-09-23T12:04:29.407594" level="INFO">${token} = eyJhbGciOiJSUzI1NiIsInR5cCI6IkpXVCIsImtpZCI6IlU1SWNUOEQ4LTNWdl80NDFIdnlzbyJ9.eyJodHRwczovL3FhLmFwaS56aW5uaWEuaW8vY2xpZW50SWRzIjpbImV2ZXJseSIsImVsaWMiLCJzYnVsIl0sImh0dHBzOi8vcWEuYXBpLnppbm5pYS5pby9wZXJ...</msg>
<var>${token}</var>
<arg>${response.json()}</arg>
<arg>access_token</arg>
<doc>Returns a value from the given ``dictionary`` based on the given ``key``.</doc>
<status status="PASS" start="2025-09-23T12:04:29.406979" elapsed="0.000615"/>
</kw>
<kw name="Set Global Variable" owner="BuiltIn">
<msg time="2025-09-23T12:04:29.409776" level="INFO">${TOKEN} = eyJhbGciOiJSUzI1NiIsInR5cCI6IkpXVCIsImtpZCI6IlU1SWNUOEQ4LTNWdl80NDFIdnlzbyJ9.eyJodHRwczovL3FhLmFwaS56aW5uaWEuaW8vY2xpZW50SWRzIjpbImV2ZXJseSIsImVsaWMiLCJzYnVsIl0sImh0dHBzOi8vcWEuYXBpLnppbm5pYS5pby9wZXJ...</msg>
<arg>${TOKEN}</arg>
<arg>${token}</arg>
<doc>Makes a variable available globally in all tests and suites.</doc>
<status status="PASS" start="2025-09-23T12:04:29.408734" elapsed="0.001042"/>
</kw>
<kw name="Set Suite Variable" owner="BuiltIn">
<msg time="2025-09-23T12:04:29.411798" level="INFO">${OAUTH_TOKEN_DISPLAY} = eyJhbGciOiJSUzI1NiIsInR5cCI6IkpXVCIsImtpZCI6IlU1SWNUOEQ4LTNWdl80NDFIdnlzbyJ9.eyJodHRwczovL3FhLmFwaS56aW5uaWEuaW8vY2xpZW50SWRzIjpbImV2ZXJseSIsImVsaWMiLCJzYnVsIl0sImh0dHBzOi8vcWEuYXBpLnppbm5pYS5pby9wZXJ...</msg>
<arg>${OAUTH_TOKEN_DISPLAY}</arg>
<arg>${token}</arg>
<doc>Makes a variable available everywhere within the scope of the current suite.</doc>
<status status="PASS" start="2025-09-23T12:04:29.410830" elapsed="0.000968"/>
</kw>
<kw name="Log" owner="BuiltIn">
<msg time="2025-09-23T12:04:29.412782" level="INFO">Token received: eyJhbGciOiJSUzI1NiIsInR5cCI6IkpXVCIsImtpZCI6IlU1SWNUOEQ4LTNWdl80NDFIdnlzbyJ9.eyJodHRwczovL3FhLmFwaS56aW5uaWEuaW8vY2xpZW50SWRzIjpbImV2ZXJseSIsImVsaWMiLCJzYnVsIl0sImh0dHBzOi8vcWEuYXBpLnppbm5pYS5pby9wZXJtaXNzaW9ucyI6WyJyZWFkOnBvbGljeSIsIndyaXRlOnBvbGljeSIsIndyaXRlOmNhc2UiLCJyZWFkOmNhc2UiLCJyZWFkOmRvY3VtZW50Iiwid3JpdGU6ZG9jdW1lbnQiLCJ3cml0ZTp0YXNrIiwicmVhZDp0YXNrIl0sInBhcnR5SWQiOiJjNmE3YWI5ZjdkZDg0MDE1YTY1NTJiZmM1YjM2NmI3NyIsInNvdXJjZSI6IkJ1c2luZXNzIFByb2Nlc3MgTWFuYWdlbWVudCIsImlzcyI6Imh0dHBzOi8vbG9naW4ucWEuemlubmlhLmNvbS8iLCJzdWIiOiJVdU1yaWJyUDNlOHpWaGZIeTZ3UEoyNWxWWWgxQ1dOM0BjbGllbnRzIiwiYXVkIjoiaHR0cHM6Ly9xYS5hcGkuemlubmlhLmlvIiwiaWF0IjoxNzU4NjA5MjY5LCJleHAiOjE3NTg2OTU2NjksInNjb3BlIjoib3BlbmlkIiwiZ3R5IjoiY2xpZW50LWNyZWRlbnRpYWxzIiwiYXpwIjoiVXVNcmliclAzZTh6VmhmSHk2d1BKMjVsVlloMUNXTjMifQ.LL_YJ_Hk0tD9ZOOw746uQeW8MJUkc5rSTmmfdw6ZfGRHynBOv2AuvBWWw75Bkg1sAFjM7xDvP9Raw6moF4rnirtqzA93if9e-Syp_L785vgwGx1FO8MfIY0Gqugp01jb94_GybgAz6L3Jnbb8j4gpB2fzwUxhqz3yJNqgBk7YTi2We3ShPyrP_EdNBeRWV7hblpBtnFdMNvVA2RyZkXh7O6yCdjG61Noq3G6hza7Mfb-6J674s5_5yU1_k3gMbgjCOW-MB1xY8EVGUBpQQi4MuTxoTzd3H2xsjNxiZSY_awAd16eRpJlVgT2k8G49wSHXUkGhnLl9HgPy8GFo0YHrA</msg>
<arg>Token received: ${token}</arg>
<arg>INFO</arg>
<doc>Logs the given message with the given level.</doc>
<status status="PASS" start="2025-09-23T12:04:29.412782" elapsed="0.000993"/>
</kw>
<arg>${endpoint}</arg>
<arg>${method}</arg>
<arg>${headers}</arg>
<arg>${payload}</arg>
<status status="PASS" start="2025-09-23T12:04:28.286524" elapsed="1.128275"/>
</kw>
<kw name="Log" owner="BuiltIn">
<msg time="2025-09-23T12:04:29.414799" level="INFO">Background OAuth authentication completed</msg>
<arg>Background OAuth authentication completed</arg>
<arg>INFO</arg>
<doc>Logs the given message with the given level.</doc>
<status status="PASS" start="2025-09-23T12:04:29.414799" elapsed="0.000000"/>
</kw>
<doc>Silently authenticate with OAuth for API access</doc>
<status status="PASS" start="2025-09-23T12:04:28.267170" elapsed="1.150570"/>
</kw>
<test id="s1-t1" name="Test_01_Get_Case_Details" line="142">
<kw name="Setup Session" type="SETUP">
<kw name="Create Session" owner="RequestsLibrary">
<msg time="2025-09-23T12:04:29.418772" level="INFO">Creating Session using : alias=api_session, url=https://login.qa.zinnia.com, headers={},                     cookies={}, auth=None, timeout=None, proxies=None, verify=False,                     debug=0 </msg>
<arg>api_session</arg>
<arg>https://login.qa.zinnia.com</arg>
<arg>verify=False</arg>
<doc>Create Session: create a HTTP session to a server</doc>
<status status="PASS" start="2025-09-23T12:04:29.418772" elapsed="0.000000"/>
</kw>
<kw name="Create Session" owner="RequestsLibrary">
<msg time="2025-09-23T12:04:29.420852" level="INFO">Creating Session using : alias=api_session_case, url=https://qa.api.zinnia.io, headers={},                     cookies={}, auth=None, timeout=None, proxies=None, verify=False,                     debug=0 </msg>
<arg>api_session_case</arg>
<arg>https://qa.api.zinnia.io</arg>
<arg>verify=False</arg>
<doc>Create Session: create a HTTP session to a server</doc>
<status status="PASS" start="2025-09-23T12:04:29.420852" elapsed="0.000000"/>
</kw>
<kw name="Create Session" owner="RequestsLibrary">
<msg time="2025-09-23T12:04:29.422828" level="INFO">Creating Session using : alias=api_session_bpm, url=https://qa-bpm.se2.com, headers={},                     cookies={}, auth=None, timeout=None, proxies=None, verify=False,                     debug=0 </msg>
<arg>api_session_bpm</arg>
<arg>https://qa-bpm.se2.com</arg>
<arg>verify=False</arg>
<doc>Create Session: create a HTTP session to a server</doc>
<status status="PASS" start="2025-09-23T12:04:29.421776" elapsed="0.001052"/>
</kw>
<status status="PASS" start="2025-09-23T12:04:29.417740" elapsed="0.006945"/>
</kw>
<kw name="Set Variable" owner="BuiltIn">
<msg time="2025-09-23T12:04:29.424685" level="INFO">${endpoint} = /case/v1/cases/{caseID}</msg>
<var>${endpoint}</var>
<arg>/case/v1/cases/{caseID}</arg>
<doc>Returns the given values which can then be assigned to a variables.</doc>
<status status="PASS" start="2025-09-23T12:04:29.424685" elapsed="0.000000"/>
</kw>
<kw name="Set Variable" owner="BuiltIn">
<msg time="2025-09-23T12:04:29.426740" level="INFO">${method} = GET</msg>
<var>${method}</var>
<arg>GET</arg>
<doc>Returns the given values which can then be assigned to a variables.</doc>
<status status="PASS" start="2025-09-23T12:04:29.426740" elapsed="0.000000"/>
</kw>
<kw name="Create Dictionary" owner="BuiltIn">
<msg time="2025-09-23T12:04:29.428685" level="INFO">${headers} = {'Content-Type': 'application/json'}</msg>
<var>${headers}</var>
<arg>Content-Type=application/json</arg>
<doc>Creates and returns a dictionary based on the given ``items``.</doc>
<status status="PASS" start="2025-09-23T12:04:29.428685" elapsed="0.000000"/>
</kw>
<kw name="Set Variable" owner="BuiltIn">
<msg time="2025-09-23T12:04:29.430685" level="INFO">${base_url} = None</msg>
<var>${base_url}</var>
<arg>None</arg>
<doc>Returns the given values which can then be assigned to a variables.</doc>
<status status="PASS" start="2025-09-23T12:04:29.429685" elapsed="0.001000"/>
</kw>
<kw name="Set Variable" owner="BuiltIn">
<msg time="2025-09-23T12:04:29.431685" level="INFO">${payload} = None</msg>
<var>${payload}</var>
<arg>${None}</arg>
<doc>Returns the given values which can then be assigned to a variables.</doc>
<status status="PASS" start="2025-09-23T12:04:29.431685" elapsed="0.000000"/>
</kw>
<kw name="Create Dictionary" owner="BuiltIn">
<msg time="2025-09-23T12:04:29.433685" level="INFO">${api_dict} = {'name': 'Get Case Details', 'endpoint': '/case/v1/cases/{caseID}', 'method': 'GET', 'headers': {'Content-Type': 'application/json'}, 'default_case_id': 'CA0000370039'}</msg>
<var>${api_dict}</var>
<arg>name=Get Case Details</arg>
<arg>endpoint=${endpoint}</arg>
<arg>method=${method}</arg>
<arg>headers=${headers}</arg>
<arg>default_case_id=CA0000370039</arg>
<doc>Creates and returns a dictionary based on the given ``items``.</doc>
<status status="PASS" start="2025-09-23T12:04:29.433685" elapsed="0.000000"/>
</kw>
<kw name="Step: Executing API">
<kw name="Log To Console" owner="BuiltIn">
<arg>\n=== Executing: ${api_name} ===</arg>
<doc>Logs the given message to the console.</doc>
<status status="PASS" start="2025-09-23T12:04:29.438070" elapsed="0.000000"/>
</kw>
<kw name="Log" owner="BuiltIn">
<msg time="2025-09-23T12:04:29.439112" level="INFO">=== Executing: Get Case Details ===</msg>
<arg>=== Executing: ${api_name} ===</arg>
<arg>INFO</arg>
<doc>Logs the given message with the given level.</doc>
<status status="PASS" start="2025-09-23T12:04:29.438070" elapsed="0.001042"/>
</kw>
<arg>Get Case Details</arg>
<doc>=== Executing: ${api_name} ===</doc>
<status status="PASS" start="2025-09-23T12:04:29.438070" elapsed="0.001966"/>
</kw>
<kw name="Step: Using Session">
<kw name="Log To Console" owner="BuiltIn">
<arg>Using session: api_session_bpm for base URL: ${base_url}</arg>
<doc>Logs the given message to the console.</doc>
<status status="PASS" start="2025-09-23T12:04:29.441115" elapsed="0.000000"/>
</kw>
<kw name="Log" owner="BuiltIn">
<msg time="2025-09-23T12:04:29.441115" level="INFO">Using session: api_session_bpm for base URL: None</msg>
<arg>Using session: api_session_bpm for base URL: ${base_url}</arg>
<arg>INFO</arg>
<doc>Logs the given message with the given level.</doc>
<status status="PASS" start="2025-09-23T12:04:29.441115" elapsed="0.000000"/>
</kw>
<arg>${base_url}</arg>
<doc>Using session: api_session_bpm for base URL: None</doc>
<status status="PASS" start="2025-09-23T12:04:29.440036" elapsed="0.002993"/>
</kw>
<kw name="Execute Normal API">
<kw name="Run Keyword If" owner="BuiltIn">
<kw name="Set To Dictionary" owner="Collections">
<arg>${headers}</arg>
<arg>Authorization=Bearer ${TOKEN}</arg>
<doc>Adds the given ``key_value_pairs`` and/or ``items`` to the ``dictionary``.</doc>
<status status="PASS" start="2025-09-23T12:04:29.444030" elapsed="0.000000"/>
</kw>
<arg>'${TOKEN}' != 'None'</arg>
<arg>Set To Dictionary</arg>
<arg>${headers}</arg>
<arg>Authorization=Bearer ${TOKEN}</arg>
<doc>Runs the given keyword with the given arguments, if ``condition`` is true.</doc>
<status status="PASS" start="2025-09-23T12:04:29.444030" elapsed="0.000000"/>
</kw>
<kw name="Get From Dictionary" owner="Collections">
<msg time="2025-09-23T12:04:29.445029" level="INFO">${default_case_id} = CA0000370039</msg>
<var>${default_case_id}</var>
<arg>${api}</arg>
<arg>default_case_id</arg>
<arg>default=CA0000370039</arg>
<doc>Returns a value from the given ``dictionary`` based on the given ``key``.</doc>
<status status="PASS" start="2025-09-23T12:04:29.445029" elapsed="0.000000"/>
</kw>
<kw name="Get Environment Variable" owner="OperatingSystem">
<msg time="2025-09-23T12:04:29.448031" level="INFO">${caseID} = CA0000370039</msg>
<var>${caseID}</var>
<arg>CASE_ID</arg>
<arg>default=${default_case_id}</arg>
<doc>Returns the value of an environment variable with the given name.</doc>
<status status="PASS" start="2025-09-23T12:04:29.447034" elapsed="0.000997"/>
</kw>
<kw name="Replace String" owner="String">
<msg time="2025-09-23T12:04:29.450029" level="INFO">${endpoint} = /case/v1/cases/CA0000370039</msg>
<var>${endpoint}</var>
<arg>${endpoint}</arg>
<arg>{caseID}</arg>
<arg>${caseID}</arg>
<doc>Replaces ``search_for`` in the given ``string`` with ``replace_with``.</doc>
<status status="PASS" start="2025-09-23T12:04:29.450029" elapsed="0.000000"/>
</kw>
<kw name="Set Variable If" owner="BuiltIn">
<msg time="2025-09-23T12:04:29.453031" level="INFO">${session_name} = api_session_case</msg>
<var>${session_name}</var>
<arg>'${base_url}' == 'https://qa-bpm.se2.com'</arg>
<arg>api_session_bpm</arg>
<arg>'${base_url}' == 'https://qa.api.zinnia.io'</arg>
<arg>api_session_case</arg>
<arg>api_session_case</arg>
<doc>Sets variable based on the given condition.</doc>
<status status="PASS" start="2025-09-23T12:04:29.452031" elapsed="0.001000"/>
</kw>
<kw name="Create Dictionary" owner="BuiltIn">
<msg time="2025-09-23T12:04:29.455033" level="INFO">${kwargs} = {'headers': {'Content-Type': 'application/json', 'Authorization': 'Bearer eyJhbGciOiJSUzI1NiIsInR5cCI6IkpXVCIsImtpZCI6IlU1SWNUOEQ4LTNWdl80NDFIdnlzbyJ9.eyJodHRwczovL3FhLmFwaS56aW5uaWEuaW8vY2xpZW50SWRzI...</msg>
<var>${kwargs}</var>
<arg>headers=${headers}</arg>
<doc>Creates and returns a dictionary based on the given ``items``.</doc>
<status status="PASS" start="2025-09-23T12:04:29.454030" elapsed="0.001003"/>
</kw>
<kw name="Evaluate" owner="BuiltIn">
<msg time="2025-09-23T12:04:29.456030" level="INFO">${payload_exists} = False</msg>
<var>${payload_exists}</var>
<arg>$payload is not None</arg>
<doc>Evaluates the given expression in Python and returns the result.</doc>
<status status="PASS" start="2025-09-23T12:04:29.456030" elapsed="0.000000"/>
</kw>
<kw name="Run Keyword If" owner="BuiltIn">
<arg>${payload_exists}</arg>
<arg>Set To Dictionary</arg>
<arg>${kwargs}</arg>
<arg>json=${payload}</arg>
<doc>Runs the given keyword with the given arguments, if ``condition`` is true.</doc>
<status status="PASS" start="2025-09-23T12:04:29.459029" elapsed="0.000000"/>
</kw>
<kw name="Run Keyword If" owner="BuiltIn">
<kw name="GET On Session" owner="RequestsLibrary">
<msg time="2025-09-23T12:04:30.880143" level="INFO">GET Request : url=https://qa.api.zinnia.io/case/v1/cases/CA0000370039 
 path_url=/case/v1/cases/CA0000370039 
 headers={'User-Agent': 'python-requests/2.32.3', 'Accept-Encoding': 'gzip, deflate, br', 'Accept': '*/*', 'Connection': 'keep-alive', 'Content-Type': 'application/json', 'Authorization': 'Bearer eyJhbGciOiJSUzI1NiIsInR5cCI6IkpXVCIsImtpZCI6IlU1SWNUOEQ4LTNWdl80NDFIdnlzbyJ9.eyJodHRwczovL3FhLmFwaS56aW5uaWEuaW8vY2xpZW50SWRzIjpbImV2ZXJseSIsImVsaWMiLCJzYnVsIl0sImh0dHBzOi8vcWEuYXBpLnppbm5pYS5pby9wZXJtaXNzaW9ucyI6WyJyZWFkOnBvbGljeSIsIndyaXRlOnBvbGljeSIsIndyaXRlOmNhc2UiLCJyZWFkOmNhc2UiLCJyZWFkOmRvY3VtZW50Iiwid3JpdGU6ZG9jdW1lbnQiLCJ3cml0ZTp0YXNrIiwicmVhZDp0YXNrIl0sInBhcnR5SWQiOiJjNmE3YWI5ZjdkZDg0MDE1YTY1NTJiZmM1YjM2NmI3NyIsInNvdXJjZSI6IkJ1c2luZXNzIFByb2Nlc3MgTWFuYWdlbWVudCIsImlzcyI6Imh0dHBzOi8vbG9naW4ucWEuemlubmlhLmNvbS8iLCJzdWIiOiJVdU1yaWJyUDNlOHpWaGZIeTZ3UEoyNWxWWWgxQ1dOM0BjbGllbnRzIiwiYXVkIjoiaHR0cHM6Ly9xYS5hcGkuemlubmlhLmlvIiwiaWF0IjoxNzU4NjA5MjY5LCJleHAiOjE3NTg2OTU2NjksInNjb3BlIjoib3BlbmlkIiwiZ3R5IjoiY2xpZW50LWNyZWRlbnRpYWxzIiwiYXpwIjoiVXVNcmliclAzZTh6VmhmSHk2d1BKMjVsVlloMUNXTjMifQ.LL_YJ_Hk0tD9ZOOw746uQeW8MJUkc5rSTmmfdw6ZfGRHynBOv2AuvBWWw75Bkg1sAFjM7xDvP9Raw6moF4rnirtqzA93if9e-Syp_L785vgwGx1FO8MfIY0Gqugp01jb94_GybgAz6L3Jnbb8j4gpB2fzwUxhqz3yJNqgBk7YTi2We3ShPyrP_EdNBeRWV7hblpBtnFdMNvVA2RyZkXh7O6yCdjG61Noq3G6hza7Mfb-6J674s5_5yU1_k3gMbgjCOW-MB1xY8EVGUBpQQi4MuTxoTzd3H2xsjNxiZSY_awAd16eRpJlVgT2k8G49wSHXUkGhnLl9HgPy8GFo0YHrA'} 
 body=None 
 </msg>
<msg time="2025-09-23T12:04:30.880143" level="INFO">GET Response : url=https://qa.api.zinnia.io/case/v1/cases/CA0000370039 
 status=200, reason=OK 
 headers={'Content-Type': 'application/json', 'Connection': 'keep-alive', 'Vary': 'Origin, Access-Control-Request-Method, Access-Control-Request-Headers', 'X-Content-Type-Options': 'nosniff', 'x-correlation-id': 'aa2a5385-8d20-439d-95f3-506c41318060', 'Expires': '0', 'X-Frame-Options': 'DENY', 'Pragma': 'no-cache', 'Cache-Control': 'no-cache, no-store, max-age=0, must-revalidate', 'Date': 'Tue, 23 Sep 2025 06:34:31 GMT', 'Content-Length': '5651', 'Set-Cookie': 'AWSALBTG=q9H7nSVBOcHtKUJPCdAGbjDMCKLRGu2YwEkKdDH9ejOJXWQGBDOb1N8KdemyrDelM4UTi5eLNnXbOJYG9EP32+TBAInC/kQjAumTXukIdqCDzyGpS5jbzFVQi2kfsAwYwle7rV+UsU9v6ymWYwXOQJw/9KPecrnQihGxFTQEa2d6; Expires=Tue, 30 Sep 2025 06:34:31 GMT; Path=/, AWSALBTGCORS=q9H7nSVBOcHtKUJPCdAGbjDMCKLRGu2YwEkKdDH9ejOJXWQGBDOb1N8KdemyrDelM4UTi5eLNnXbOJYG9EP32+TBAInC/kQjAumTXukIdqCDzyGpS5jbzFVQi2kfsAwYwle7rV+UsU9v6ymWYwXOQJw/9KPecrnQihGxFTQEa2d6; Expires=Tue, 30 Sep 2025 06:34:31 GMT; Path=/; SameSite=None; Secure, AWSALB=EX15D8sh3Ur/w6h1oCeIjpwP6aXVt2rzNm+N14kjD0AyvSuDE16a4848MY4YKcu1qgHfhhxr+/x13O//Eax6SbeBw37pC9EkIx1p6LlRhK2QbyxRcfXhJPuizdWs; Expires=Tue, 30 Sep 2025 06:34:31 GMT; Path=/, AWSALBCORS=EX15D8sh3Ur/w6h1oCeIjpwP6aXVt2rzNm+N14kjD0AyvSuDE16a4848MY4YKcu1qgHfhhxr+/x13O//Eax6SbeBw37pC9EkIx1p6LlRhK2QbyxRcfXhJPuizdWs; Expires=Tue, 30 Sep 2025 06:34:31 GMT; Path=/; SameSite=None; Secure', 'X-XSS-Protection': '1; mode=block', 'Access-Control-Allow-Origin': '*', 'Access-Control-Expose-Headers': 'Host', 'X-Kong-Upstream-Latency': '280', 'X-Kong-Proxy-Latency': '18', 'Via': 'kong/3.6.1.6-enterprise-edition', 'X-Kong-Request-Id': '70488f18f8c2af4b0f1be51a6ab57a5f'} 
 body={"id":"CA0000370039","templateId":"681dfd14-b563-4342-acd2-c8a44d8ed09f","carrier":"MASS","process":"Correspondence","parentInstanceId":null,"linkedCases":null,"correlationId":"a9e90cf1-edf3-483a-880a-500f71437036","caseStatus":"IN_PROGRESS","caseResult":null,"caseResultDetail":null,"primary":true,"escalated":false,"linkDetails":{"linkedCaseInstanceId":null,"linkedReason":"Identified by case management"},"processSubType":"Service Form","caseGroup":null,"policyNumber":"5810002532","planCode":"900","productName":"MassMutual Stable Voyage Plus","caseProcessingDetails":[],"documents":[],"exceptions":[],"notes":[],"tasks":[],"mappedTasks":[],"mappedExceptions":[],"mappedDocuments":[],"mappedNotes":null,"identifiers":[{"identifier":"policyNumber","value":"5810002532"},{"identifier":"transactionId","value":"a9e90cf1-edf3-483a-880a-500f71437036"},{"identifier":"zlCaseId","value":"CA0000370039"},{"identifier":"contractNumber","value":"5810002532"}],"additionalData":{"contractStatus":"Active","requestSubType":"Redemption","policyNumber":"5810002532","owners":[{"firstName":"MENACHEM","middleName":"N","lastName":"GARNETTE","ssn":"337020845","fullName":"MENACHEM N GARNETTE"}],"brokerDealerName":"JP MORGAN SECURITIES LLC","productName":"MassMutual Stable Voyage Plus"},"stages":[{"id":"requestAck","label":"Prepare Process Form Request for processing","stageStatus":"COMPLETED","mappedNotes":[],"steps":[{"id":"requestAck.processFormRequestReceived","label":"Received Process Form Request","stepStatus":"COMPLETED","stepResult":null,"eventRef":["62fb7964-3d3e-44fb-a6f3-7c544d932b37"],"updatedAt":"2024-09-30T13:06:50.000Z","tasks":null,"mappedTasks":null,"mappedExceptions":[],"mappedDocuments":null,"mappedNotes":[],"mappedCases":null,"additionalData":{"mailDetails_city":{"label":"City","value":"CONCORD","type":"string"},"mailDetails_addressLine1":{"label":"Address Line1","value":"24 THOMPSON ST","type":"string"},"deliveryMethod":{"label":"Delivery Method","value":"MAIL","type":"string"},"mailDetails_type":{"label":"Mail Type","value":"owner","type":"string"},"transactionType":{"label":"Transaction Type","value":"Redemption","type":"string"},"transactionSubType":{"label":"Transaction SubType","value":"Full Surrender","type":"string"},"mailDetails_lastName":{"label":"Last Name","value":"GARNETTE","type":"string"},"processName":{"label":"Requested Process Name","value":"Service Request Form","type":"string"},"formName":{"label":"Requested Form name","value":"Annuity Full Surrender Request","type":"string"},"mailDetails_state":{"label":"State","value":"NH","type":"string"},"deliveryDate":{"label":"Delivery Date","value":"2024-09-30T13:06:50.391567","type":"string"},"deliveryStatus":{"label":"Delivery Status","value":"Initiated","type":"string"},"mailDetails_firstName":{"label":"First Name","value":"MENACHEM","type":"string"},"mailDetails_zipCode":{"label":"ZIP Code","value":"03301","type":"string"}},"stepAdditionalData":[],"multiInstance":false,"instanceInfo":null,"createdAt":"2024-09-30T13:06:50.000Z"},{"id":"requestAck.processFormRequestProcessing","label":"Processing Form Request","stepStatus":"COMPLETED","stepResult":null,"eventRef":["62fb7964-3d3e-44fb-a6f3-7c544d932b37","d63996f1-4098-41d8-a260-347bbf252107"],"updatedAt":"2024-09-30T13:06:56.000Z","tasks":null,"mappedTasks":null,"mappedExceptions":[],"mappedDocuments":null,"mappedNotes":[],"mappedCases":null,"additionalData":{},"stepAdditionalData":[],"multiInstance":false,"instanceInfo":null,"createdAt":"2024-09-30T13:06:50.000Z"}],"tasks":null,"mappedTasks":null,"createdAt":"2024-09-30T13:06:50.000Z","updatedAt":"2024-09-30T13:06:56.000Z"},{"id":"requestCompletion","label":"Deliver Process Form","stageStatus":"IN_PROGRESS","mappedNotes":[],"steps":[{"id":"RequestCompletion.completeRequest","label":"Create &amp; Send Requested Form","stepStatus":"IN_PROGRESS","stepResult":null,"eventRef":["d63996f1-4098-41d8-a260-347bbf252107"],"updatedAt":"2024-09-30T13:06:56.000Z","tasks":null,"mappedTasks":null,"mappedExceptions":[],"mappedDocuments":null,"mappedNotes":[],"mappedCases":null,"additionalData":{},"stepAdditionalData":[],"multiInstance":false,"instanceInfo":null,"createdAt":"2024-09-30T13:06:56.000Z"},{"id":"RequestCompletion.deliverLetter","label":"Deliver Requested Form","stepStatus":"NOT_STARTED","stepResult":null,"eventRef":[],"updatedAt":"2024-09-30T13:06:50.000Z","tasks":null,"mappedTasks":null,"mappedExceptions":[],"mappedDocuments":null,"mappedNotes":[],"mappedCases":null,"additionalData":{},"stepAdditionalData":[],"multiInstance":false,"instanceInfo":null,"createdAt":"2024-09-30T13:06:50.000Z"}],"tasks":null,"mappedTasks":null,"createdAt":"2024-09-30T13:06:56.000Z","updatedAt":"2024-09-30T13:06:56.000Z"}],"parties":[{"partyRole":"Servicing Agent","partyType":"Individual","firstName":"LAURA","lastName":"HANSON VIRGINIA","fullName":"LAURA  HANSON VIRGINIA","gender":"M","ssn":"047447214","percent":"100","externalId":"JPM0307670"},{"partyRole":"Owner,Primary","partyType":"Individual","firstName":"MENACHEM","middleName":"N","lastName":"GARNETTE","fullName":"MENACHEM N GARNETTE","prefix":"Ms.","gender":"F","ssn":"337020845","percent":"100"},{"partyRole":"Agent,Agent of Record","partyType":"Individual","firstName":"LAURA","lastName":"HANSON VIRGINIA","fullName":"LAURA  HANSON VIRGINIA","gender":"M","ssn":"047447214","percent":"100","externalId":"JPM0307670"}],"createdAt":"2024-09-30T13:06:50.000Z","updatedAt":"2024-09-30T13:06:56.000Z","systemCreatedDate":null,"systemCreatedDt":null,"systemUpdatedDt":1744623301491,"slaStartDate":null,"etcDate":null,"applicationType":"Digital","caseAdditionalData":[],"deleted":false} 
 </msg>
<msg time="2025-09-23T12:04:30.881140" level="INFO">C:\Users\sharmash\AppData\Roaming\Python\Python312\site-packages\urllib3\connectionpool.py:1103: InsecureRequestWarning: Unverified HTTPS request is being made to host 'qa.api.zinnia.io'. Adding certificate verification is strongly advised. See: https://urllib3.readthedocs.io/en/latest/advanced-usage.html#tls-warnings
  warnings.warn(</msg>
<arg>${session_name}</arg>
<arg>${endpoint}</arg>
<arg>&amp;{kwargs}</arg>
<doc>Sends a GET request on a previously created HTTP Session.</doc>
<status status="PASS" start="2025-09-23T12:04:29.459029" elapsed="1.422111"/>
</kw>
<msg time="2025-09-23T12:04:30.885079" level="INFO">${response} = &lt;Response [200]&gt;</msg>
<var>${response}</var>
<arg>'${method}' == 'GET'</arg>
<arg>GET On Session</arg>
<arg>${session_name}</arg>
<arg>${endpoint}</arg>
<arg>&amp;{kwargs}</arg>
<arg>ELSE IF</arg>
<arg>'${method}' == 'POST'</arg>
<arg>POST On Session</arg>
<arg>${session_name}</arg>
<arg>${endpoint}</arg>
<arg>&amp;{kwargs}</arg>
<arg>ELSE IF</arg>
<arg>'${method}' == 'PUT'</arg>
<arg>PUT On Session</arg>
<arg>${session_name}</arg>
<arg>${endpoint}</arg>
<arg>&amp;{kwargs}</arg>
<arg>ELSE IF</arg>
<arg>'${method}' == 'DELETE'</arg>
<arg>DELETE On Session</arg>
<arg>${session_name}</arg>
<arg>${endpoint}</arg>
<arg>&amp;{kwargs}</arg>
<doc>Runs the given keyword with the given arguments, if ``condition`` is true.</doc>
<status status="PASS" start="2025-09-23T12:04:29.459029" elapsed="1.426050"/>
</kw>
<kw name="Set Suite Variable" owner="BuiltIn">
<msg time="2025-09-23T12:04:30.889068" level="INFO">${API_ENDPOINT_DISPLAY} = /case/v1/cases/CA0000370039</msg>
<arg>${API_ENDPOINT_DISPLAY}</arg>
<arg>${endpoint}</arg>
<doc>Makes a variable available everywhere within the scope of the current suite.</doc>
<status status="PASS" start="2025-09-23T12:04:30.888066" elapsed="0.001002"/>
</kw>
<kw name="Set Suite Variable" owner="BuiltIn">
<msg time="2025-09-23T12:04:30.893112" level="INFO">${API_SESSION_DISPLAY} = api_session_case</msg>
<arg>${API_SESSION_DISPLAY}</arg>
<arg>${session_name}</arg>
<doc>Makes a variable available everywhere within the scope of the current suite.</doc>
<status status="PASS" start="2025-09-23T12:04:30.892031" elapsed="0.002080"/>
</kw>
<kw name="Set Suite Variable" owner="BuiltIn">
<msg time="2025-09-23T12:04:30.898061" level="INFO">${API_STATUS_DISPLAY} = 200</msg>
<arg>${API_STATUS_DISPLAY}</arg>
<arg>${response.status_code}</arg>
<doc>Makes a variable available everywhere within the scope of the current suite.</doc>
<status status="PASS" start="2025-09-23T12:04:30.896066" elapsed="0.001995"/>
</kw>
<kw name="Set Suite Variable" owner="BuiltIn">
<msg time="2025-09-23T12:04:30.903109" level="INFO">${API_RESPONSE_DISPLAY} = {"id":"CA0000370039","templateId":"681dfd14-b563-4342-acd2-c8a44d8ed09f","carrier":"MASS","process":"Correspondence","parentInstanceId":null,"linkedCases":null,"correlationId":"a9e90cf1-edf3-483a-880a...</msg>
<arg>${API_RESPONSE_DISPLAY}</arg>
<arg>${response.text}</arg>
<doc>Makes a variable available everywhere within the scope of the current suite.</doc>
<status status="PASS" start="2025-09-23T12:04:30.901070" elapsed="0.002039"/>
</kw>
<kw name="Set Suite Variable" owner="BuiltIn">
<msg time="2025-09-23T12:04:30.907060" level="INFO">${BASE_URL_DISPLAY} = None</msg>
<arg>${BASE_URL_DISPLAY}</arg>
<arg>${base_url}</arg>
<doc>Makes a variable available everywhere within the scope of the current suite.</doc>
<status status="PASS" start="2025-09-23T12:04:30.906066" elapsed="0.000994"/>
</kw>
<arg>${api_dict}</arg>
<arg>${endpoint}</arg>
<arg>${method}</arg>
<arg>${headers}</arg>
<arg>${payload}</arg>
<arg>${base_url}</arg>
<status status="PASS" start="2025-09-23T12:04:29.443029" elapsed="1.467035"/>
</kw>
<kw name="Step: API Endpoint">
<kw name="Log To Console" owner="BuiltIn">
<arg>API: ${API_ENDPOINT_DISPLAY}</arg>
<doc>Logs the given message to the console.</doc>
<status status="PASS" start="2025-09-23T12:04:30.910064" elapsed="0.001003"/>
</kw>
<kw name="Log" owner="BuiltIn">
<msg time="2025-09-23T12:04:30.911067" level="INFO">API: /case/v1/cases/CA0000370039</msg>
<arg>API: ${API_ENDPOINT_DISPLAY}</arg>
<arg>INFO</arg>
<doc>Logs the given message with the given level.</doc>
<status status="PASS" start="2025-09-23T12:04:30.911067" elapsed="0.000000"/>
</kw>
<doc>API: /case/v1/cases/CA0000370039</doc>
<status status="PASS" start="2025-09-23T12:04:30.910064" elapsed="0.002964"/>
</kw>
<kw name="Step: Session Used">
<kw name="Log To Console" owner="BuiltIn">
<arg>Session: ${API_SESSION_DISPLAY}</arg>
<doc>Logs the given message to the console.</doc>
<status status="PASS" start="2025-09-23T12:04:30.913028" elapsed="0.000000"/>
</kw>
<kw name="Log" owner="BuiltIn">
<msg time="2025-09-23T12:04:30.913028" level="INFO">Session: api_session_case</msg>
<arg>Session: ${API_SESSION_DISPLAY}</arg>
<arg>INFO</arg>
<doc>Logs the given message with the given level.</doc>
<status status="PASS" start="2025-09-23T12:04:30.913028" elapsed="0.000000"/>
</kw>
<doc>Session: api_session_case</doc>
<status status="PASS" start="2025-09-23T12:04:30.913028" elapsed="0.002065"/>
</kw>
<kw name="Step: Status Code">
<kw name="Log To Console" owner="BuiltIn">
<arg>Status: ${API_STATUS_DISPLAY}</arg>
<doc>Logs the given message to the console.</doc>
<status status="PASS" start="2025-09-23T12:04:30.916051" elapsed="0.000000"/>
</kw>
<kw name="Log" owner="BuiltIn">
<msg time="2025-09-23T12:04:30.916051" level="INFO">Status: 200</msg>
<arg>Status: ${API_STATUS_DISPLAY}</arg>
<arg>INFO</arg>
<doc>Logs the given message with the given level.</doc>
<status status="PASS" start="2025-09-23T12:04:30.916051" elapsed="0.000978"/>
</kw>
<doc>Status: 200</doc>
<status status="PASS" start="2025-09-23T12:04:30.916051" elapsed="0.004015"/>
</kw>
<kw name="Step: Response Data">
<kw name="Log To Console" owner="BuiltIn">
<arg>Response: ${API_RESPONSE_DISPLAY}</arg>
<doc>Logs the given message to the console.</doc>
<status status="PASS" start="2025-09-23T12:04:30.921075" elapsed="0.000000"/>
</kw>
<kw name="Log" owner="BuiltIn">
<msg time="2025-09-23T12:04:30.921075" level="INFO">Response: {"id":"CA0000370039","templateId":"681dfd14-b563-4342-acd2-c8a44d8ed09f","carrier":"MASS","process":"Correspondence","parentInstanceId":null,"linkedCases":null,"correlationId":"a9e90cf1-edf3-483a-880a-500f71437036","caseStatus":"IN_PROGRESS","caseResult":null,"caseResultDetail":null,"primary":true,"escalated":false,"linkDetails":{"linkedCaseInstanceId":null,"linkedReason":"Identified by case management"},"processSubType":"Service Form","caseGroup":null,"policyNumber":"5810002532","planCode":"900","productName":"MassMutual Stable Voyage Plus","caseProcessingDetails":[],"documents":[],"exceptions":[],"notes":[],"tasks":[],"mappedTasks":[],"mappedExceptions":[],"mappedDocuments":[],"mappedNotes":null,"identifiers":[{"identifier":"policyNumber","value":"5810002532"},{"identifier":"transactionId","value":"a9e90cf1-edf3-483a-880a-500f71437036"},{"identifier":"zlCaseId","value":"CA0000370039"},{"identifier":"contractNumber","value":"5810002532"}],"additionalData":{"contractStatus":"Active","requestSubType":"Redemption","policyNumber":"5810002532","owners":[{"firstName":"MENACHEM","middleName":"N","lastName":"GARNETTE","ssn":"337020845","fullName":"MENACHEM N GARNETTE"}],"brokerDealerName":"JP MORGAN SECURITIES LLC","productName":"MassMutual Stable Voyage Plus"},"stages":[{"id":"requestAck","label":"Prepare Process Form Request for processing","stageStatus":"COMPLETED","mappedNotes":[],"steps":[{"id":"requestAck.processFormRequestReceived","label":"Received Process Form Request","stepStatus":"COMPLETED","stepResult":null,"eventRef":["62fb7964-3d3e-44fb-a6f3-7c544d932b37"],"updatedAt":"2024-09-30T13:06:50.000Z","tasks":null,"mappedTasks":null,"mappedExceptions":[],"mappedDocuments":null,"mappedNotes":[],"mappedCases":null,"additionalData":{"mailDetails_city":{"label":"City","value":"CONCORD","type":"string"},"mailDetails_addressLine1":{"label":"Address Line1","value":"24 THOMPSON ST","type":"string"},"deliveryMethod":{"label":"Delivery Method","value":"MAIL","type":"string"},"mailDetails_type":{"label":"Mail Type","value":"owner","type":"string"},"transactionType":{"label":"Transaction Type","value":"Redemption","type":"string"},"transactionSubType":{"label":"Transaction SubType","value":"Full Surrender","type":"string"},"mailDetails_lastName":{"label":"Last Name","value":"GARNETTE","type":"string"},"processName":{"label":"Requested Process Name","value":"Service Request Form","type":"string"},"formName":{"label":"Requested Form name","value":"Annuity Full Surrender Request","type":"string"},"mailDetails_state":{"label":"State","value":"NH","type":"string"},"deliveryDate":{"label":"Delivery Date","value":"2024-09-30T13:06:50.391567","type":"string"},"deliveryStatus":{"label":"Delivery Status","value":"Initiated","type":"string"},"mailDetails_firstName":{"label":"First Name","value":"MENACHEM","type":"string"},"mailDetails_zipCode":{"label":"ZIP Code","value":"03301","type":"string"}},"stepAdditionalData":[],"multiInstance":false,"instanceInfo":null,"createdAt":"2024-09-30T13:06:50.000Z"},{"id":"requestAck.processFormRequestProcessing","label":"Processing Form Request","stepStatus":"COMPLETED","stepResult":null,"eventRef":["62fb7964-3d3e-44fb-a6f3-7c544d932b37","d63996f1-4098-41d8-a260-347bbf252107"],"updatedAt":"2024-09-30T13:06:56.000Z","tasks":null,"mappedTasks":null,"mappedExceptions":[],"mappedDocuments":null,"mappedNotes":[],"mappedCases":null,"additionalData":{},"stepAdditionalData":[],"multiInstance":false,"instanceInfo":null,"createdAt":"2024-09-30T13:06:50.000Z"}],"tasks":null,"mappedTasks":null,"createdAt":"2024-09-30T13:06:50.000Z","updatedAt":"2024-09-30T13:06:56.000Z"},{"id":"requestCompletion","label":"Deliver Process Form","stageStatus":"IN_PROGRESS","mappedNotes":[],"steps":[{"id":"RequestCompletion.completeRequest","label":"Create &amp; Send Requested Form","stepStatus":"IN_PROGRESS","stepResult":null,"eventRef":["d63996f1-4098-41d8-a260-347bbf252107"],"updatedAt":"2024-09-30T13:06:56.000Z","tasks":null,"mappedTasks":null,"mappedExceptions":[],"mappedDocuments":null,"mappedNotes":[],"mappedCases":null,"additionalData":{},"stepAdditionalData":[],"multiInstance":false,"instanceInfo":null,"createdAt":"2024-09-30T13:06:56.000Z"},{"id":"RequestCompletion.deliverLetter","label":"Deliver Requested Form","stepStatus":"NOT_STARTED","stepResult":null,"eventRef":[],"updatedAt":"2024-09-30T13:06:50.000Z","tasks":null,"mappedTasks":null,"mappedExceptions":[],"mappedDocuments":null,"mappedNotes":[],"mappedCases":null,"additionalData":{},"stepAdditionalData":[],"multiInstance":false,"instanceInfo":null,"createdAt":"2024-09-30T13:06:50.000Z"}],"tasks":null,"mappedTasks":null,"createdAt":"2024-09-30T13:06:56.000Z","updatedAt":"2024-09-30T13:06:56.000Z"}],"parties":[{"partyRole":"Servicing Agent","partyType":"Individual","firstName":"LAURA","lastName":"HANSON VIRGINIA","fullName":"LAURA  HANSON VIRGINIA","gender":"M","ssn":"047447214","percent":"100","externalId":"JPM0307670"},{"partyRole":"Owner,Primary","partyType":"Individual","firstName":"MENACHEM","middleName":"N","lastName":"GARNETTE","fullName":"MENACHEM N GARNETTE","prefix":"Ms.","gender":"F","ssn":"337020845","percent":"100"},{"partyRole":"Agent,Agent of Record","partyType":"Individual","firstName":"LAURA","lastName":"HANSON VIRGINIA","fullName":"LAURA  HANSON VIRGINIA","gender":"M","ssn":"047447214","percent":"100","externalId":"JPM0307670"}],"createdAt":"2024-09-30T13:06:50.000Z","updatedAt":"2024-09-30T13:06:56.000Z","systemCreatedDate":null,"systemCreatedDt":null,"systemUpdatedDt":1744623301491,"slaStartDate":null,"etcDate":null,"applicationType":"Digital","caseAdditionalData":[],"deleted":false}</msg>
<arg>Response: ${API_RESPONSE_DISPLAY}</arg>
<arg>INFO</arg>
<doc>Logs the given message with the given level.</doc>
<status status="PASS" start="2025-09-23T12:04:30.921075" elapsed="0.000000"/>
</kw>
<doc>Response: {"id":"CA0000370039","templateId":"681dfd14-b563-4342-acd2-c8a44d8ed09f","carrier":"MASS","process":"Correspondence","parentInstanceId":null,"linkedCases":null,"correlationId":"a9e90cf1-edf3-483a-880a-500f71437036","caseStatus":"IN_PROGRESS","caseResult":null,"caseResultDetail":null,"primary":true,"escalated":false,"linkDetails":{"linkedCaseInstanceId":null,"linkedReason":"Identified by case management"},"processSubType":"Service Form","caseGroup":null,"policyNumber":"5810002532","planCode":"900","productName":"MassMutual Stable Voyage Plus","caseProcessingDetails":[],"documents":[],"exceptions":[],"notes":[],"tasks":[],"mappedTasks":[],"mappedExceptions":[],"mappedDocuments":[],"mappedNotes":null,"identifiers":[{"identifier":"policyNumber","value":"5810002532"},{"identifier":"transactionId","value":"a9e90cf1-edf3-483a-880a-500f71437036"},{"identifier":"zlCaseId","value":"CA0000370039"},{"identifier":"contractNumber","value":"5810002532"}],"additionalData":{"contractStatus":"Active","requestSubType":"Redemption","policyNumber":"5810002532","owners":[{"firstName":"MENACHEM","middleName":"N","lastName":"GARNETTE","ssn":"337020845","fullName":"MENACHEM N GARNETTE"}],"brokerDealerName":"JP MORGAN SECURITIES LLC","productName":"MassMutual Stable Voyage Plus"},"stages":[{"id":"requestAck","label":"Prepare Process Form Request for processing","stageStatus":"COMPLETED","mappedNotes":[],"steps":[{"id":"requestAck.processFormRequestReceived","label":"Received Process Form Request","stepStatus":"COMPLETED","stepResult":null,"eventRef":["62fb7964-3d3e-44fb-a6f3-7c544d932b37"],"updatedAt":"2024-09-30T13:06:50.000Z","tasks":null,"mappedTasks":null,"mappedExceptions":[],"mappedDocuments":null,"mappedNotes":[],"mappedCases":null,"additionalData":{"mailDetails_city":{"label":"City","value":"CONCORD","type":"string"},"mailDetails_addressLine1":{"label":"Address Line1","value":"24 THOMPSON ST","type":"string"},"deliveryMethod":{"label":"Delivery Method","value":"MAIL","type":"string"},"mailDetails_type":{"label":"Mail Type","value":"owner","type":"string"},"transactionType":{"label":"Transaction Type","value":"Redemption","type":"string"},"transactionSubType":{"label":"Transaction SubType","value":"Full Surrender","type":"string"},"mailDetails_lastName":{"label":"Last Name","value":"GARNETTE","type":"string"},"processName":{"label":"Requested Process Name","value":"Service Request Form","type":"string"},"formName":{"label":"Requested Form name","value":"Annuity Full Surrender Request","type":"string"},"mailDetails_state":{"label":"State","value":"NH","type":"string"},"deliveryDate":{"label":"Delivery Date","value":"2024-09-30T13:06:50.391567","type":"string"},"deliveryStatus":{"label":"Delivery Status","value":"Initiated","type":"string"},"mailDetails_firstName":{"label":"First Name","value":"MENACHEM","type":"string"},"mailDetails_zipCode":{"label":"ZIP Code","value":"03301","type":"string"}},"stepAdditionalData":[],"multiInstance":false,"instanceInfo":null,"createdAt":"2024-09-30T13:06:50.000Z"},{"id":"requestAck.processFormRequestProcessing","label":"Processing Form Request","stepStatus":"COMPLETED","stepResult":null,"eventRef":["62fb7964-3d3e-44fb-a6f3-7c544d932b37","d63996f1-4098-41d8-a260-347bbf252107"],"updatedAt":"2024-09-30T13:06:56.000Z","tasks":null,"mappedTasks":null,"mappedExceptions":[],"mappedDocuments":null,"mappedNotes":[],"mappedCases":null,"additionalData":{},"stepAdditionalData":[],"multiInstance":false,"instanceInfo":null,"createdAt":"2024-09-30T13:06:50.000Z"}],"tasks":null,"mappedTasks":null,"createdAt":"2024-09-30T13:06:50.000Z","updatedAt":"2024-09-30T13:06:56.000Z"},{"id":"requestCompletion","label":"Deliver Process Form","stageStatus":"IN_PROGRESS","mappedNotes":[],"steps":[{"id":"RequestCompletion.completeRequest","label":"Create &amp; Send Requested Form","stepStatus":"IN_PROGRESS","stepResult":null,"eventRef":["d63996f1-4098-41d8-a260-347bbf252107"],"updatedAt":"2024-09-30T13:06:56.000Z","tasks":null,"mappedTasks":null,"mappedExceptions":[],"mappedDocuments":null,"mappedNotes":[],"mappedCases":null,"additionalData":{},"stepAdditionalData":[],"multiInstance":false,"instanceInfo":null,"createdAt":"2024-09-30T13:06:56.000Z"},{"id":"RequestCompletion.deliverLetter","label":"Deliver Requested Form","stepStatus":"NOT_STARTED","stepResult":null,"eventRef":[],"updatedAt":"2024-09-30T13:06:50.000Z","tasks":null,"mappedTasks":null,"mappedExceptions":[],"mappedDocuments":null,"mappedNotes":[],"mappedCases":null,"additionalData":{},"stepAdditionalData":[],"multiInstance":false,"instanceInfo":null,"createdAt":"2024-09-30T13:06:50.000Z"}],"tasks":null,"mappedTasks":null,"createdAt":"2024-09-30T13:06:56.000Z","updatedAt":"2024-09-30T13:06:56.000Z"}],"parties":[{"partyRole":"Servicing Agent","partyType":"Individual","firstName":"LAURA","lastName":"HANSON VIRGINIA","fullName":"LAURA  HANSON VIRGINIA","gender":"M","ssn":"047447214","percent":"100","externalId":"JPM0307670"},{"partyRole":"Owner,Primary","partyType":"Individual","firstName":"MENACHEM","middleName":"N","lastName":"GARNETTE","fullName":"MENACHEM N GARNETTE","prefix":"Ms.","gender":"F","ssn":"337020845","percent":"100"},{"partyRole":"Agent,Agent of Record","partyType":"Individual","firstName":"LAURA","lastName":"HANSON VIRGINIA","fullName":"LAURA  HANSON VIRGINIA","gender":"M","ssn":"047447214","percent":"100","externalId":"JPM0307670"}],"createdAt":"2024-09-30T13:06:50.000Z","updatedAt":"2024-09-30T13:06:56.000Z","systemCreatedDate":null,"systemCreatedDt":null,"systemUpdatedDt":1744623301491,"slaStartDate":null,"etcDate":null,"applicationType":"Digital","caseAdditionalData":[],"deleted":false}</doc>
<status status="PASS" start="2025-09-23T12:04:30.920066" elapsed="0.004033"/>
</kw>
<kw name="Step: Completed API">
<kw name="Log To Console" owner="BuiltIn">
<arg>=== Completed: ${api_name} ===</arg>
<doc>Logs the given message to the console.</doc>
<status status="PASS" start="2025-09-23T12:04:30.925030" elapsed="0.000000"/>
</kw>
<kw name="Log" owner="BuiltIn">
<msg time="2025-09-23T12:04:30.925030" level="INFO">=== Completed: Get Case Details ===</msg>
<arg>=== Completed: ${api_name} ===</arg>
<arg>INFO</arg>
<doc>Logs the given message with the given level.</doc>
<status status="PASS" start="2025-09-23T12:04:30.925030" elapsed="0.000000"/>
</kw>
<arg>Get Case Details</arg>
<doc>=== Completed: ${api_name} ===</doc>
<status status="PASS" start="2025-09-23T12:04:30.925030" elapsed="0.002999"/>
</kw>
<doc>Execute Get Case Details</doc>
<status status="PASS" start="2025-09-23T12:04:29.417740" elapsed="1.510289"/>
</test>
<doc>Dynamic API Tests - Auto-generated for selected APIs</doc>
<status status="PASS" start="2025-09-23T12:04:27.897165" elapsed="3.039866"/>
</suite>
<statistics>
<total>
<stat pass="1" fail="0" skip="0">All Tests</stat>
</total>
<tag>
</tag>
<suite>
<stat pass="1" fail="0" skip="0" id="s1" name="Dynamic Api Tests">Dynamic Api Tests</stat>
</suite>
</statistics>
<errors>
<msg time="2025-09-23T12:04:27.890163" level="ERROR">Taking listener 'allure_console_listener.AllureConsoleListener:results/run_20250923_120427\allure-results' into use failed: Importing listener 'allure_console_listener.AllureConsoleListener' failed: ModuleNotFoundError: No module named 'allure_console_listener'
Traceback (most recent call last):
  None
PYTHONPATH:
  C:\Program Files\Python312\Scripts\robot.exe
  c:\Users\sharmash\Downloads\QAS-ZinniaLive-AutomationTesting (1)\QAS-ZinniaLive-AutomationTesting
  C:\Users\sharmash\automation-framwork\%PYTHONPATH%
  C:\Program Files\Python312\python312.zip
  C:\Program Files\Python312\DLLs
  C:\Program Files\Python312\Lib
  C:\Program Files\Python312
  C:\Users\sharmash\AppData\Roaming\Python\Python312\site-packages
  C:\Users\sharmash\AppData\Roaming\Python\Python312\site-packages\win32
  C:\Users\sharmash\AppData\Roaming\Python\Python312\site-packages\win32\lib
  C:\Users\sharmash\AppData\Roaming\Python\Python312\site-packages\Pythonwin
  C:\Program Files\Python312\Lib\site-packages</msg>
<msg time="2025-09-23T12:04:27.893164" level="ERROR">Taking listener 'DebugLibrary' into use failed: Importing listener 'DebugLibrary' failed: ModuleNotFoundError: No module named 'DebugLibrary'
Traceback (most recent call last):
  None
PYTHONPATH:
  C:\Program Files\Python312\Scripts\robot.exe
  c:\Users\sharmash\Downloads\QAS-ZinniaLive-AutomationTesting (1)\QAS-ZinniaLive-AutomationTesting
  C:\Users\sharmash\automation-framwork\%PYTHONPATH%
  C:\Program Files\Python312\python312.zip
  C:\Program Files\Python312\DLLs
  C:\Program Files\Python312\Lib
  C:\Program Files\Python312
  C:\Users\sharmash\AppData\Roaming\Python\Python312\site-packages
  C:\Users\sharmash\AppData\Roaming\Python\Python312\site-packages\win32
  C:\Users\sharmash\AppData\Roaming\Python\Python312\site-packages\win32\lib
  C:\Users\sharmash\AppData\Roaming\Python\Python312\site-packages\Pythonwin
  C:\Program Files\Python312\Lib\site-packages</msg>
</errors>
</robot>
