<?xml version="1.0" encoding="UTF-8"?>
<robot generator="Robot 7.0.1 (Python 3.12.1 on win32)" generated="2025-09-22T10:37:21.393415" rpa="false" schemaversion="5">
<suite id="s1" name="Transaction Onboarding Regression Suite" source="C:\Users\sharmash\automation-framwork\tests\api\transaction_onboarding_regression_suite.robot">
<kw name="Filter Test Date By Execution Flag" owner="ExcelUtils" type="SETUP">
<msg time="2025-09-22T10:37:35.908494" level="INFO">Filtered data (execution_flag == 'YES') written below existing headers in 'output'.</msg>
<status status="PASS" start="2025-09-22T10:37:28.392606" elapsed="7.515888"/>
</kw>
<test id="s1-t1" name="Perform Systematic Premium Setup Process for client Everly testID: TC_015" line="16">
<kw name="Add Project Root To Python Path" type="SETUP">
<kw name="Normalize Path" owner="OperatingSystem">
<msg time="2025-09-22T10:37:35.914509" level="INFO">${project_root} = C:\Users\sharmash\automation-framwork</msg>
<var>${project_root}</var>
<arg>C:\\Users\\sharmash\\automation-framwork\\tests\\api/../../</arg>
<doc>Normalizes the given path.</doc>
<status status="PASS" start="2025-09-22T10:37:35.914509" elapsed="0.000000"/>
</kw>
<kw name="Evaluate" owner="BuiltIn">
<arg>sys.path.insert(0, r'${project_root}')</arg>
<arg>sys</arg>
<doc>Evaluates the given expression in Python and returns the result.</doc>
<status status="PASS" start="2025-09-22T10:37:35.917504" elapsed="0.001001"/>
</kw>
<status status="PASS" start="2025-09-22T10:37:35.913518" elapsed="0.004987"/>
</kw>
<kw name="Perform Transaction Onboarding Automation Flow">
<kw name="Transaction Onboarding Automation Process">
<kw name="Transaction Onboarding Automation Flow Until Lifecycle Completion" owner="ZinniaLive">
<msg time="2025-09-22T10:37:35.923506" level="INFO">Executing Systematic Premium Setup until lifecycle completion only</msg>
<msg time="2025-09-22T10:37:35.923506" level="INFO">Perform Policy Creation Process</msg>
<msg time="2025-09-22T10:37:35.923506" level="INFO">-----------------------------------------------------------</msg>
<msg time="2025-09-22T10:37:35.923506" level="INFO">Opening browser 'chrome' to base url 'https://qa-zahara-ui.zinnia.io/#/app/policy'.</msg>
<msg time="2025-09-22T10:37:43.034488" level="INFO">Typing text 'kapil.suthar@zinnia.com' into text field '//input[@id='username']'.</msg>
<msg time="2025-09-22T10:37:43.210228" level="INFO">Clicking element '//button[@type='submit']'.</msg>
<msg time="2025-09-22T10:37:49.110984" level="INFO">Typing text 'Nescafe@234568' into text field '//input[@type='password']'.</msg>
<msg time="2025-09-22T10:37:49.262871" level="INFO">Clicking element '//input[@type='submit']'.</msg>
<msg time="2025-09-22T10:38:18.758795" level="INFO">Policy has been uploaded successfully on Zahara</msg>
<msg time="2025-09-22T10:38:26.802790" level="INFO">Clicking element '//button[normalize-space()='Refresh']'.</msg>
<msg time="2025-09-22T10:38:43.477203" level="INFO">Typing text 'ZLC1907600' into text field '//input[@type='search']'.</msg>
<msg time="2025-09-22T10:38:44.290699" level="INFO">Clicking element '//div[contains(text(),'ZLC1907600')]'.</msg>
<msg time="2025-09-22T10:38:44.920650" level="INFO">Clicking element '//button[@id='policy-tab-transSummary']'.</msg>
<msg time="2025-09-22T10:38:56.188158" level="INFO">Lifecycle executed successfully: {"message": "SUCCESS", "status": 201}</msg>
<msg time="2025-09-22T10:40:06.238640" level="FAIL">Element '//*[@id='root']/div/div[2]/div/div[1]/div[1]/div[3]/div[2]/button' not visible after 1 minute.</msg>
<arg>${automation_flow}</arg>
<arg>${old_xml_file_name}</arg>
<arg>${manage_autopay_contract_number}</arg>
<arg>${payee_name}</arg>
<arg>${expected_policy_status}</arg>
<arg>${start_loan_amount}</arg>
<arg>${loan_autopay_amount}</arg>
<arg>${Payment_frequency}</arg>
<arg>${loan_repayment_amount}</arg>
<arg>${payment_mode}</arg>
<arg>${fund_allocation_type}</arg>
<arg>${expected_account_name}</arg>
<arg>${expected_account_number}</arg>
<arg>${loan_manage_autopay_amount}</arg>
<arg>${Manage_payment_frequency}</arg>
<arg>${fix_fund_allocation_percent}</arg>
<arg>${cap_account_allocation_percent}</arg>
<arg>${participation_rate_allocation_percent}</arg>
<arg>${client_name}</arg>
<arg>${client_plan_code}</arg>
<arg>${transfer_amount}</arg>
<arg>${systematic_withdrawal_and_rmd_amount}</arg>
<arg>${systematic_premium_update_amount}</arg>
<arg>${systematic_withdrawal_update_amount}</arg>
<arg>${systematic_rmd_update_amount}</arg>
<arg>${preferred_communication}</arg>
<status status="FAIL" start="2025-09-22T10:37:35.922509" elapsed="150.325136">Element '//*[@id='root']/div/div[2]/div/div[1]/div[1]/div[3]/div[2]/button' not visible after 1 minute.</status>
</kw>
<arg>${automation_flow}</arg>
<arg>${old_xml_file_name}</arg>
<arg>${manage_autopay_contract_number}</arg>
<arg>${payee_name}</arg>
<arg>${expected_policy_status}</arg>
<arg>${start_loan_amount}</arg>
<arg>${loan_autopay_amount}</arg>
<arg>${Payment_frequency}</arg>
<arg>${loan_repayment_amount}</arg>
<arg>${payment_mode}</arg>
<arg>${fund_allocation_type}</arg>
<arg>${expected_account_name}</arg>
<arg>${expected_account_number}</arg>
<arg>${loan_manage_autopay_amount}</arg>
<arg>${Manage_payment_frequency}</arg>
<arg>${fix_fund_allocation_percent}</arg>
<arg>${cap_account_allocation_percent}</arg>
<arg>${participation_rate_allocation_percent}</arg>
<arg>${client_name}</arg>
<arg>${client_plan_code}</arg>
<arg>${transfer_amount}</arg>
<arg>${systematic_withdrawal_and_rmd_amount}</arg>
<arg>${systematic_premium_update_amount}</arg>
<arg>${systematic_withdrawal_update_amount}</arg>
<arg>${systematic_rmd_update_amount}</arg>
<arg>${preferred_communication}</arg>
<status status="FAIL" start="2025-09-22T10:37:35.920513" elapsed="150.331130">Element '//*[@id='root']/div/div[2]/div/div[1]/div[1]/div[3]/div[2]/button' not visible after 1 minute.</status>
</kw>
<arg>('TestId', 'TC_015')</arg>
<arg>('automation_flow', 'Systematic Premium Setup')</arg>
<arg>('client_name', 'Everly')</arg>
<arg>('client_plan_code', 'ELIULV01')</arg>
<arg>('old_xml_file_name', 'ZLC1230196')</arg>
<arg>('manage_autopay_contract_number', '')</arg>
<arg>('payee_name', '')</arg>
<arg>('expected_policy_status', 'ACTIVE')</arg>
<arg>('start_loan_amount', '')</arg>
<arg>('loan_repayment_amount', '')</arg>
<arg>('loan_autopay_amount', '')</arg>
<arg>('loan_manage_autopay_amount', '')</arg>
<arg>('systematic_premium_update_amount', '')</arg>
<arg>('systematic_withdrawal_update_amount', '')</arg>
<arg>('systematic_rmd_update_amount', '')</arg>
<arg>('Payment_frequency', '')</arg>
<arg>('Manage_payment_frequency', '')</arg>
<arg>('payment_mode', '')</arg>
<arg>('fund_allocation_type', '')</arg>
<arg>('expected_account_name', '')</arg>
<arg>('expected_account_number', '')</arg>
<arg>('fix_fund_allocation_percent', '')</arg>
<arg>('cap_account_allocation_percent', '')</arg>
<arg>('participation_rate_allocation_percent', '')</arg>
<arg>('transfer_amount', '')</arg>
<arg>('systematic_withdrawal_and_rmd_amount', '')</arg>
<arg>('preferred_communication', '')</arg>
<status status="FAIL" start="2025-09-22T10:37:35.919523" elapsed="150.332120">Element '//*[@id='root']/div/div[2]/div/div[1]/div[1]/div[3]/div[2]/button' not visible after 1 minute.</status>
</kw>
<status status="FAIL" start="2025-09-22T10:37:35.911470" elapsed="150.341173">Element '//*[@id='root']/div/div[2]/div/div[1]/div[1]/div[3]/div[2]/button' not visible after 1 minute.</status>
</test>
<meta name="Environment">dev</meta>
<meta name="Test_Suite">transaction_onboarding_regression_suite.robot</meta>
<meta name="Test_Type">smoke</meta>
<status status="FAIL" start="2025-09-22T10:37:21.515417" elapsed="164.743226"/>
</suite>
<statistics>
<total>
<stat pass="0" fail="1" skip="0">All Tests</stat>
</total>
<tag>
</tag>
<suite>
<stat pass="0" fail="1" skip="0" id="s1" name="Transaction Onboarding Regression Suite">Transaction Onboarding Regression Suite</stat>
</suite>
</statistics>
<errors>
<msg time="2025-09-22T10:37:21.503523" level="ERROR">Taking listener 'allure_console_listener.AllureConsoleListener:results/run_20250922_103720\allure-results' into use failed: Importing listener 'allure_console_listener.AllureConsoleListener' failed: ModuleNotFoundError: No module named 'allure_console_listener'
Traceback (most recent call last):
  None
PYTHONPATH:
  C:\Program Files\Python312\Scripts\robot.exe
  c:\Users\sharmash\Downloads\QAS-ZinniaLive-AutomationTesting (1)\QAS-ZinniaLive-AutomationTesting
  C:\Users\sharmash\automation-framwork\%PYTHONPATH%
  C:\Program Files\Python312\python312.zip
  C:\Program Files\Python312\DLLs
  C:\Program Files\Python312\Lib
  C:\Program Files\Python312
  C:\Users\sharmash\AppData\Roaming\Python\Python312\site-packages
  C:\Users\sharmash\AppData\Roaming\Python\Python312\site-packages\win32
  C:\Users\sharmash\AppData\Roaming\Python\Python312\site-packages\win32\lib
  C:\Users\sharmash\AppData\Roaming\Python\Python312\site-packages\Pythonwin
  C:\Program Files\Python312\Lib\site-packages</msg>
<msg time="2025-09-22T10:37:21.507520" level="ERROR">Taking listener 'DebugLibrary' into use failed: Importing listener 'DebugLibrary' failed: ModuleNotFoundError: No module named 'DebugLibrary'
Traceback (most recent call last):
  None
PYTHONPATH:
  C:\Program Files\Python312\Scripts\robot.exe
  c:\Users\sharmash\Downloads\QAS-ZinniaLive-AutomationTesting (1)\QAS-ZinniaLive-AutomationTesting
  C:\Users\sharmash\automation-framwork\%PYTHONPATH%
  C:\Program Files\Python312\python312.zip
  C:\Program Files\Python312\DLLs
  C:\Program Files\Python312\Lib
  C:\Program Files\Python312
  C:\Users\sharmash\AppData\Roaming\Python\Python312\site-packages
  C:\Users\sharmash\AppData\Roaming\Python\Python312\site-packages\win32
  C:\Users\sharmash\AppData\Roaming\Python\Python312\site-packages\win32\lib
  C:\Users\sharmash\AppData\Roaming\Python\Python312\site-packages\Pythonwin
  C:\Program Files\Python312\Lib\site-packages</msg>
</errors>
</robot>
