<?xml version="1.0" encoding="UTF-8"?>
<robot generator="Robot 7.3.2 (Python 3.12.1 on win32)" generated="2025-09-22T10:21:38.747466" rpa="false" schemaversion="5">
<suite id="s1" name="Automation-Framwork" source="C:\Users\sharmash\automation-framwork">
<suite id="s1-s1" name="Tests" source="C:\Users\sharmash\automation-framwork\tests">
<suite id="s1-s1-s1" name="Api" source="C:\Users\sharmash\automation-framwork\tests\api">
<suite id="s1-s1-s1-s1" name="Transaction Onboarding Regression Suite" source="C:\Users\sharmash\automation-framwork\tests\api\transaction_onboarding_regression_suite.robot">
<kw name="Filter Test Date By Execution Flag" owner="ExcelUtils" type="SETUP">
<msg time="2025-09-22T10:21:52.958330" level="INFO">Filtered data (execution_flag == 'YES') written below existing headers in 'output'.</msg>
<status status="PASS" start="2025-09-22T10:21:45.236093" elapsed="7.723286"/>
</kw>
<test id="s1-s1-s1-s1-t1" name="Perform ${automation_flow} Process for client ${client_name} testID: ${TestId}" line="15">
<kw name="Add Project Root To Python Path" type="SETUP">
<kw name="Normalize Path" owner="OperatingSystem">
<msg time="2025-09-22T10:21:52.976371" level="INFO">${project_root} = C:\Users\sharmash\automation-framwork</msg>
<var>${project_root}</var>
<arg>C:\\Users\\sharmash\\automation-framwork\\tests\\api/../../</arg>
<doc>Normalizes the given path.</doc>
<status status="PASS" start="2025-09-22T10:21:52.975371" elapsed="0.001000"/>
</kw>
<kw name="Evaluate" owner="BuiltIn">
<arg>sys.path.insert(0, r'${project_root}')</arg>
<arg>sys</arg>
<doc>Evaluates the given expression in Python and returns the result.</doc>
<status status="PASS" start="2025-09-22T10:21:52.977373" elapsed="0.001957"/>
</kw>
<status status="PASS" start="2025-09-22T10:21:52.974330" elapsed="0.006001"/>
</kw>
<kw name="Perform Transaction Onboarding Automation Flow">
<msg time="2025-09-22T10:21:52.998334" level="FAIL">No keyword with name 'Perform Transaction Onboarding Automation Flow' found. Did you mean:
    ZinniaLive.Transaction Onboarding Automation Flow</msg>
<arg>default_testid</arg>
<arg>default_flow</arg>
<arg>default_client</arg>
<arg>default_plan</arg>
<arg>default_xml</arg>
<arg>default_contract</arg>
<arg>default_payee</arg>
<arg>default_status</arg>
<arg>default_loan</arg>
<arg>default_repay</arg>
<arg>default_autopay</arg>
<arg>default_manage</arg>
<arg>default_premium</arg>
<arg>default_withdraw</arg>
<arg>default_rmd</arg>
<arg>default_freq1</arg>
<arg>default_freq2</arg>
<arg>default_mode</arg>
<arg>default_fund</arg>
<arg>default_account1</arg>
<arg>default_account2</arg>
<arg>default_fix</arg>
<arg>default_cap</arg>
<arg>default_participation</arg>
<arg>default_transfer</arg>
<arg>default_systematic</arg>
<arg>default_communication</arg>
<status status="FAIL" start="2025-09-22T10:21:52.986330" elapsed="0.025000">No keyword with name 'Perform Transaction Onboarding Automation Flow' found. Did you mean:
    ZinniaLive.Transaction Onboarding Automation Flow</status>
</kw>
<status status="FAIL" start="2025-09-22T10:21:52.963331" elapsed="0.051103">No keyword with name 'Perform Transaction Onboarding Automation Flow' found. Did you mean:
    ZinniaLive.Transaction Onboarding Automation Flow</status>
</test>
<status status="FAIL" start="2025-09-22T10:21:38.951068" elapsed="14.092346"/>
</suite>
<status status="FAIL" start="2025-09-22T10:21:38.929065" elapsed="14.130381"/>
</suite>
<status status="FAIL" start="2025-09-22T10:21:38.898468" elapsed="14.172864"/>
</suite>
<status status="FAIL" start="2025-09-22T10:21:38.772467" elapsed="14.312863"/>
</suite>
<statistics>
<total>
<stat pass="0" fail="1" skip="0">All Tests</stat>
</total>
<tag>
</tag>
<suite>
<stat name="Automation-Framwork" id="s1" pass="0" fail="1" skip="0">Automation-Framwork</stat>
<stat name="Tests" id="s1-s1" pass="0" fail="1" skip="0">Automation-Framwork.Tests</stat>
<stat name="Api" id="s1-s1-s1" pass="0" fail="1" skip="0">Automation-Framwork.Tests.Api</stat>
<stat name="Transaction Onboarding Regression Suite" id="s1-s1-s1-s1" pass="0" fail="1" skip="0">Automation-Framwork.Tests.Api.Transaction Onboarding Regression Suite</stat>
</suite>
</statistics>
<errors>
<msg time="2025-09-22T10:21:45.168217" level="ERROR">[ DataDriver ] Error in robot file:
  File "C:\Users\sharmash\automation-framwork\tests\api\transaction_onboarding_regression_suite.robot", line 0</msg>
<msg time="2025-09-22T10:21:45.188848" level="ERROR">In source file:
  File "\\sbgcommon\SYS\DEPTS\SE2\Delivery Quality\Automation DQ\ZLCM\Data\Testdata\transaction_onboarding.xlsx", line 0</msg>
<msg time="2025-09-22T10:21:45.206849" level="ERROR">Calling method '_start_suite' of listener 'DataDriver' failed: AttributeError: No "Test Template" keyword found for first test case.</msg>
</errors>
</robot>
